2020-04-04 11:11:17.501 [main] INFO  org.jeecg.JeecgApplication:50 - Starting JeecgApplication on LAPTOP-NFCJQSOI with PID 21064 (started by 123 in F:\毕业设计\exam_system\jeecg-boot)
2020-04-04 11:11:17.507 [main] INFO  org.jeecg.JeecgApplication:679 - The following profiles are active: dev
2020-04-04 11:11:22.438 [main] INFO  o.s.d.r.config.RepositoryConfigurationDelegate:244 - Multiple Spring Data modules found, entering strict repository configuration mode!
2020-04-04 11:11:22.444 [main] INFO  o.s.d.r.config.RepositoryConfigurationDelegate:126 - Bootstrapping Spring Data repositories in DEFAULT mode.
2020-04-04 11:11:22.584 [main] INFO  o.s.d.r.config.RepositoryConfigurationDelegate:182 - Finished Spring Data repository scanning in 112ms. Found 0 repository interfaces.
2020-04-04 11:11:23.264 [main] INFO  o.s.c.s.PostProcessorRegistrationDelegate$BeanPostProcessorChecker:330 - Bean 'shiroConfig' of type [org.jeecg.config.ShiroConfig$$EnhancerBySpringCGLIB$$b22c65b8] is not eligible for getting processed by all BeanPostProcessors (for example: not eligible for auto-proxying)
2020-04-04 11:11:23.406 [main] INFO  o.s.c.s.PostProcessorRegistrationDelegate$BeanPostProcessorChecker:330 - Bean 'shiroRealm' of type [org.jeecg.modules.shiro.authc.ShiroRealm] is not eligible for getting processed by all BeanPostProcessors (for example: not eligible for auto-proxying)
2020-04-04 11:11:24.809 [main] INFO  o.s.c.s.PostProcessorRegistrationDelegate$BeanPostProcessorChecker:330 - Bean 'securityManager' of type [org.apache.shiro.web.mgt.DefaultWebSecurityManager] is not eligible for getting processed by all BeanPostProcessors (for example: not eligible for auto-proxying)
2020-04-04 11:11:24.858 [main] INFO  o.s.c.s.PostProcessorRegistrationDelegate$BeanPostProcessorChecker:330 - Bean 'authorizationAttributeSourceAdvisor' of type [org.apache.shiro.spring.security.interceptor.AuthorizationAttributeSourceAdvisor] is not eligible for getting processed by all BeanPostProcessors (for example: not eligible for auto-proxying)
2020-04-04 11:11:24.963 [main] INFO  o.s.c.s.PostProcessorRegistrationDelegate$BeanPostProcessorChecker:330 - Bean 'org.springframework.transaction.annotation.ProxyTransactionManagementConfiguration' of type [org.springframework.transaction.annotation.ProxyTransactionManagementConfiguration$$EnhancerBySpringCGLIB$$9226fc22] is not eligible for getting processed by all BeanPostProcessors (for example: not eligible for auto-proxying)
2020-04-04 11:11:25.201 [main] INFO  o.s.c.s.PostProcessorRegistrationDelegate$BeanPostProcessorChecker:330 - Bean 'spring.datasource.dynamic-com.baomidou.dynamic.datasource.spring.boot.autoconfigure.DynamicDataSourceProperties' of type [com.baomidou.dynamic.datasource.spring.boot.autoconfigure.DynamicDataSourceProperties] is not eligible for getting processed by all BeanPostProcessors (for example: not eligible for auto-proxying)
2020-04-04 11:11:25.209 [main] INFO  o.s.c.s.PostProcessorRegistrationDelegate$BeanPostProcessorChecker:330 - Bean 'com.baomidou.dynamic.datasource.spring.boot.autoconfigure.DynamicDataSourceAutoConfiguration' of type [com.baomidou.dynamic.datasource.spring.boot.autoconfigure.DynamicDataSourceAutoConfiguration$$EnhancerBySpringCGLIB$$fbb56cf3] is not eligible for getting processed by all BeanPostProcessors (for example: not eligible for auto-proxying)
2020-04-04 11:11:25.229 [main] INFO  o.s.c.s.PostProcessorRegistrationDelegate$BeanPostProcessorChecker:330 - Bean 'dsProcessor' of type [com.baomidou.dynamic.datasource.processor.DsHeaderProcessor] is not eligible for getting processed by all BeanPostProcessors (for example: not eligible for auto-proxying)
2020-04-04 11:11:25.240 [main] INFO  o.s.c.s.PostProcessorRegistrationDelegate$BeanPostProcessorChecker:330 - Bean 'dynamicDatasourceAnnotationAdvisor' of type [com.baomidou.dynamic.datasource.aop.DynamicDataSourceAnnotationAdvisor] is not eligible for getting processed by all BeanPostProcessors (for example: not eligible for auto-proxying)
2020-04-04 11:11:25.283 [main] INFO  o.s.c.s.PostProcessorRegistrationDelegate$BeanPostProcessorChecker:330 - Bean 'spring.redis-org.springframework.boot.autoconfigure.data.redis.RedisProperties' of type [org.springframework.boot.autoconfigure.data.redis.RedisProperties] is not eligible for getting processed by all BeanPostProcessors (for example: not eligible for auto-proxying)
2020-04-04 11:11:25.298 [main] INFO  o.s.c.s.PostProcessorRegistrationDelegate$BeanPostProcessorChecker:330 - Bean 'org.springframework.boot.autoconfigure.data.redis.LettuceConnectionConfiguration' of type [org.springframework.boot.autoconfigure.data.redis.LettuceConnectionConfiguration$$EnhancerBySpringCGLIB$$a740ba6c] is not eligible for getting processed by all BeanPostProcessors (for example: not eligible for auto-proxying)
2020-04-04 11:11:25.482 [main] INFO  o.s.c.s.PostProcessorRegistrationDelegate$BeanPostProcessorChecker:330 - Bean 'lettuceClientResources' of type [io.lettuce.core.resource.DefaultClientResources] is not eligible for getting processed by all BeanPostProcessors (for example: not eligible for auto-proxying)
2020-04-04 11:11:25.627 [main] INFO  o.s.c.s.PostProcessorRegistrationDelegate$BeanPostProcessorChecker:330 - Bean 'redisConnectionFactory' of type [org.springframework.data.redis.connection.lettuce.LettuceConnectionFactory] is not eligible for getting processed by all BeanPostProcessors (for example: not eligible for auto-proxying)
2020-04-04 11:11:25.668 [main] INFO  o.s.c.s.PostProcessorRegistrationDelegate$BeanPostProcessorChecker:330 - Bean 'redisConfig' of type [org.jeecg.config.RedisConfig$$EnhancerBySpringCGLIB$$fcfaed02] is not eligible for getting processed by all BeanPostProcessors (for example: not eligible for auto-proxying)
2020-04-04 11:11:25.750 [main] INFO  o.s.c.s.PostProcessorRegistrationDelegate$BeanPostProcessorChecker:330 - Bean 'org.apache.shiro.spring.boot.autoconfigure.ShiroBeanAutoConfiguration' of type [org.apache.shiro.spring.boot.autoconfigure.ShiroBeanAutoConfiguration$$EnhancerBySpringCGLIB$$a53fd9d2] is not eligible for getting processed by all BeanPostProcessors (for example: not eligible for auto-proxying)
2020-04-04 11:11:25.765 [main] INFO  o.s.c.s.PostProcessorRegistrationDelegate$BeanPostProcessorChecker:330 - Bean 'eventBus' of type [org.apache.shiro.event.support.DefaultEventBus] is not eligible for getting processed by all BeanPostProcessors (for example: not eligible for auto-proxying)
2020-04-04 11:11:26.946 [main] INFO  o.s.boot.web.embedded.tomcat.TomcatWebServer:90 - Tomcat initialized with port(s): 8080 (http)
2020-04-04 11:11:26.984 [main] INFO  org.apache.coyote.http11.Http11NioProtocol:173 - Initializing ProtocolHandler ["http-nio-8080"]
2020-04-04 11:11:27.006 [main] INFO  org.apache.catalina.core.StandardService:173 - Starting service [Tomcat]
2020-04-04 11:11:27.006 [main] INFO  org.apache.catalina.core.StandardEngine:173 - Starting Servlet engine: [Apache Tomcat/9.0.16]
2020-04-04 11:11:27.017 [main] INFO  org.apache.catalina.core.AprLifecycleListener:173 - Loaded APR based Apache Tomcat Native library [1.2.21] using APR version [1.6.5].
2020-04-04 11:11:27.018 [main] INFO  org.apache.catalina.core.AprLifecycleListener:173 - APR capabilities: IPv6 [true], sendfile [true], accept filters [false], random [true].
2020-04-04 11:11:27.019 [main] INFO  org.apache.catalina.core.AprLifecycleListener:173 - APR/OpenSSL configuration: useAprConnector [false], useOpenSSL [true]
2020-04-04 11:11:27.028 [main] INFO  org.apache.catalina.core.AprLifecycleListener:173 - OpenSSL successfully initialized [OpenSSL 1.1.1a  20 Nov 2018]
2020-04-04 11:11:27.459 [main] INFO  o.a.c.c.C.[Tomcat].[localhost].[/web-api]:173 - Initializing Spring embedded WebApplicationContext
2020-04-04 11:11:27.460 [main] INFO  org.springframework.web.context.ContextLoader:296 - Root WebApplicationContext: initialization completed in 9821 ms
2020-04-04 11:11:28.280 [main] INFO  c.b.dynamic.datasource.DynamicDataSourceCreator:109 - 动态数据源-检测到druid存在,如配置中未指定type,druid会默认配置
2020-04-04 11:11:28.708 [main] INFO  com.alibaba.druid.pool.DruidDataSource:930 - {dataSource-1,master} inited
2020-04-04 11:11:28.709 [main] INFO  c.b.dynamic.datasource.DynamicRoutingDataSource:189 - 初始共加载 1 个数据源
2020-04-04 11:11:28.710 [main] INFO  c.b.dynamic.datasource.DynamicRoutingDataSource:135 - 动态数据源-加载 master 成功
2020-04-04 11:11:28.710 [main] INFO  c.b.dynamic.datasource.DynamicRoutingDataSource:198 - 当前的默认数据源是单数据源，数据源名为 master
2020-04-04 11:11:31.515 [main] WARN  c.b.mybatisplus.core.toolkit.TableInfoHelper:250 - Warn: Could not find @TableId in Class: org.jeecg.modules.exam.entity.Session.
2020-04-04 11:11:37.171 [main] INFO  org.quartz.impl.StdSchedulerFactory:1208 - Using default implementation for ThreadExecutor
2020-04-04 11:11:37.362 [main] INFO  org.quartz.core.SchedulerSignalerImpl:61 - Initialized Scheduler Signaller of type: class org.quartz.core.SchedulerSignalerImpl
2020-04-04 11:11:37.363 [main] INFO  org.quartz.core.QuartzScheduler:229 - Quartz Scheduler v.2.3.0 created.
2020-04-04 11:11:37.369 [main] INFO  o.s.scheduling.quartz.LocalDataSourceJobStore:672 - Using db table-based data access locking (synchronization).
2020-04-04 11:11:37.373 [main] INFO  o.s.scheduling.quartz.LocalDataSourceJobStore:145 - JobStoreCMT initialized.
2020-04-04 11:11:37.375 [main] INFO  org.quartz.core.QuartzScheduler:294 - Scheduler meta-data: Quartz Scheduler (v2.3.0) 'quartzScheduler' with instanceId 'NON_CLUSTERED'
  Scheduler class: 'org.quartz.core.QuartzScheduler' - running locally.
  NOT STARTED.
  Currently in standby mode.
  Number of jobs executed: 0
  Using thread pool 'org.quartz.simpl.SimpleThreadPool' - with 10 threads.
  Using job-store 'org.springframework.scheduling.quartz.LocalDataSourceJobStore' - which supports persistence. and is not clustered.

2020-04-04 11:11:37.376 [main] INFO  org.quartz.impl.StdSchedulerFactory:1362 - Quartz scheduler 'quartzScheduler' initialized from an externally provided properties instance.
2020-04-04 11:11:37.376 [main] INFO  org.quartz.impl.StdSchedulerFactory:1366 - Quartz scheduler version: 2.3.0
2020-04-04 11:11:37.377 [main] INFO  org.quartz.core.QuartzScheduler:2287 - JobFactory set to: org.springframework.scheduling.quartz.SpringBeanJobFactory@3cf1b5fb
2020-04-04 11:11:41.371 [main] INFO  o.s.b.actuate.endpoint.web.EndpointLinksResolver:59 - Exposing 2 endpoint(s) beneath base path '/actuator'
2020-04-04 11:11:41.793 [main] INFO  s.d.s.w.PropertySourcedRequestMappingHandlerMapping:69 - Mapped URL path [/v2/api-docs] onto method [public org.springframework.http.ResponseEntity<springfox.documentation.spring.web.json.Json> springfox.documentation.swagger2.web.Swagger2Controller.getDocumentation(java.lang.String,javax.servlet.http.HttpServletRequest)]
2020-04-04 11:11:42.582 [main] INFO  o.s.scheduling.concurrent.ThreadPoolTaskExecutor:171 - Initializing ExecutorService 'applicationTaskExecutor'
2020-04-04 11:11:45.075 [main] INFO  s.d.s.web.plugins.DocumentationPluginsBootstrapper:160 - Context refreshed
2020-04-04 11:11:45.141 [main] INFO  s.d.s.web.plugins.DocumentationPluginsBootstrapper:163 - Found 1 custom documentation plugin(s)
2020-04-04 11:11:45.214 [main] INFO  s.d.spring.web.scanners.ApiListingReferenceScanner:41 - Scanning for api listing references
2020-04-04 11:11:45.580 [main] INFO  s.d.s.w.r.operation.CachingOperationNameGenerator:40 - Generating unique operation named: addUsingPOST_1
2020-04-04 11:11:45.584 [main] INFO  s.d.s.w.r.operation.CachingOperationNameGenerator:40 - Generating unique operation named: deleteUsingDELETE_1
2020-04-04 11:11:45.589 [main] INFO  s.d.s.w.r.operation.CachingOperationNameGenerator:40 - Generating unique operation named: deleteBatchUsingDELETE_1
2020-04-04 11:11:45.622 [main] INFO  s.d.s.w.r.operation.CachingOperationNameGenerator:40 - Generating unique operation named: queryByIdUsingGET_1
2020-04-04 11:11:45.648 [main] INFO  s.d.s.w.r.operation.CachingOperationNameGenerator:40 - Generating unique operation named: addUsingPOST_2
2020-04-04 11:11:45.652 [main] INFO  s.d.s.w.r.operation.CachingOperationNameGenerator:40 - Generating unique operation named: deleteUsingDELETE_2
2020-04-04 11:11:45.655 [main] INFO  s.d.s.w.r.operation.CachingOperationNameGenerator:40 - Generating unique operation named: deleteBatchUsingDELETE_2
2020-04-04 11:11:45.658 [main] INFO  s.d.s.w.r.operation.CachingOperationNameGenerator:40 - Generating unique operation named: editUsingPUT_1
2020-04-04 11:11:45.661 [main] INFO  s.d.s.w.r.operation.CachingOperationNameGenerator:40 - Generating unique operation named: queryByIdUsingGET_2
2020-04-04 11:11:45.674 [main] INFO  s.d.s.w.r.operation.CachingOperationNameGenerator:40 - Generating unique operation named: queryPageListUsingGET_1
2020-04-04 11:11:45.685 [main] INFO  s.d.s.w.r.operation.CachingOperationNameGenerator:40 - Generating unique operation named: addUsingPOST_3
2020-04-04 11:11:45.690 [main] INFO  s.d.s.w.r.operation.CachingOperationNameGenerator:40 - Generating unique operation named: deleteUsingDELETE_3
2020-04-04 11:11:45.693 [main] INFO  s.d.s.w.r.operation.CachingOperationNameGenerator:40 - Generating unique operation named: deleteBatchUsingDELETE_3
2020-04-04 11:11:45.696 [main] INFO  s.d.s.w.r.operation.CachingOperationNameGenerator:40 - Generating unique operation named: editUsingPUT_2
2020-04-04 11:11:45.699 [main] INFO  s.d.s.w.r.operation.CachingOperationNameGenerator:40 - Generating unique operation named: queryByIdUsingGET_3
2020-04-04 11:11:45.714 [main] INFO  s.d.s.w.r.operation.CachingOperationNameGenerator:40 - Generating unique operation named: queryPageListUsingGET_2
2020-04-04 11:11:45.753 [main] INFO  s.d.s.w.r.operation.CachingOperationNameGenerator:40 - Generating unique operation named: addUsingPOST_4
2020-04-04 11:11:45.758 [main] INFO  s.d.s.w.r.operation.CachingOperationNameGenerator:40 - Generating unique operation named: deleteUsingDELETE_4
2020-04-04 11:11:45.761 [main] INFO  s.d.s.w.r.operation.CachingOperationNameGenerator:40 - Generating unique operation named: deleteBatchUsingDELETE_4
2020-04-04 11:11:45.763 [main] INFO  s.d.s.w.r.operation.CachingOperationNameGenerator:40 - Generating unique operation named: editUsingPUT_3
2020-04-04 11:11:45.766 [main] INFO  s.d.s.w.r.operation.CachingOperationNameGenerator:40 - Generating unique operation named: queryByIdUsingGET_4
2020-04-04 11:11:45.777 [main] INFO  s.d.s.w.r.operation.CachingOperationNameGenerator:40 - Generating unique operation named: queryPageListUsingGET_3
2020-04-04 11:11:45.800 [main] INFO  s.d.s.w.r.operation.CachingOperationNameGenerator:40 - Generating unique operation named: addUsingPOST_5
2020-04-04 11:11:45.802 [main] INFO  s.d.s.w.r.operation.CachingOperationNameGenerator:40 - Generating unique operation named: deleteUsingDELETE_5
2020-04-04 11:11:45.804 [main] INFO  s.d.s.w.r.operation.CachingOperationNameGenerator:40 - Generating unique operation named: deleteBatchUsingDELETE_5
2020-04-04 11:11:45.817 [main] INFO  s.d.s.w.r.operation.CachingOperationNameGenerator:40 - Generating unique operation named: editUsingPUT_4
2020-04-04 11:11:45.836 [main] INFO  s.d.s.w.r.operation.CachingOperationNameGenerator:40 - Generating unique operation named: queryPageListUsingGET_4
2020-04-04 11:11:45.867 [main] INFO  s.d.s.w.r.operation.CachingOperationNameGenerator:40 - Generating unique operation named: addUsingPOST_6
2020-04-04 11:11:45.869 [main] INFO  s.d.s.w.r.operation.CachingOperationNameGenerator:40 - Generating unique operation named: deleteUsingDELETE_6
2020-04-04 11:11:45.873 [main] INFO  s.d.s.w.r.operation.CachingOperationNameGenerator:40 - Generating unique operation named: deleteBatchUsingDELETE_6
2020-04-04 11:11:45.875 [main] INFO  s.d.s.w.r.operation.CachingOperationNameGenerator:40 - Generating unique operation named: editUsingPUT_5
2020-04-04 11:11:45.889 [main] INFO  s.d.s.w.r.operation.CachingOperationNameGenerator:40 - Generating unique operation named: queryByIdUsingGET_5
2020-04-04 11:11:45.898 [main] INFO  s.d.s.w.r.operation.CachingOperationNameGenerator:40 - Generating unique operation named: queryPageListUsingGET_5
2020-04-04 11:11:45.904 [main] INFO  s.d.s.w.r.operation.CachingOperationNameGenerator:40 - Generating unique operation named: queryPageListUsingGET_6
2020-04-04 11:11:45.920 [main] INFO  s.d.s.w.r.operation.CachingOperationNameGenerator:40 - Generating unique operation named: addUsingPOST_7
2020-04-04 11:11:45.923 [main] INFO  s.d.s.w.r.operation.CachingOperationNameGenerator:40 - Generating unique operation named: deleteUsingDELETE_7
2020-04-04 11:11:45.926 [main] INFO  s.d.s.w.r.operation.CachingOperationNameGenerator:40 - Generating unique operation named: deleteBatchUsingDELETE_7
2020-04-04 11:11:45.930 [main] INFO  s.d.s.w.r.operation.CachingOperationNameGenerator:40 - Generating unique operation named: editUsingPUT_6
2020-04-04 11:11:45.941 [main] INFO  s.d.s.w.r.operation.CachingOperationNameGenerator:40 - Generating unique operation named: queryByExamIdUsingGET_1
2020-04-04 11:11:45.943 [main] INFO  s.d.s.w.r.operation.CachingOperationNameGenerator:40 - Generating unique operation named: queryByIdUsingGET_6
2020-04-04 11:11:45.951 [main] INFO  s.d.s.w.r.operation.CachingOperationNameGenerator:40 - Generating unique operation named: queryPageListUsingGET_7
2020-04-04 11:11:45.957 [main] INFO  s.d.s.w.r.operation.CachingOperationNameGenerator:40 - Generating unique operation named: submitUsingPOST_1
2020-04-04 11:11:45.990 [main] INFO  o.s.scheduling.quartz.SchedulerFactoryBean:726 - Starting Quartz Scheduler now
2020-04-04 11:11:46.314 [main] INFO  o.s.scheduling.quartz.LocalDataSourceJobStore:866 - Freed 0 triggers from 'acquired' / 'blocked' state.
2020-04-04 11:11:46.337 [main] INFO  o.s.scheduling.quartz.LocalDataSourceJobStore:876 - Recovering 0 jobs that were in-progress at the time of the last shut-down.
2020-04-04 11:11:46.338 [main] INFO  o.s.scheduling.quartz.LocalDataSourceJobStore:889 - Recovery complete.
2020-04-04 11:11:46.341 [main] INFO  o.s.scheduling.quartz.LocalDataSourceJobStore:896 - Removed 0 'complete' triggers.
2020-04-04 11:11:46.362 [main] INFO  o.s.scheduling.quartz.LocalDataSourceJobStore:901 - Removed 0 stale fired job entries.
2020-04-04 11:11:46.364 [main] INFO  org.quartz.core.QuartzScheduler:547 - Scheduler quartzScheduler_$_NON_CLUSTERED started.
2020-04-04 11:11:46.389 [main] INFO  org.apache.coyote.http11.Http11NioProtocol:173 - Starting ProtocolHandler ["http-nio-8080"]
2020-04-04 11:11:46.435 [main] INFO  o.s.boot.web.embedded.tomcat.TomcatWebServer:204 - Tomcat started on port(s): 8080 (http) with context path '/web-api'
2020-04-04 11:11:46.440 [main] INFO  org.jeecg.JeecgApplication:59 - Started JeecgApplication in 30.05 seconds (JVM running for 34.215)
2020-04-04 11:11:46.463 [main] INFO  org.jeecg.JeecgApplication:35 - 
----------------------------------------------------------
	Application Jeecg-Boot is running! Access URLs:
	Local: 		http://localhost:8080/web-api/
	External: 	http://192.168.66.1:8080/web-api/
	swagger-ui: 	http://192.168.66.1:8080/web-api/swagger-ui.html
	Doc: 		http://192.168.66.1:8080/web-api/doc.html
----------------------------------------------------------
2020-04-04 11:11:47.719 [RMI TCP Connection(1)-192.168.66.1] INFO  o.a.c.c.C.[Tomcat].[localhost].[/web-api]:173 - Initializing Spring DispatcherServlet 'dispatcherServlet'
2020-04-04 11:11:47.720 [RMI TCP Connection(1)-192.168.66.1] INFO  org.springframework.web.servlet.DispatcherServlet:524 - Initializing Servlet 'dispatcherServlet'
2020-04-04 11:11:47.753 [RMI TCP Connection(1)-192.168.66.1] INFO  org.springframework.web.servlet.DispatcherServlet:546 - Completed initialization in 32 ms
2020-04-04 11:11:48.122 [RMI TCP Connection(2)-192.168.66.1] WARN  o.s.boot.actuate.mail.MailHealthIndicator:89 - Mail health check failed
javax.mail.MessagingException: Could not connect to SMTP host: smtp.163.com, port: 25, response: 554
	at com.sun.mail.smtp.SMTPTransport.openServer(SMTPTransport.java:2197)
	at com.sun.mail.smtp.SMTPTransport.protocolConnect(SMTPTransport.java:740)
	at javax.mail.Service.connect(Service.java:366)
	at org.springframework.mail.javamail.JavaMailSenderImpl.connectTransport(JavaMailSenderImpl.java:517)
	at org.springframework.mail.javamail.JavaMailSenderImpl.testConnection(JavaMailSenderImpl.java:397)
	at org.springframework.boot.actuate.mail.MailHealthIndicator.doHealthCheck(MailHealthIndicator.java:43)
	at org.springframework.boot.actuate.health.AbstractHealthIndicator.health(AbstractHealthIndicator.java:84)
	at org.springframework.boot.actuate.health.CompositeHealthIndicator.health(CompositeHealthIndicator.java:98)
	at org.springframework.boot.actuate.health.HealthEndpoint.health(HealthEndpoint.java:50)
	at sun.reflect.NativeMethodAccessorImpl.invoke0(Native Method)
	at sun.reflect.NativeMethodAccessorImpl.invoke(NativeMethodAccessorImpl.java:62)
	at sun.reflect.DelegatingMethodAccessorImpl.invoke(DelegatingMethodAccessorImpl.java:43)
	at java.lang.reflect.Method.invoke(Method.java:498)
	at org.springframework.util.ReflectionUtils.invokeMethod(ReflectionUtils.java:246)
	at org.springframework.boot.actuate.endpoint.invoke.reflect.ReflectiveOperationInvoker.invoke(ReflectiveOperationInvoker.java:76)
	at org.springframework.boot.actuate.endpoint.annotation.AbstractDiscoveredOperation.invoke(AbstractDiscoveredOperation.java:61)
	at org.springframework.boot.actuate.endpoint.jmx.EndpointMBean.invoke(EndpointMBean.java:126)
	at org.springframework.boot.actuate.endpoint.jmx.EndpointMBean.invoke(EndpointMBean.java:99)
	at com.sun.jmx.interceptor.DefaultMBeanServerInterceptor.invoke(DefaultMBeanServerInterceptor.java:819)
	at com.sun.jmx.mbeanserver.JmxMBeanServer.invoke(JmxMBeanServer.java:801)
	at javax.management.remote.rmi.RMIConnectionImpl.doOperation(RMIConnectionImpl.java:1468)
	at javax.management.remote.rmi.RMIConnectionImpl.access$300(RMIConnectionImpl.java:76)
	at javax.management.remote.rmi.RMIConnectionImpl$PrivilegedOperation.run(RMIConnectionImpl.java:1309)
	at javax.management.remote.rmi.RMIConnectionImpl.doPrivilegedOperation(RMIConnectionImpl.java:1401)
	at javax.management.remote.rmi.RMIConnectionImpl.invoke(RMIConnectionImpl.java:829)
	at sun.reflect.NativeMethodAccessorImpl.invoke0(Native Method)
	at sun.reflect.NativeMethodAccessorImpl.invoke(NativeMethodAccessorImpl.java:62)
	at sun.reflect.DelegatingMethodAccessorImpl.invoke(DelegatingMethodAccessorImpl.java:43)
	at java.lang.reflect.Method.invoke(Method.java:498)
	at sun.rmi.server.UnicastServerRef.dispatch(UnicastServerRef.java:357)
	at sun.rmi.transport.Transport$1.run(Transport.java:200)
	at sun.rmi.transport.Transport$1.run(Transport.java:197)
	at java.security.AccessController.doPrivileged(Native Method)
	at sun.rmi.transport.Transport.serviceCall(Transport.java:196)
	at sun.rmi.transport.tcp.TCPTransport.handleMessages(TCPTransport.java:573)
	at sun.rmi.transport.tcp.TCPTransport$ConnectionHandler.run0(TCPTransport.java:834)
	at sun.rmi.transport.tcp.TCPTransport$ConnectionHandler.lambda$run$0(TCPTransport.java:688)
	at java.security.AccessController.doPrivileged(Native Method)
	at sun.rmi.transport.tcp.TCPTransport$ConnectionHandler.run(TCPTransport.java:687)
	at java.util.concurrent.ThreadPoolExecutor.runWorker(ThreadPoolExecutor.java:1149)
	at java.util.concurrent.ThreadPoolExecutor$Worker.run(ThreadPoolExecutor.java:624)
	at java.lang.Thread.run(Thread.java:748)
2020-04-04 11:11:48.693 [RMI TCP Connection(2)-192.168.66.1] INFO  io.lettuce.core.EpollProvider:68 - Starting without optional epoll library
2020-04-04 11:11:48.697 [RMI TCP Connection(2)-192.168.66.1] INFO  io.lettuce.core.KqueueProvider:70 - Starting without optional kqueue library
2020-04-04 11:12:02.446 [http-nio-8080-exec-1] INFO  o.j.m.system.controller.SysPermissionController:120 -  ------ 通过令牌获取用户拥有的访问菜单 ---- TOKEN ------ eyJ0eXAiOiJKV1QiLCJhbGciOiJIUzI1NiJ9.eyJleHAiOjE1ODU5OTUyNjYsInVzZXJuYW1lIjoic3VwZXJhZG1pbiJ9.SKtAmlnjwcjpW7Mv9kF_qPNlgd0tXDa4MS_UIrjnxAU
2020-04-04 12:40:39.422 [http-nio-8080-exec-10] INFO  org.jeecg.modules.shiro.authc.ShiroRealm:60 - ————权限认证 [ roles、permissions]————
2020-04-04 12:40:39.655 [http-nio-8080-exec-10] INFO  o.j.modules.system.service.impl.SysUserServiceImpl:121 - -------通过数据库读取用户拥有的角色Rules------username： superadmin,Roles size: 1
2020-04-04 12:40:39.705 [http-nio-8080-exec-10] INFO  o.j.modules.system.service.impl.SysUserServiceImpl:145 - -------通过数据库读取用户拥有的权限Perms------username： superadmin,Perms size: 3
2020-04-04 12:40:39.721 [http-nio-8080-exec-10] INFO  org.jeecg.modules.shiro.authc.ShiroRealm:60 - ————权限认证 [ roles、permissions]————
2020-04-04 12:40:39.740 [http-nio-8080-exec-10] INFO  org.jeecg.modules.shiro.authc.ShiroRealm:60 - ————权限认证 [ roles、permissions]————
2020-04-04 12:40:39.744 [http-nio-8080-exec-10] INFO  org.jeecg.modules.shiro.authc.ShiroRealm:60 - ————权限认证 [ roles、permissions]————
2020-04-04 12:40:44.068 [http-nio-8080-exec-3] INFO  org.jeecg.modules.shiro.authc.ShiroRealm:60 - ————权限认证 [ roles、permissions]————
2020-04-04 12:40:44.075 [http-nio-8080-exec-3] INFO  org.jeecg.modules.shiro.authc.ShiroRealm:60 - ————权限认证 [ roles、permissions]————
2020-04-04 12:40:44.084 [http-nio-8080-exec-3] INFO  org.jeecg.modules.shiro.authc.ShiroRealm:60 - ————权限认证 [ roles、permissions]————
2020-04-04 12:40:44.107 [http-nio-8080-exec-3] INFO  org.jeecg.modules.shiro.authc.ShiroRealm:60 - ————权限认证 [ roles、permissions]————
2020-04-04 12:40:44.112 [http-nio-8080-exec-3] INFO  org.jeecg.modules.shiro.authc.ShiroRealm:60 - ————权限认证 [ roles、permissions]————
2020-04-04 12:40:44.118 [http-nio-8080-exec-3] INFO  org.jeecg.modules.shiro.authc.ShiroRealm:60 - ————权限认证 [ roles、permissions]————
2020-04-04 12:40:44.257 [http-nio-8080-exec-3] INFO  org.jeecg.common.system.query.QueryGenerator:354 - --查询规则-->exam_id = 1673c7d6cd73df19efaf941f1186ec8e
2020-04-04 12:40:46.998 [http-nio-8080-exec-4] INFO  org.jeecg.modules.shiro.authc.ShiroRealm:60 - ————权限认证 [ roles、permissions]————
2020-04-04 12:40:47.004 [http-nio-8080-exec-4] INFO  org.jeecg.modules.shiro.authc.ShiroRealm:60 - ————权限认证 [ roles、permissions]————
2020-04-04 12:40:47.009 [http-nio-8080-exec-4] INFO  org.jeecg.modules.shiro.authc.ShiroRealm:60 - ————权限认证 [ roles、permissions]————
2020-04-04 12:40:47.012 [http-nio-8080-exec-4] INFO  org.jeecg.modules.shiro.authc.ShiroRealm:60 - ————权限认证 [ roles、permissions]————
2020-04-04 12:40:49.223 [http-nio-8080-exec-6] INFO  org.jeecg.modules.shiro.authc.ShiroRealm:60 - ————权限认证 [ roles、permissions]————
2020-04-04 12:40:49.227 [http-nio-8080-exec-6] INFO  org.jeecg.modules.shiro.authc.ShiroRealm:60 - ————权限认证 [ roles、permissions]————
2020-04-04 12:40:49.232 [http-nio-8080-exec-6] INFO  org.jeecg.modules.shiro.authc.ShiroRealm:60 - ————权限认证 [ roles、permissions]————
2020-04-04 12:40:49.239 [http-nio-8080-exec-6] INFO  org.jeecg.modules.shiro.authc.ShiroRealm:60 - ————权限认证 [ roles、permissions]————
2020-04-04 12:40:49.244 [http-nio-8080-exec-6] INFO  org.jeecg.modules.shiro.authc.ShiroRealm:60 - ————权限认证 [ roles、permissions]————
2020-04-04 12:40:49.247 [http-nio-8080-exec-6] INFO  org.jeecg.modules.shiro.authc.ShiroRealm:60 - ————权限认证 [ roles、permissions]————
2020-04-04 12:40:49.259 [http-nio-8080-exec-6] INFO  org.jeecg.common.system.query.QueryGenerator:354 - --查询规则-->exam_id = 1673c7d6cd73df19efaf941f1186ec8e
2020-04-04 12:40:53.763 [http-nio-8080-exec-8] INFO  org.jeecg.modules.shiro.authc.ShiroRealm:60 - ————权限认证 [ roles、permissions]————
2020-04-04 12:40:53.769 [http-nio-8080-exec-8] INFO  org.jeecg.modules.shiro.authc.ShiroRealm:60 - ————权限认证 [ roles、permissions]————
2020-04-04 12:40:53.774 [http-nio-8080-exec-8] INFO  org.jeecg.modules.shiro.authc.ShiroRealm:60 - ————权限认证 [ roles、permissions]————
2020-04-04 12:40:53.780 [http-nio-8080-exec-8] INFO  org.jeecg.modules.shiro.authc.ShiroRealm:60 - ————权限认证 [ roles、permissions]————
2020-04-04 12:40:53.785 [http-nio-8080-exec-8] INFO  org.jeecg.modules.shiro.authc.ShiroRealm:60 - ————权限认证 [ roles、permissions]————
2020-04-04 12:40:53.792 [http-nio-8080-exec-8] INFO  org.jeecg.modules.shiro.authc.ShiroRealm:60 - ————权限认证 [ roles、permissions]————
2020-04-04 12:40:53.798 [http-nio-8080-exec-8] INFO  org.jeecg.common.system.query.QueryGenerator:354 - --查询规则-->exam_id = 6191880062c26a9ee1fda0bcaf98c42a
2020-04-04 13:32:35.708 [http-nio-8080-exec-1] INFO  o.j.m.system.controller.SysPermissionController:120 -  ------ 通过令牌获取用户拥有的访问菜单 ---- TOKEN ------ eyJ0eXAiOiJKV1QiLCJhbGciOiJIUzI1NiJ9.eyJleHAiOjE1ODU5OTUyNjYsInVzZXJuYW1lIjoic3VwZXJhZG1pbiJ9.SKtAmlnjwcjpW7Mv9kF_qPNlgd0tXDa4MS_UIrjnxAU
2020-04-04 13:48:19.227 [http-nio-8080-exec-5] INFO  org.jeecg.modules.shiro.authc.ShiroRealm:60 - ————权限认证 [ roles、permissions]————
2020-04-04 13:48:19.261 [http-nio-8080-exec-5] INFO  o.j.modules.system.service.impl.SysUserServiceImpl:121 - -------通过数据库读取用户拥有的角色Rules------username： superadmin,Roles size: 1
2020-04-04 13:48:19.294 [http-nio-8080-exec-5] INFO  o.j.modules.system.service.impl.SysUserServiceImpl:145 - -------通过数据库读取用户拥有的权限Perms------username： superadmin,Perms size: 3
2020-04-04 13:48:19.299 [http-nio-8080-exec-5] INFO  org.jeecg.modules.shiro.authc.ShiroRealm:60 - ————权限认证 [ roles、permissions]————
2020-04-04 13:48:19.308 [http-nio-8080-exec-5] INFO  org.jeecg.modules.shiro.authc.ShiroRealm:60 - ————权限认证 [ roles、permissions]————
2020-04-04 13:48:19.316 [http-nio-8080-exec-5] INFO  org.jeecg.modules.shiro.authc.ShiroRealm:60 - ————权限认证 [ roles、permissions]————
2020-04-04 13:48:19.321 [http-nio-8080-exec-5] INFO  org.jeecg.modules.shiro.authc.ShiroRealm:60 - ————权限认证 [ roles、permissions]————
2020-04-04 13:48:19.325 [http-nio-8080-exec-5] INFO  org.jeecg.modules.shiro.authc.ShiroRealm:60 - ————权限认证 [ roles、permissions]————
2020-04-04 13:48:19.337 [http-nio-8080-exec-5] INFO  org.jeecg.common.system.query.QueryGenerator:354 - --查询规则-->exam_id = 1673c7d6cd73df19efaf941f1186ec8e
2020-04-04 13:48:46.739 [http-nio-8080-exec-8] INFO  org.jeecg.modules.shiro.authc.ShiroRealm:60 - ————权限认证 [ roles、permissions]————
2020-04-04 13:48:46.752 [http-nio-8080-exec-8] INFO  org.jeecg.modules.shiro.authc.ShiroRealm:60 - ————权限认证 [ roles、permissions]————
2020-04-04 13:48:46.755 [http-nio-8080-exec-8] INFO  org.jeecg.modules.shiro.authc.ShiroRealm:60 - ————权限认证 [ roles、permissions]————
2020-04-04 13:48:46.760 [http-nio-8080-exec-8] INFO  org.jeecg.modules.shiro.authc.ShiroRealm:60 - ————权限认证 [ roles、permissions]————
2020-04-04 13:48:46.765 [http-nio-8080-exec-8] INFO  org.jeecg.modules.shiro.authc.ShiroRealm:60 - ————权限认证 [ roles、permissions]————
2020-04-04 13:48:46.770 [http-nio-8080-exec-8] INFO  org.jeecg.modules.shiro.authc.ShiroRealm:60 - ————权限认证 [ roles、permissions]————
2020-04-04 13:48:46.774 [http-nio-8080-exec-8] INFO  org.jeecg.common.system.query.QueryGenerator:354 - --查询规则-->exam_id = 1673c7d6cd73df19efaf941f1186ec8e
2020-04-04 13:56:37.226 [http-nio-8080-exec-3] INFO  org.jeecg.modules.shiro.authc.ShiroRealm:60 - ————权限认证 [ roles、permissions]————
2020-04-04 13:56:37.234 [http-nio-8080-exec-3] INFO  org.jeecg.modules.shiro.authc.ShiroRealm:60 - ————权限认证 [ roles、permissions]————
2020-04-04 13:56:37.239 [http-nio-8080-exec-3] INFO  org.jeecg.modules.shiro.authc.ShiroRealm:60 - ————权限认证 [ roles、permissions]————
2020-04-04 13:56:37.244 [http-nio-8080-exec-3] INFO  org.jeecg.modules.shiro.authc.ShiroRealm:60 - ————权限认证 [ roles、permissions]————
2020-04-04 13:56:37.248 [http-nio-8080-exec-3] INFO  org.jeecg.modules.shiro.authc.ShiroRealm:60 - ————权限认证 [ roles、permissions]————
2020-04-04 13:56:37.251 [http-nio-8080-exec-3] INFO  org.jeecg.modules.shiro.authc.ShiroRealm:60 - ————权限认证 [ roles、permissions]————
2020-04-04 13:56:37.257 [http-nio-8080-exec-3] INFO  org.jeecg.common.system.query.QueryGenerator:354 - --查询规则-->exam_id = 1673c7d6cd73df19efaf941f1186ec8e
2020-04-04 13:56:58.332 [http-nio-8080-exec-5] INFO  org.jeecg.modules.shiro.authc.ShiroRealm:60 - ————权限认证 [ roles、permissions]————
2020-04-04 13:56:58.338 [http-nio-8080-exec-5] INFO  org.jeecg.modules.shiro.authc.ShiroRealm:60 - ————权限认证 [ roles、permissions]————
2020-04-04 13:56:58.342 [http-nio-8080-exec-5] INFO  org.jeecg.modules.shiro.authc.ShiroRealm:60 - ————权限认证 [ roles、permissions]————
2020-04-04 13:56:58.346 [http-nio-8080-exec-5] INFO  org.jeecg.modules.shiro.authc.ShiroRealm:60 - ————权限认证 [ roles、permissions]————
2020-04-04 13:56:58.352 [http-nio-8080-exec-5] INFO  org.jeecg.modules.shiro.authc.ShiroRealm:60 - ————权限认证 [ roles、permissions]————
2020-04-04 13:56:58.356 [http-nio-8080-exec-5] INFO  org.jeecg.modules.shiro.authc.ShiroRealm:60 - ————权限认证 [ roles、permissions]————
2020-04-04 13:56:58.360 [http-nio-8080-exec-5] INFO  org.jeecg.common.system.query.QueryGenerator:354 - --查询规则-->exam_id = 1673c7d6cd73df19efaf941f1186ec8e
2020-04-04 14:02:24.418 [http-nio-8080-exec-9] INFO  org.jeecg.modules.shiro.authc.ShiroRealm:60 - ————权限认证 [ roles、permissions]————
2020-04-04 14:02:24.425 [http-nio-8080-exec-9] INFO  org.jeecg.modules.shiro.authc.ShiroRealm:60 - ————权限认证 [ roles、permissions]————
2020-04-04 14:02:24.446 [http-nio-8080-exec-9] INFO  org.jeecg.modules.shiro.authc.ShiroRealm:60 - ————权限认证 [ roles、permissions]————
2020-04-04 14:02:24.450 [http-nio-8080-exec-9] INFO  org.jeecg.modules.shiro.authc.ShiroRealm:60 - ————权限认证 [ roles、permissions]————
2020-04-04 14:02:24.453 [http-nio-8080-exec-9] INFO  org.jeecg.modules.shiro.authc.ShiroRealm:60 - ————权限认证 [ roles、permissions]————
2020-04-04 14:02:24.457 [http-nio-8080-exec-9] INFO  org.jeecg.modules.shiro.authc.ShiroRealm:60 - ————权限认证 [ roles、permissions]————
2020-04-04 14:02:24.463 [http-nio-8080-exec-9] INFO  org.jeecg.common.system.query.QueryGenerator:354 - --查询规则-->exam_id = 6191880062c26a9ee1fda0bcaf98c42a
2020-04-04 14:02:35.019 [http-nio-8080-exec-1] INFO  org.jeecg.modules.shiro.authc.ShiroRealm:60 - ————权限认证 [ roles、permissions]————
2020-04-04 14:02:35.022 [http-nio-8080-exec-1] INFO  org.jeecg.modules.shiro.authc.ShiroRealm:60 - ————权限认证 [ roles、permissions]————
2020-04-04 14:02:35.030 [http-nio-8080-exec-1] INFO  org.jeecg.modules.shiro.authc.ShiroRealm:60 - ————权限认证 [ roles、permissions]————
2020-04-04 14:02:35.035 [http-nio-8080-exec-1] INFO  org.jeecg.modules.shiro.authc.ShiroRealm:60 - ————权限认证 [ roles、permissions]————
2020-04-04 14:02:39.770 [http-nio-8080-exec-4] INFO  org.jeecg.modules.shiro.authc.ShiroRealm:60 - ————权限认证 [ roles、permissions]————
2020-04-04 14:02:39.775 [http-nio-8080-exec-4] INFO  org.jeecg.modules.shiro.authc.ShiroRealm:60 - ————权限认证 [ roles、permissions]————
2020-04-04 14:02:39.779 [http-nio-8080-exec-4] INFO  org.jeecg.modules.shiro.authc.ShiroRealm:60 - ————权限认证 [ roles、permissions]————
2020-04-04 14:02:39.782 [http-nio-8080-exec-4] INFO  org.jeecg.modules.shiro.authc.ShiroRealm:60 - ————权限认证 [ roles、permissions]————
2020-04-04 14:02:47.902 [http-nio-8080-exec-7] INFO  org.jeecg.modules.shiro.authc.ShiroRealm:60 - ————权限认证 [ roles、permissions]————
2020-04-04 14:02:47.908 [http-nio-8080-exec-7] INFO  org.jeecg.modules.shiro.authc.ShiroRealm:60 - ————权限认证 [ roles、permissions]————
2020-04-04 14:02:47.912 [http-nio-8080-exec-7] INFO  org.jeecg.modules.shiro.authc.ShiroRealm:60 - ————权限认证 [ roles、permissions]————
2020-04-04 14:02:47.915 [http-nio-8080-exec-7] INFO  org.jeecg.modules.shiro.authc.ShiroRealm:60 - ————权限认证 [ roles、permissions]————
2020-04-04 14:02:47.918 [http-nio-8080-exec-7] INFO  org.jeecg.modules.shiro.authc.ShiroRealm:60 - ————权限认证 [ roles、permissions]————
2020-04-04 14:02:47.922 [http-nio-8080-exec-7] INFO  org.jeecg.modules.shiro.authc.ShiroRealm:60 - ————权限认证 [ roles、permissions]————
2020-04-04 14:02:47.927 [http-nio-8080-exec-7] INFO  org.jeecg.common.system.query.QueryGenerator:354 - --查询规则-->exam_id = d6ac9edbc49094467ccd46c55fdcc1b4
2020-04-05 18:38:17.322 [http-nio-8080-exec-10] ERROR o.a.c.c.C.[.[.[/web-api].[dispatcherServlet]:175 - Servlet.service() for servlet [dispatcherServlet] in context with path [/web-api] threw exception [org.apache.shiro.authc.AuthenticationException: Token失效，请重新登录] with root cause
org.apache.shiro.authc.AuthenticationException: Token失效，请重新登录!
	at org.jeecg.modules.shiro.authc.ShiroRealm.checkUserTokenIsEffect(ShiroRealm.java:118)
	at org.jeecg.modules.shiro.authc.ShiroRealm.doGetAuthenticationInfo(ShiroRealm.java:93)
	at org.apache.shiro.realm.AuthenticatingRealm.getAuthenticationInfo(AuthenticatingRealm.java:571)
	at org.apache.shiro.authc.pam.ModularRealmAuthenticator.doSingleRealmAuthentication(ModularRealmAuthenticator.java:180)
	at org.apache.shiro.authc.pam.ModularRealmAuthenticator.doAuthenticate(ModularRealmAuthenticator.java:267)
	at org.apache.shiro.authc.AbstractAuthenticator.authenticate(AbstractAuthenticator.java:198)
	at org.apache.shiro.mgt.AuthenticatingSecurityManager.authenticate(AuthenticatingSecurityManager.java:106)
	at org.apache.shiro.mgt.DefaultSecurityManager.login(DefaultSecurityManager.java:274)
	at org.apache.shiro.subject.support.DelegatingSubject.login(DelegatingSubject.java:260)
	at org.jeecg.modules.shiro.authc.aop.JwtFilter.executeLogin(JwtFilter.java:51)
	at org.jeecg.modules.shiro.authc.aop.JwtFilter.isAccessAllowed(JwtFilter.java:34)
	at org.apache.shiro.web.filter.AccessControlFilter.onPreHandle(AccessControlFilter.java:162)
	at org.apache.shiro.web.filter.PathMatchingFilter.isFilterChainContinued(PathMatchingFilter.java:203)
	at org.apache.shiro.web.filter.PathMatchingFilter.preHandle(PathMatchingFilter.java:178)
	at org.jeecg.modules.shiro.authc.aop.JwtFilter.preHandle(JwtFilter.java:71)
	at org.apache.shiro.web.servlet.AdviceFilter.doFilterInternal(AdviceFilter.java:131)
	at org.apache.shiro.web.servlet.OncePerRequestFilter.doFilter(OncePerRequestFilter.java:125)
	at org.apache.shiro.web.servlet.ProxiedFilterChain.doFilter(ProxiedFilterChain.java:66)
	at org.apache.shiro.web.servlet.AbstractShiroFilter.executeChain(AbstractShiroFilter.java:449)
	at org.apache.shiro.web.servlet.AbstractShiroFilter$1.call(AbstractShiroFilter.java:365)
	at org.apache.shiro.subject.support.SubjectCallable.doCall(SubjectCallable.java:90)
	at org.apache.shiro.subject.support.SubjectCallable.call(SubjectCallable.java:83)
	at org.apache.shiro.subject.support.DelegatingSubject.execute(DelegatingSubject.java:387)
	at org.apache.shiro.web.servlet.AbstractShiroFilter.doFilterInternal(AbstractShiroFilter.java:362)
	at org.apache.shiro.web.servlet.OncePerRequestFilter.doFilter(OncePerRequestFilter.java:125)
	at org.apache.catalina.core.ApplicationFilterChain.internalDoFilter(ApplicationFilterChain.java:193)
	at org.apache.catalina.core.ApplicationFilterChain.doFilter(ApplicationFilterChain.java:166)
	at com.alibaba.druid.support.http.WebStatFilter.doFilter(WebStatFilter.java:123)
	at org.apache.catalina.core.ApplicationFilterChain.internalDoFilter(ApplicationFilterChain.java:193)
	at org.apache.catalina.core.ApplicationFilterChain.doFilter(ApplicationFilterChain.java:166)
	at org.springframework.boot.actuate.web.trace.servlet.HttpTraceFilter.doFilterInternal(HttpTraceFilter.java:90)
	at org.springframework.web.filter.OncePerRequestFilter.doFilter(OncePerRequestFilter.java:107)
	at org.apache.catalina.core.ApplicationFilterChain.internalDoFilter(ApplicationFilterChain.java:193)
	at org.apache.catalina.core.ApplicationFilterChain.doFilter(ApplicationFilterChain.java:166)
	at org.springframework.web.filter.RequestContextFilter.doFilterInternal(RequestContextFilter.java:99)
	at org.springframework.web.filter.OncePerRequestFilter.doFilter(OncePerRequestFilter.java:107)
	at org.apache.catalina.core.ApplicationFilterChain.internalDoFilter(ApplicationFilterChain.java:193)
	at org.apache.catalina.core.ApplicationFilterChain.doFilter(ApplicationFilterChain.java:166)
	at org.springframework.web.filter.FormContentFilter.doFilterInternal(FormContentFilter.java:92)
	at org.springframework.web.filter.OncePerRequestFilter.doFilter(OncePerRequestFilter.java:107)
	at org.apache.catalina.core.ApplicationFilterChain.internalDoFilter(ApplicationFilterChain.java:193)
	at org.apache.catalina.core.ApplicationFilterChain.doFilter(ApplicationFilterChain.java:166)
	at org.springframework.web.filter.HiddenHttpMethodFilter.doFilterInternal(HiddenHttpMethodFilter.java:93)
	at org.springframework.web.filter.OncePerRequestFilter.doFilter(OncePerRequestFilter.java:107)
	at org.apache.catalina.core.ApplicationFilterChain.internalDoFilter(ApplicationFilterChain.java:193)
	at org.apache.catalina.core.ApplicationFilterChain.doFilter(ApplicationFilterChain.java:166)
	at org.springframework.boot.actuate.metrics.web.servlet.WebMvcMetricsFilter.filterAndRecordMetrics(WebMvcMetricsFilter.java:117)
	at org.springframework.boot.actuate.metrics.web.servlet.WebMvcMetricsFilter.doFilterInternal(WebMvcMetricsFilter.java:106)
	at org.springframework.web.filter.OncePerRequestFilter.doFilter(OncePerRequestFilter.java:107)
	at org.apache.catalina.core.ApplicationFilterChain.internalDoFilter(ApplicationFilterChain.java:193)
	at org.apache.catalina.core.ApplicationFilterChain.doFilter(ApplicationFilterChain.java:166)
	at org.springframework.web.filter.CharacterEncodingFilter.doFilterInternal(CharacterEncodingFilter.java:200)
	at org.springframework.web.filter.OncePerRequestFilter.doFilter(OncePerRequestFilter.java:107)
	at org.apache.catalina.core.ApplicationFilterChain.internalDoFilter(ApplicationFilterChain.java:193)
	at org.apache.catalina.core.ApplicationFilterChain.doFilter(ApplicationFilterChain.java:166)
	at org.apache.catalina.core.StandardWrapperValve.invoke(StandardWrapperValve.java:200)
	at org.apache.catalina.core.StandardContextValve.invoke(StandardContextValve.java:96)
	at org.apache.catalina.authenticator.AuthenticatorBase.invoke(AuthenticatorBase.java:490)
	at org.apache.catalina.core.StandardHostValve.invoke(StandardHostValve.java:139)
	at org.apache.catalina.valves.ErrorReportValve.invoke(ErrorReportValve.java:92)
	at org.apache.catalina.core.StandardEngineValve.invoke(StandardEngineValve.java:74)
	at org.apache.catalina.connector.CoyoteAdapter.service(CoyoteAdapter.java:343)
	at org.apache.coyote.http11.Http11Processor.service(Http11Processor.java:408)
	at org.apache.coyote.AbstractProcessorLight.process(AbstractProcessorLight.java:66)
	at org.apache.coyote.AbstractProtocol$ConnectionHandler.process(AbstractProtocol.java:834)
	at org.apache.tomcat.util.net.NioEndpoint$SocketProcessor.doRun(NioEndpoint.java:1415)
	at org.apache.tomcat.util.net.SocketProcessorBase.run(SocketProcessorBase.java:49)
	at java.util.concurrent.ThreadPoolExecutor.runWorker(ThreadPoolExecutor.java:1149)
	at java.util.concurrent.ThreadPoolExecutor$Worker.run(ThreadPoolExecutor.java:624)
	at org.apache.tomcat.util.threads.TaskThread$WrappingRunnable.run(TaskThread.java:61)
	at java.lang.Thread.run(Thread.java:748)
2020-04-05 18:38:17.828 [http-nio-8080-exec-1] ERROR o.a.c.c.C.[.[.[/web-api].[dispatcherServlet]:175 - Servlet.service() for servlet [dispatcherServlet] in context with path [/web-api] threw exception [org.apache.shiro.authc.AuthenticationException: Token失效，请重新登录] with root cause
org.apache.shiro.authc.AuthenticationException: Token失效，请重新登录!
	at org.jeecg.modules.shiro.authc.ShiroRealm.checkUserTokenIsEffect(ShiroRealm.java:118)
	at org.jeecg.modules.shiro.authc.ShiroRealm.doGetAuthenticationInfo(ShiroRealm.java:93)
	at org.apache.shiro.realm.AuthenticatingRealm.getAuthenticationInfo(AuthenticatingRealm.java:571)
	at org.apache.shiro.authc.pam.ModularRealmAuthenticator.doSingleRealmAuthentication(ModularRealmAuthenticator.java:180)
	at org.apache.shiro.authc.pam.ModularRealmAuthenticator.doAuthenticate(ModularRealmAuthenticator.java:267)
	at org.apache.shiro.authc.AbstractAuthenticator.authenticate(AbstractAuthenticator.java:198)
	at org.apache.shiro.mgt.AuthenticatingSecurityManager.authenticate(AuthenticatingSecurityManager.java:106)
	at org.apache.shiro.mgt.DefaultSecurityManager.login(DefaultSecurityManager.java:274)
	at org.apache.shiro.subject.support.DelegatingSubject.login(DelegatingSubject.java:260)
	at org.jeecg.modules.shiro.authc.aop.JwtFilter.executeLogin(JwtFilter.java:51)
	at org.jeecg.modules.shiro.authc.aop.JwtFilter.isAccessAllowed(JwtFilter.java:34)
	at org.apache.shiro.web.filter.AccessControlFilter.onPreHandle(AccessControlFilter.java:162)
	at org.apache.shiro.web.filter.PathMatchingFilter.isFilterChainContinued(PathMatchingFilter.java:203)
	at org.apache.shiro.web.filter.PathMatchingFilter.preHandle(PathMatchingFilter.java:178)
	at org.jeecg.modules.shiro.authc.aop.JwtFilter.preHandle(JwtFilter.java:71)
	at org.apache.shiro.web.servlet.AdviceFilter.doFilterInternal(AdviceFilter.java:131)
	at org.apache.shiro.web.servlet.OncePerRequestFilter.doFilter(OncePerRequestFilter.java:125)
	at org.apache.shiro.web.servlet.ProxiedFilterChain.doFilter(ProxiedFilterChain.java:66)
	at org.apache.shiro.web.servlet.AbstractShiroFilter.executeChain(AbstractShiroFilter.java:449)
	at org.apache.shiro.web.servlet.AbstractShiroFilter$1.call(AbstractShiroFilter.java:365)
	at org.apache.shiro.subject.support.SubjectCallable.doCall(SubjectCallable.java:90)
	at org.apache.shiro.subject.support.SubjectCallable.call(SubjectCallable.java:83)
	at org.apache.shiro.subject.support.DelegatingSubject.execute(DelegatingSubject.java:387)
	at org.apache.shiro.web.servlet.AbstractShiroFilter.doFilterInternal(AbstractShiroFilter.java:362)
	at org.apache.shiro.web.servlet.OncePerRequestFilter.doFilter(OncePerRequestFilter.java:125)
	at org.apache.catalina.core.ApplicationFilterChain.internalDoFilter(ApplicationFilterChain.java:193)
	at org.apache.catalina.core.ApplicationFilterChain.doFilter(ApplicationFilterChain.java:166)
	at com.alibaba.druid.support.http.WebStatFilter.doFilter(WebStatFilter.java:123)
	at org.apache.catalina.core.ApplicationFilterChain.internalDoFilter(ApplicationFilterChain.java:193)
	at org.apache.catalina.core.ApplicationFilterChain.doFilter(ApplicationFilterChain.java:166)
	at org.springframework.boot.actuate.web.trace.servlet.HttpTraceFilter.doFilterInternal(HttpTraceFilter.java:90)
	at org.springframework.web.filter.OncePerRequestFilter.doFilter(OncePerRequestFilter.java:107)
	at org.apache.catalina.core.ApplicationFilterChain.internalDoFilter(ApplicationFilterChain.java:193)
	at org.apache.catalina.core.ApplicationFilterChain.doFilter(ApplicationFilterChain.java:166)
	at org.springframework.web.filter.RequestContextFilter.doFilterInternal(RequestContextFilter.java:99)
	at org.springframework.web.filter.OncePerRequestFilter.doFilter(OncePerRequestFilter.java:107)
	at org.apache.catalina.core.ApplicationFilterChain.internalDoFilter(ApplicationFilterChain.java:193)
	at org.apache.catalina.core.ApplicationFilterChain.doFilter(ApplicationFilterChain.java:166)
	at org.springframework.web.filter.FormContentFilter.doFilterInternal(FormContentFilter.java:92)
	at org.springframework.web.filter.OncePerRequestFilter.doFilter(OncePerRequestFilter.java:107)
	at org.apache.catalina.core.ApplicationFilterChain.internalDoFilter(ApplicationFilterChain.java:193)
	at org.apache.catalina.core.ApplicationFilterChain.doFilter(ApplicationFilterChain.java:166)
	at org.springframework.web.filter.HiddenHttpMethodFilter.doFilterInternal(HiddenHttpMethodFilter.java:93)
	at org.springframework.web.filter.OncePerRequestFilter.doFilter(OncePerRequestFilter.java:107)
	at org.apache.catalina.core.ApplicationFilterChain.internalDoFilter(ApplicationFilterChain.java:193)
	at org.apache.catalina.core.ApplicationFilterChain.doFilter(ApplicationFilterChain.java:166)
	at org.springframework.boot.actuate.metrics.web.servlet.WebMvcMetricsFilter.filterAndRecordMetrics(WebMvcMetricsFilter.java:117)
	at org.springframework.boot.actuate.metrics.web.servlet.WebMvcMetricsFilter.doFilterInternal(WebMvcMetricsFilter.java:106)
	at org.springframework.web.filter.OncePerRequestFilter.doFilter(OncePerRequestFilter.java:107)
	at org.apache.catalina.core.ApplicationFilterChain.internalDoFilter(ApplicationFilterChain.java:193)
	at org.apache.catalina.core.ApplicationFilterChain.doFilter(ApplicationFilterChain.java:166)
	at org.springframework.web.filter.CharacterEncodingFilter.doFilterInternal(CharacterEncodingFilter.java:200)
	at org.springframework.web.filter.OncePerRequestFilter.doFilter(OncePerRequestFilter.java:107)
	at org.apache.catalina.core.ApplicationFilterChain.internalDoFilter(ApplicationFilterChain.java:193)
	at org.apache.catalina.core.ApplicationFilterChain.doFilter(ApplicationFilterChain.java:166)
	at org.apache.catalina.core.StandardWrapperValve.invoke(StandardWrapperValve.java:200)
	at org.apache.catalina.core.StandardContextValve.invoke(StandardContextValve.java:96)
	at org.apache.catalina.authenticator.AuthenticatorBase.invoke(AuthenticatorBase.java:490)
	at org.apache.catalina.core.StandardHostValve.invoke(StandardHostValve.java:139)
	at org.apache.catalina.valves.ErrorReportValve.invoke(ErrorReportValve.java:92)
	at org.apache.catalina.core.StandardEngineValve.invoke(StandardEngineValve.java:74)
	at org.apache.catalina.connector.CoyoteAdapter.service(CoyoteAdapter.java:343)
	at org.apache.coyote.http11.Http11Processor.service(Http11Processor.java:408)
	at org.apache.coyote.AbstractProcessorLight.process(AbstractProcessorLight.java:66)
	at org.apache.coyote.AbstractProtocol$ConnectionHandler.process(AbstractProtocol.java:834)
	at org.apache.tomcat.util.net.NioEndpoint$SocketProcessor.doRun(NioEndpoint.java:1415)
	at org.apache.tomcat.util.net.SocketProcessorBase.run(SocketProcessorBase.java:49)
	at java.util.concurrent.ThreadPoolExecutor.runWorker(ThreadPoolExecutor.java:1149)
	at java.util.concurrent.ThreadPoolExecutor$Worker.run(ThreadPoolExecutor.java:624)
	at org.apache.tomcat.util.threads.TaskThread$WrappingRunnable.run(TaskThread.java:61)
	at java.lang.Thread.run(Thread.java:748)
2020-04-05 18:38:20.922 [http-nio-8080-exec-2] ERROR o.a.c.c.C.[.[.[/web-api].[dispatcherServlet]:175 - Servlet.service() for servlet [dispatcherServlet] in context with path [/web-api] threw exception [org.apache.shiro.authc.AuthenticationException: Token失效，请重新登录] with root cause
org.apache.shiro.authc.AuthenticationException: token非法无效!
	at org.jeecg.modules.shiro.authc.ShiroRealm.checkUserTokenIsEffect(ShiroRealm.java:106)
	at org.jeecg.modules.shiro.authc.ShiroRealm.doGetAuthenticationInfo(ShiroRealm.java:93)
	at org.apache.shiro.realm.AuthenticatingRealm.getAuthenticationInfo(AuthenticatingRealm.java:571)
	at org.apache.shiro.authc.pam.ModularRealmAuthenticator.doSingleRealmAuthentication(ModularRealmAuthenticator.java:180)
	at org.apache.shiro.authc.pam.ModularRealmAuthenticator.doAuthenticate(ModularRealmAuthenticator.java:267)
	at org.apache.shiro.authc.AbstractAuthenticator.authenticate(AbstractAuthenticator.java:198)
	at org.apache.shiro.mgt.AuthenticatingSecurityManager.authenticate(AuthenticatingSecurityManager.java:106)
	at org.apache.shiro.mgt.DefaultSecurityManager.login(DefaultSecurityManager.java:274)
	at org.apache.shiro.subject.support.DelegatingSubject.login(DelegatingSubject.java:260)
	at org.jeecg.modules.shiro.authc.aop.JwtFilter.executeLogin(JwtFilter.java:51)
	at org.jeecg.modules.shiro.authc.aop.JwtFilter.isAccessAllowed(JwtFilter.java:34)
	at org.apache.shiro.web.filter.AccessControlFilter.onPreHandle(AccessControlFilter.java:162)
	at org.apache.shiro.web.filter.PathMatchingFilter.isFilterChainContinued(PathMatchingFilter.java:203)
	at org.apache.shiro.web.filter.PathMatchingFilter.preHandle(PathMatchingFilter.java:178)
	at org.jeecg.modules.shiro.authc.aop.JwtFilter.preHandle(JwtFilter.java:71)
	at org.apache.shiro.web.servlet.AdviceFilter.doFilterInternal(AdviceFilter.java:131)
	at org.apache.shiro.web.servlet.OncePerRequestFilter.doFilter(OncePerRequestFilter.java:125)
	at org.apache.shiro.web.servlet.ProxiedFilterChain.doFilter(ProxiedFilterChain.java:66)
	at org.apache.shiro.web.servlet.AbstractShiroFilter.executeChain(AbstractShiroFilter.java:449)
	at org.apache.shiro.web.servlet.AbstractShiroFilter$1.call(AbstractShiroFilter.java:365)
	at org.apache.shiro.subject.support.SubjectCallable.doCall(SubjectCallable.java:90)
	at org.apache.shiro.subject.support.SubjectCallable.call(SubjectCallable.java:83)
	at org.apache.shiro.subject.support.DelegatingSubject.execute(DelegatingSubject.java:387)
	at org.apache.shiro.web.servlet.AbstractShiroFilter.doFilterInternal(AbstractShiroFilter.java:362)
	at org.apache.shiro.web.servlet.OncePerRequestFilter.doFilter(OncePerRequestFilter.java:125)
	at org.apache.catalina.core.ApplicationFilterChain.internalDoFilter(ApplicationFilterChain.java:193)
	at org.apache.catalina.core.ApplicationFilterChain.doFilter(ApplicationFilterChain.java:166)
	at com.alibaba.druid.support.http.WebStatFilter.doFilter(WebStatFilter.java:123)
	at org.apache.catalina.core.ApplicationFilterChain.internalDoFilter(ApplicationFilterChain.java:193)
	at org.apache.catalina.core.ApplicationFilterChain.doFilter(ApplicationFilterChain.java:166)
	at org.springframework.boot.actuate.web.trace.servlet.HttpTraceFilter.doFilterInternal(HttpTraceFilter.java:90)
	at org.springframework.web.filter.OncePerRequestFilter.doFilter(OncePerRequestFilter.java:107)
	at org.apache.catalina.core.ApplicationFilterChain.internalDoFilter(ApplicationFilterChain.java:193)
	at org.apache.catalina.core.ApplicationFilterChain.doFilter(ApplicationFilterChain.java:166)
	at org.springframework.web.filter.RequestContextFilter.doFilterInternal(RequestContextFilter.java:99)
	at org.springframework.web.filter.OncePerRequestFilter.doFilter(OncePerRequestFilter.java:107)
	at org.apache.catalina.core.ApplicationFilterChain.internalDoFilter(ApplicationFilterChain.java:193)
	at org.apache.catalina.core.ApplicationFilterChain.doFilter(ApplicationFilterChain.java:166)
	at org.springframework.web.filter.FormContentFilter.doFilterInternal(FormContentFilter.java:92)
	at org.springframework.web.filter.OncePerRequestFilter.doFilter(OncePerRequestFilter.java:107)
	at org.apache.catalina.core.ApplicationFilterChain.internalDoFilter(ApplicationFilterChain.java:193)
	at org.apache.catalina.core.ApplicationFilterChain.doFilter(ApplicationFilterChain.java:166)
	at org.springframework.web.filter.HiddenHttpMethodFilter.doFilterInternal(HiddenHttpMethodFilter.java:93)
	at org.springframework.web.filter.OncePerRequestFilter.doFilter(OncePerRequestFilter.java:107)
	at org.apache.catalina.core.ApplicationFilterChain.internalDoFilter(ApplicationFilterChain.java:193)
	at org.apache.catalina.core.ApplicationFilterChain.doFilter(ApplicationFilterChain.java:166)
	at org.springframework.boot.actuate.metrics.web.servlet.WebMvcMetricsFilter.filterAndRecordMetrics(WebMvcMetricsFilter.java:117)
	at org.springframework.boot.actuate.metrics.web.servlet.WebMvcMetricsFilter.doFilterInternal(WebMvcMetricsFilter.java:106)
	at org.springframework.web.filter.OncePerRequestFilter.doFilter(OncePerRequestFilter.java:107)
	at org.apache.catalina.core.ApplicationFilterChain.internalDoFilter(ApplicationFilterChain.java:193)
	at org.apache.catalina.core.ApplicationFilterChain.doFilter(ApplicationFilterChain.java:166)
	at org.springframework.web.filter.CharacterEncodingFilter.doFilterInternal(CharacterEncodingFilter.java:200)
	at org.springframework.web.filter.OncePerRequestFilter.doFilter(OncePerRequestFilter.java:107)
	at org.apache.catalina.core.ApplicationFilterChain.internalDoFilter(ApplicationFilterChain.java:193)
	at org.apache.catalina.core.ApplicationFilterChain.doFilter(ApplicationFilterChain.java:166)
	at org.apache.catalina.core.StandardWrapperValve.invoke(StandardWrapperValve.java:200)
	at org.apache.catalina.core.StandardContextValve.invoke(StandardContextValve.java:96)
	at org.apache.catalina.authenticator.AuthenticatorBase.invoke(AuthenticatorBase.java:490)
	at org.apache.catalina.core.StandardHostValve.invoke(StandardHostValve.java:139)
	at org.apache.catalina.valves.ErrorReportValve.invoke(ErrorReportValve.java:92)
	at org.apache.catalina.core.StandardEngineValve.invoke(StandardEngineValve.java:74)
	at org.apache.catalina.connector.CoyoteAdapter.service(CoyoteAdapter.java:343)
	at org.apache.coyote.http11.Http11Processor.service(Http11Processor.java:408)
	at org.apache.coyote.AbstractProcessorLight.process(AbstractProcessorLight.java:66)
	at org.apache.coyote.AbstractProtocol$ConnectionHandler.process(AbstractProtocol.java:834)
	at org.apache.tomcat.util.net.NioEndpoint$SocketProcessor.doRun(NioEndpoint.java:1415)
	at org.apache.tomcat.util.net.SocketProcessorBase.run(SocketProcessorBase.java:49)
	at java.util.concurrent.ThreadPoolExecutor.runWorker(ThreadPoolExecutor.java:1149)
	at java.util.concurrent.ThreadPoolExecutor$Worker.run(ThreadPoolExecutor.java:624)
	at org.apache.tomcat.util.threads.TaskThread$WrappingRunnable.run(TaskThread.java:61)
	at java.lang.Thread.run(Thread.java:748)
2020-04-05 18:38:41.944 [http-nio-8080-exec-4] INFO  o.j.m.system.controller.SysPermissionController:120 -  ------ 通过令牌获取用户拥有的访问菜单 ---- TOKEN ------ eyJ0eXAiOiJKV1QiLCJhbGciOiJIUzI1NiJ9.eyJleHAiOjE1ODYxNjk1MjEsInVzZXJuYW1lIjoic3VwZXJhZG1pbiJ9.E3KT_HVEtRj5M5tcNRnryxX5UGKV8_JgEGSOT4p9ZPY
2020-04-05 18:38:56.767 [http-nio-8080-exec-6] INFO  org.jeecg.modules.shiro.authc.ShiroRealm:60 - ————权限认证 [ roles、permissions]————
2020-04-05 18:38:56.791 [http-nio-8080-exec-6] INFO  o.j.modules.system.service.impl.SysUserServiceImpl:121 - -------通过数据库读取用户拥有的角色Rules------username： superadmin,Roles size: 1
2020-04-05 18:38:56.829 [http-nio-8080-exec-6] INFO  o.j.modules.system.service.impl.SysUserServiceImpl:145 - -------通过数据库读取用户拥有的权限Perms------username： superadmin,Perms size: 3
2020-04-05 18:38:56.838 [http-nio-8080-exec-6] INFO  org.jeecg.modules.shiro.authc.ShiroRealm:60 - ————权限认证 [ roles、permissions]————
2020-04-05 18:38:56.911 [http-nio-8080-exec-6] INFO  org.jeecg.modules.shiro.authc.ShiroRealm:60 - ————权限认证 [ roles、permissions]————
2020-04-05 18:38:56.922 [http-nio-8080-exec-6] INFO  org.jeecg.modules.shiro.authc.ShiroRealm:60 - ————权限认证 [ roles、permissions]————
2020-04-05 18:38:56.968 [http-nio-8080-exec-6] INFO  org.jeecg.common.system.query.QueryGenerator:354 - --查询规则-->org_code RIGHT_LIKE A01
2020-04-05 18:38:57.251 [http-nio-8080-exec-6] INFO  o.j.modules.system.service.impl.SysDictServiceImpl:59 - 无缓存dictText的时候调用这里！
2020-04-05 18:38:57.288 [http-nio-8080-exec-6] INFO  o.j.modules.system.service.impl.SysDictServiceImpl:59 - 无缓存dictText的时候调用这里！
2020-04-05 18:38:57.330 [http-nio-8080-exec-6] INFO  o.j.modules.system.service.impl.SysDictServiceImpl:59 - 无缓存dictText的时候调用这里！
2020-04-05 18:39:06.015 [http-nio-8080-exec-8] INFO  org.jeecg.modules.shiro.authc.ShiroRealm:60 - ————权限认证 [ roles、permissions]————
2020-04-05 18:39:06.023 [http-nio-8080-exec-8] INFO  org.jeecg.modules.shiro.authc.ShiroRealm:60 - ————权限认证 [ roles、permissions]————
2020-04-05 18:39:06.029 [http-nio-8080-exec-8] INFO  org.jeecg.modules.shiro.authc.ShiroRealm:60 - ————权限认证 [ roles、permissions]————
2020-04-05 18:39:06.038 [http-nio-8080-exec-8] INFO  org.jeecg.modules.shiro.authc.ShiroRealm:60 - ————权限认证 [ roles、permissions]————
2020-04-05 18:39:06.077 [http-nio-8080-exec-8] INFO  org.jeecg.modules.shiro.authc.ShiroRealm:60 - ————权限认证 [ roles、permissions]————
2020-04-05 18:39:06.083 [http-nio-8080-exec-8] INFO  org.jeecg.modules.shiro.authc.ShiroRealm:60 - ————权限认证 [ roles、permissions]————
2020-04-05 18:39:06.089 [http-nio-8080-exec-8] INFO  org.jeecg.modules.shiro.authc.ShiroRealm:60 - ————权限认证 [ roles、permissions]————
2020-04-05 18:39:06.095 [http-nio-8080-exec-8] INFO  org.jeecg.modules.shiro.authc.ShiroRealm:60 - ————权限认证 [ roles、permissions]————
2020-04-05 18:39:06.122 [http-nio-8080-exec-8] INFO  org.jeecg.common.system.query.QueryGenerator:354 - --查询规则-->session_name = 临床
2020-04-05 18:39:20.116 [http-nio-8080-exec-2] INFO  org.jeecg.modules.shiro.authc.ShiroRealm:60 - ————权限认证 [ roles、permissions]————
2020-04-05 18:39:20.122 [http-nio-8080-exec-2] INFO  org.jeecg.modules.shiro.authc.ShiroRealm:60 - ————权限认证 [ roles、permissions]————
2020-04-05 18:39:20.129 [http-nio-8080-exec-2] INFO  org.jeecg.modules.shiro.authc.ShiroRealm:60 - ————权限认证 [ roles、permissions]————
2020-04-05 18:39:20.137 [http-nio-8080-exec-2] INFO  org.jeecg.modules.shiro.authc.ShiroRealm:60 - ————权限认证 [ roles、permissions]————
2020-04-05 18:39:20.143 [http-nio-8080-exec-2] INFO  org.jeecg.modules.shiro.authc.ShiroRealm:60 - ————权限认证 [ roles、permissions]————
2020-04-05 18:39:20.152 [http-nio-8080-exec-2] INFO  org.jeecg.modules.shiro.authc.ShiroRealm:60 - ————权限认证 [ roles、permissions]————
2020-04-05 18:39:20.160 [http-nio-8080-exec-2] INFO  org.jeecg.common.system.query.QueryGenerator:354 - --查询规则-->exam_id = 1673c7d6cd73df19efaf941f1186ec8e
2020-04-05 18:39:43.603 [http-nio-8080-exec-4] INFO  org.jeecg.modules.shiro.authc.ShiroRealm:60 - ————权限认证 [ roles、permissions]————
2020-04-05 18:39:43.610 [http-nio-8080-exec-4] INFO  org.jeecg.modules.shiro.authc.ShiroRealm:60 - ————权限认证 [ roles、permissions]————
2020-04-05 18:39:43.616 [http-nio-8080-exec-4] INFO  org.jeecg.modules.shiro.authc.ShiroRealm:60 - ————权限认证 [ roles、permissions]————
2020-04-05 18:39:43.622 [http-nio-8080-exec-4] INFO  org.jeecg.modules.shiro.authc.ShiroRealm:60 - ————权限认证 [ roles、permissions]————
2020-04-05 18:39:43.630 [http-nio-8080-exec-4] INFO  org.jeecg.modules.shiro.authc.ShiroRealm:60 - ————权限认证 [ roles、permissions]————
2020-04-05 18:39:43.636 [http-nio-8080-exec-4] INFO  org.jeecg.modules.shiro.authc.ShiroRealm:60 - ————权限认证 [ roles、permissions]————
2020-04-05 18:39:43.644 [http-nio-8080-exec-4] INFO  org.jeecg.common.system.query.QueryGenerator:354 - --查询规则-->exam_id = 1673c7d6cd73df19efaf941f1186ec8e
2020-04-05 18:39:50.604 [http-nio-8080-exec-6] INFO  org.jeecg.modules.shiro.authc.ShiroRealm:60 - ————权限认证 [ roles、permissions]————
2020-04-05 18:39:50.611 [http-nio-8080-exec-6] INFO  org.jeecg.modules.shiro.authc.ShiroRealm:60 - ————权限认证 [ roles、permissions]————
2020-04-05 18:39:50.616 [http-nio-8080-exec-6] INFO  org.jeecg.modules.shiro.authc.ShiroRealm:60 - ————权限认证 [ roles、permissions]————
2020-04-05 18:39:50.622 [http-nio-8080-exec-6] INFO  org.jeecg.modules.shiro.authc.ShiroRealm:60 - ————权限认证 [ roles、permissions]————
2020-04-05 18:39:50.664 [http-nio-8080-exec-6] INFO  org.jeecg.modules.shiro.authc.ShiroRealm:60 - ————权限认证 [ roles、permissions]————
2020-04-05 18:39:50.669 [http-nio-8080-exec-6] INFO  org.jeecg.modules.shiro.authc.ShiroRealm:60 - ————权限认证 [ roles、permissions]————
2020-04-05 18:39:50.677 [http-nio-8080-exec-6] INFO  org.jeecg.modules.shiro.authc.ShiroRealm:60 - ————权限认证 [ roles、permissions]————
2020-04-05 18:39:50.683 [http-nio-8080-exec-6] INFO  org.jeecg.modules.shiro.authc.ShiroRealm:60 - ————权限认证 [ roles、permissions]————
2020-04-05 18:39:56.997 [http-nio-8080-exec-8] INFO  org.jeecg.modules.shiro.authc.ShiroRealm:60 - ————权限认证 [ roles、permissions]————
2020-04-05 18:39:57.002 [http-nio-8080-exec-8] INFO  org.jeecg.modules.shiro.authc.ShiroRealm:60 - ————权限认证 [ roles、permissions]————
2020-04-05 18:39:57.010 [http-nio-8080-exec-8] INFO  org.jeecg.modules.shiro.authc.ShiroRealm:60 - ————权限认证 [ roles、permissions]————
2020-04-05 18:39:57.017 [http-nio-8080-exec-8] INFO  org.jeecg.modules.shiro.authc.ShiroRealm:60 - ————权限认证 [ roles、permissions]————
2020-04-05 18:39:57.054 [http-nio-8080-exec-8] INFO  org.jeecg.modules.shiro.authc.ShiroRealm:60 - ————权限认证 [ roles、permissions]————
2020-04-05 18:39:57.062 [http-nio-8080-exec-8] INFO  org.jeecg.modules.shiro.authc.ShiroRealm:60 - ————权限认证 [ roles、permissions]————
2020-04-05 18:39:57.068 [http-nio-8080-exec-8] INFO  org.jeecg.modules.shiro.authc.ShiroRealm:60 - ————权限认证 [ roles、permissions]————
2020-04-05 18:39:57.075 [http-nio-8080-exec-8] INFO  org.jeecg.modules.shiro.authc.ShiroRealm:60 - ————权限认证 [ roles、permissions]————
2020-04-05 18:40:01.155 [http-nio-8080-exec-10] INFO  org.jeecg.modules.shiro.authc.ShiroRealm:60 - ————权限认证 [ roles、permissions]————
2020-04-05 18:40:01.182 [http-nio-8080-exec-10] INFO  org.jeecg.modules.shiro.authc.ShiroRealm:60 - ————权限认证 [ roles、permissions]————
2020-04-05 18:40:01.188 [http-nio-8080-exec-10] INFO  org.jeecg.modules.shiro.authc.ShiroRealm:60 - ————权限认证 [ roles、permissions]————
2020-04-05 18:40:01.202 [http-nio-8080-exec-10] INFO  org.jeecg.modules.shiro.authc.ShiroRealm:60 - ————权限认证 [ roles、permissions]————
2020-04-05 18:40:01.223 [http-nio-8080-exec-10] INFO  org.jeecg.modules.shiro.authc.ShiroRealm:60 - ————权限认证 [ roles、permissions]————
2020-04-05 18:40:01.229 [http-nio-8080-exec-10] INFO  org.jeecg.modules.shiro.authc.ShiroRealm:60 - ————权限认证 [ roles、permissions]————
2020-04-05 18:40:01.235 [http-nio-8080-exec-10] INFO  org.jeecg.modules.shiro.authc.ShiroRealm:60 - ————权限认证 [ roles、permissions]————
2020-04-05 18:40:01.242 [http-nio-8080-exec-10] INFO  org.jeecg.modules.shiro.authc.ShiroRealm:60 - ————权限认证 [ roles、permissions]————
2020-04-05 18:40:11.423 [http-nio-8080-exec-3] INFO  org.jeecg.modules.shiro.authc.ShiroRealm:60 - ————权限认证 [ roles、permissions]————
2020-04-05 18:40:11.429 [http-nio-8080-exec-3] INFO  org.jeecg.modules.shiro.authc.ShiroRealm:60 - ————权限认证 [ roles、permissions]————
2020-04-05 18:40:11.433 [http-nio-8080-exec-3] INFO  org.jeecg.modules.shiro.authc.ShiroRealm:60 - ————权限认证 [ roles、permissions]————
2020-04-05 18:40:11.440 [http-nio-8080-exec-3] INFO  org.jeecg.modules.shiro.authc.ShiroRealm:60 - ————权限认证 [ roles、permissions]————
2020-04-05 18:40:11.446 [http-nio-8080-exec-3] INFO  org.jeecg.modules.shiro.authc.ShiroRealm:60 - ————权限认证 [ roles、permissions]————
2020-04-05 18:40:11.451 [http-nio-8080-exec-3] INFO  org.jeecg.modules.shiro.authc.ShiroRealm:60 - ————权限认证 [ roles、permissions]————
2020-04-05 18:40:11.460 [http-nio-8080-exec-3] INFO  org.jeecg.common.system.query.QueryGenerator:354 - --查询规则-->exam_id = 1673c7d6cd73df19efaf941f1186ec8e
2020-04-05 20:52:33.800 [http-nio-8080-exec-4] INFO  org.jeecg.modules.shiro.authc.ShiroRealm:60 - ————权限认证 [ roles、permissions]————
2020-04-05 20:52:33.922 [http-nio-8080-exec-4] INFO  o.j.modules.system.service.impl.SysUserServiceImpl:121 - -------通过数据库读取用户拥有的角色Rules------username： superadmin,Roles size: 1
2020-04-05 20:52:33.948 [http-nio-8080-exec-4] INFO  o.j.modules.system.service.impl.SysUserServiceImpl:145 - -------通过数据库读取用户拥有的权限Perms------username： superadmin,Perms size: 3
2020-04-05 20:52:33.954 [http-nio-8080-exec-4] INFO  org.jeecg.modules.shiro.authc.ShiroRealm:60 - ————权限认证 [ roles、permissions]————
2020-04-05 20:52:33.959 [http-nio-8080-exec-4] INFO  org.jeecg.modules.shiro.authc.ShiroRealm:60 - ————权限认证 [ roles、permissions]————
2020-04-05 20:52:33.967 [http-nio-8080-exec-4] INFO  org.jeecg.modules.shiro.authc.ShiroRealm:60 - ————权限认证 [ roles、permissions]————
2020-04-05 20:52:33.976 [http-nio-8080-exec-4] INFO  org.jeecg.modules.shiro.authc.ShiroRealm:60 - ————权限认证 [ roles、permissions]————
2020-04-05 20:52:33.983 [http-nio-8080-exec-4] INFO  org.jeecg.modules.shiro.authc.ShiroRealm:60 - ————权限认证 [ roles、permissions]————
2020-04-05 20:52:33.993 [http-nio-8080-exec-4] INFO  org.jeecg.common.system.query.QueryGenerator:354 - --查询规则-->exam_id = 1673c7d6cd73df19efaf941f1186ec8e
2020-04-05 20:56:17.351 [http-nio-8080-exec-5] INFO  org.jeecg.modules.shiro.authc.ShiroRealm:60 - ————权限认证 [ roles、permissions]————
2020-04-05 20:56:17.387 [http-nio-8080-exec-5] INFO  org.jeecg.modules.shiro.authc.ShiroRealm:60 - ————权限认证 [ roles、permissions]————
2020-04-05 20:56:17.396 [http-nio-8080-exec-5] INFO  org.jeecg.modules.shiro.authc.ShiroRealm:60 - ————权限认证 [ roles、permissions]————
2020-04-05 20:56:17.403 [http-nio-8080-exec-5] INFO  org.jeecg.modules.shiro.authc.ShiroRealm:60 - ————权限认证 [ roles、permissions]————
2020-04-05 20:56:17.410 [http-nio-8080-exec-5] INFO  org.jeecg.modules.shiro.authc.ShiroRealm:60 - ————权限认证 [ roles、permissions]————
2020-04-05 20:56:17.417 [http-nio-8080-exec-5] INFO  org.jeecg.modules.shiro.authc.ShiroRealm:60 - ————权限认证 [ roles、permissions]————
2020-04-05 20:56:17.814 [http-nio-8080-exec-6] INFO  org.jeecg.modules.shiro.authc.ShiroRealm:60 - ————权限认证 [ roles、permissions]————
2020-04-05 20:56:17.819 [http-nio-8080-exec-6] INFO  org.jeecg.modules.shiro.authc.ShiroRealm:60 - ————权限认证 [ roles、permissions]————
2020-04-05 20:56:17.826 [http-nio-8080-exec-6] INFO  org.jeecg.modules.shiro.authc.ShiroRealm:60 - ————权限认证 [ roles、permissions]————
2020-04-05 20:56:17.833 [http-nio-8080-exec-6] INFO  org.jeecg.modules.shiro.authc.ShiroRealm:60 - ————权限认证 [ roles、permissions]————
2020-04-05 20:56:17.838 [http-nio-8080-exec-6] INFO  org.jeecg.modules.shiro.authc.ShiroRealm:60 - ————权限认证 [ roles、permissions]————
2020-04-05 20:56:17.845 [http-nio-8080-exec-6] INFO  org.jeecg.modules.shiro.authc.ShiroRealm:60 - ————权限认证 [ roles、permissions]————
2020-04-05 20:56:17.855 [http-nio-8080-exec-6] INFO  org.jeecg.common.system.query.QueryGenerator:354 - --查询规则-->exam_id = 1673c7d6cd73df19efaf941f1186ec8e
2020-04-05 20:59:50.452 [http-nio-8080-exec-7] INFO  org.jeecg.modules.shiro.authc.ShiroRealm:60 - ————权限认证 [ roles、permissions]————
2020-04-05 20:59:50.459 [http-nio-8080-exec-7] INFO  org.jeecg.modules.shiro.authc.ShiroRealm:60 - ————权限认证 [ roles、permissions]————
2020-04-05 20:59:50.468 [http-nio-8080-exec-7] INFO  org.jeecg.modules.shiro.authc.ShiroRealm:60 - ————权限认证 [ roles、permissions]————
2020-04-05 20:59:50.474 [http-nio-8080-exec-7] INFO  org.jeecg.modules.shiro.authc.ShiroRealm:60 - ————权限认证 [ roles、permissions]————
2020-04-05 21:00:03.508 [http-nio-8080-exec-1] INFO  org.jeecg.modules.shiro.authc.ShiroRealm:60 - ————权限认证 [ roles、permissions]————
2020-04-05 21:00:03.515 [http-nio-8080-exec-1] INFO  org.jeecg.modules.shiro.authc.ShiroRealm:60 - ————权限认证 [ roles、permissions]————
2020-04-05 21:00:03.519 [http-nio-8080-exec-1] INFO  org.jeecg.modules.shiro.authc.ShiroRealm:60 - ————权限认证 [ roles、permissions]————
2020-04-05 21:00:03.525 [http-nio-8080-exec-1] INFO  org.jeecg.modules.shiro.authc.ShiroRealm:60 - ————权限认证 [ roles、permissions]————
2020-04-05 21:00:03.531 [http-nio-8080-exec-1] INFO  org.jeecg.modules.shiro.authc.ShiroRealm:60 - ————权限认证 [ roles、permissions]————
2020-04-05 21:00:03.535 [http-nio-8080-exec-1] INFO  org.jeecg.modules.shiro.authc.ShiroRealm:60 - ————权限认证 [ roles、permissions]————
2020-04-05 21:00:03.541 [http-nio-8080-exec-1] INFO  org.jeecg.common.system.query.QueryGenerator:354 - --查询规则-->exam_id = 1673c7d6cd73df19efaf941f1186ec8e
2020-04-05 21:00:19.398 [http-nio-8080-exec-3] INFO  org.jeecg.modules.shiro.authc.ShiroRealm:60 - ————权限认证 [ roles、permissions]————
2020-04-05 21:00:19.405 [http-nio-8080-exec-3] INFO  org.jeecg.modules.shiro.authc.ShiroRealm:60 - ————权限认证 [ roles、permissions]————
2020-04-05 21:00:19.414 [http-nio-8080-exec-3] INFO  org.jeecg.modules.shiro.authc.ShiroRealm:60 - ————权限认证 [ roles、permissions]————
2020-04-05 21:00:19.420 [http-nio-8080-exec-3] INFO  org.jeecg.modules.shiro.authc.ShiroRealm:60 - ————权限认证 [ roles、permissions]————
2020-04-05 21:00:19.431 [http-nio-8080-exec-3] INFO  org.jeecg.modules.shiro.authc.ShiroRealm:60 - ————权限认证 [ roles、permissions]————
2020-04-05 21:00:19.436 [http-nio-8080-exec-3] INFO  org.jeecg.modules.shiro.authc.ShiroRealm:60 - ————权限认证 [ roles、permissions]————
2020-04-05 21:00:19.440 [http-nio-8080-exec-3] INFO  org.jeecg.modules.shiro.authc.ShiroRealm:60 - ————权限认证 [ roles、permissions]————
2020-04-05 21:00:19.447 [http-nio-8080-exec-3] INFO  org.jeecg.modules.shiro.authc.ShiroRealm:60 - ————权限认证 [ roles、permissions]————
2020-04-05 21:00:19.454 [http-nio-8080-exec-3] INFO  org.jeecg.modules.exam.controller.ExamController:210 - 当前时间:1586091619454
2020-04-05 21:00:19.455 [http-nio-8080-exec-3] INFO  org.jeecg.modules.exam.controller.ExamController:211 - 考试开始时间：1584249265000考试结束时间:1586848356000
2020-04-05 21:00:26.027 [http-nio-8080-exec-5] INFO  org.jeecg.modules.shiro.authc.ShiroRealm:60 - ————权限认证 [ roles、permissions]————
2020-04-05 21:00:26.038 [http-nio-8080-exec-5] INFO  org.jeecg.modules.shiro.authc.ShiroRealm:60 - ————权限认证 [ roles、permissions]————
2020-04-05 21:00:26.048 [http-nio-8080-exec-5] INFO  org.jeecg.modules.shiro.authc.ShiroRealm:60 - ————权限认证 [ roles、permissions]————
2020-04-05 21:00:26.054 [http-nio-8080-exec-5] INFO  org.jeecg.modules.shiro.authc.ShiroRealm:60 - ————权限认证 [ roles、permissions]————
2020-04-05 21:00:26.061 [http-nio-8080-exec-5] INFO  org.jeecg.modules.shiro.authc.ShiroRealm:60 - ————权限认证 [ roles、permissions]————
2020-04-05 21:00:26.065 [http-nio-8080-exec-5] INFO  org.jeecg.modules.shiro.authc.ShiroRealm:60 - ————权限认证 [ roles、permissions]————
2020-04-05 21:00:26.073 [http-nio-8080-exec-5] INFO  org.jeecg.common.system.query.QueryGenerator:354 - --查询规则-->exam_id = 1673c7d6cd73df19efaf941f1186ec8e
2020-04-05 21:00:49.508 [http-nio-8080-exec-8] INFO  org.jeecg.modules.shiro.authc.ShiroRealm:60 - ————权限认证 [ roles、permissions]————
2020-04-05 21:00:49.514 [http-nio-8080-exec-8] INFO  org.jeecg.modules.shiro.authc.ShiroRealm:60 - ————权限认证 [ roles、permissions]————
2020-04-05 21:00:49.519 [http-nio-8080-exec-8] INFO  org.jeecg.modules.shiro.authc.ShiroRealm:60 - ————权限认证 [ roles、permissions]————
2020-04-05 21:00:49.526 [http-nio-8080-exec-8] INFO  org.jeecg.modules.shiro.authc.ShiroRealm:60 - ————权限认证 [ roles、permissions]————
2020-04-05 21:00:49.531 [http-nio-8080-exec-8] INFO  org.jeecg.modules.shiro.authc.ShiroRealm:60 - ————权限认证 [ roles、permissions]————
2020-04-05 21:00:49.536 [http-nio-8080-exec-8] INFO  org.jeecg.modules.shiro.authc.ShiroRealm:60 - ————权限认证 [ roles、permissions]————
2020-04-05 21:00:49.545 [http-nio-8080-exec-8] INFO  org.jeecg.modules.shiro.authc.ShiroRealm:60 - ————权限认证 [ roles、permissions]————
2020-04-05 21:00:49.551 [http-nio-8080-exec-8] INFO  org.jeecg.modules.shiro.authc.ShiroRealm:60 - ————权限认证 [ roles、permissions]————
2020-04-05 21:00:49.558 [http-nio-8080-exec-8] INFO  org.jeecg.modules.exam.controller.ExamController:210 - 当前时间:1586091649558
2020-04-05 21:00:49.561 [http-nio-8080-exec-8] INFO  org.jeecg.modules.exam.controller.ExamController:211 - 考试开始时间：1584249265000考试结束时间:1586848356000
2020-04-05 21:01:58.357 [Thread-63] INFO  org.quartz.core.QuartzScheduler:585 - Scheduler quartzScheduler_$_NON_CLUSTERED paused.
2020-04-05 21:01:58.385 [Thread-63] INFO  o.s.scheduling.concurrent.ThreadPoolTaskExecutor:208 - Shutting down ExecutorService 'applicationTaskExecutor'
2020-04-05 21:01:58.430 [Thread-63] INFO  o.s.scheduling.quartz.SchedulerFactoryBean:844 - Shutting down Quartz Scheduler
2020-04-05 21:01:58.487 [Thread-63] INFO  org.quartz.core.QuartzScheduler:666 - Scheduler quartzScheduler_$_NON_CLUSTERED shutting down.
2020-04-05 21:01:58.488 [Thread-63] INFO  org.quartz.core.QuartzScheduler:585 - Scheduler quartzScheduler_$_NON_CLUSTERED paused.
2020-04-05 21:01:58.504 [Thread-63] INFO  org.quartz.core.QuartzScheduler:740 - Scheduler quartzScheduler_$_NON_CLUSTERED shutdown complete.
2020-04-05 21:01:58.547 [Thread-63] INFO  c.b.dynamic.datasource.DynamicRoutingDataSource:175 - closing dynamicDatasource  ing....
2020-04-05 21:01:58.635 [Thread-63] INFO  com.alibaba.druid.pool.DruidDataSource:1825 - {dataSource-1} closed
