2019-11-30 14:12:50.121 [main] INFO  org.jeecg.JeecgApplication:50 - Starting JeecgApplication on LAPTOP-NFCJQSOI with PID 15956 (started by 123 in F:\毕业设计\exam_system\jeecg-boot)
2019-11-30 14:12:50.192 [main] INFO  org.jeecg.JeecgApplication:679 - The following profiles are active: dev
2019-11-30 14:13:00.900 [main] INFO  o.s.d.r.config.RepositoryConfigurationDelegate:244 - Multiple Spring Data modules found, entering strict repository configuration mode!
2019-11-30 14:13:00.906 [main] INFO  o.s.d.r.config.RepositoryConfigurationDelegate:126 - Bootstrapping Spring Data repositories in DEFAULT mode.
2019-11-30 14:13:01.000 [main] INFO  o.s.d.r.config.RepositoryConfigurationDelegate:182 - Finished Spring Data repository scanning in 62ms. Found 0 repository interfaces.
2019-11-30 14:13:01.975 [main] INFO  o.s.c.s.PostProcessorRegistrationDelegate$BeanPostProcessorChecker:330 - Bean 'shiroConfig' of type [org.jeecg.config.ShiroConfig$$EnhancerBySpringCGLIB$$98dc16d3] is not eligible for getting processed by all BeanPostProcessors (for example: not eligible for auto-proxying)
2019-11-30 14:13:02.189 [main] INFO  o.s.c.s.PostProcessorRegistrationDelegate$BeanPostProcessorChecker:330 - Bean 'shiroRealm' of type [org.jeecg.modules.shiro.authc.ShiroRealm] is not eligible for getting processed by all BeanPostProcessors (for example: not eligible for auto-proxying)
2019-11-30 14:13:03.392 [main] INFO  o.s.c.s.PostProcessorRegistrationDelegate$BeanPostProcessorChecker:330 - Bean 'securityManager' of type [org.apache.shiro.web.mgt.DefaultWebSecurityManager] is not eligible for getting processed by all BeanPostProcessors (for example: not eligible for auto-proxying)
2019-11-30 14:13:03.431 [main] INFO  o.s.c.s.PostProcessorRegistrationDelegate$BeanPostProcessorChecker:330 - Bean 'authorizationAttributeSourceAdvisor' of type [org.apache.shiro.spring.security.interceptor.AuthorizationAttributeSourceAdvisor] is not eligible for getting processed by all BeanPostProcessors (for example: not eligible for auto-proxying)
2019-11-30 14:13:03.656 [main] INFO  o.s.c.s.PostProcessorRegistrationDelegate$BeanPostProcessorChecker:330 - Bean 'org.springframework.transaction.annotation.ProxyTransactionManagementConfiguration' of type [org.springframework.transaction.annotation.ProxyTransactionManagementConfiguration$$EnhancerBySpringCGLIB$$78d6ad3d] is not eligible for getting processed by all BeanPostProcessors (for example: not eligible for auto-proxying)
2019-11-30 14:13:04.029 [main] INFO  o.s.c.s.PostProcessorRegistrationDelegate$BeanPostProcessorChecker:330 - Bean 'spring.datasource.dynamic-com.baomidou.dynamic.datasource.spring.boot.autoconfigure.DynamicDataSourceProperties' of type [com.baomidou.dynamic.datasource.spring.boot.autoconfigure.DynamicDataSourceProperties] is not eligible for getting processed by all BeanPostProcessors (for example: not eligible for auto-proxying)
2019-11-30 14:13:04.039 [main] INFO  o.s.c.s.PostProcessorRegistrationDelegate$BeanPostProcessorChecker:330 - Bean 'com.baomidou.dynamic.datasource.spring.boot.autoconfigure.DynamicDataSourceAutoConfiguration' of type [com.baomidou.dynamic.datasource.spring.boot.autoconfigure.DynamicDataSourceAutoConfiguration$$EnhancerBySpringCGLIB$$e2651e0e] is not eligible for getting processed by all BeanPostProcessors (for example: not eligible for auto-proxying)
2019-11-30 14:13:04.060 [main] INFO  o.s.c.s.PostProcessorRegistrationDelegate$BeanPostProcessorChecker:330 - Bean 'dsProcessor' of type [com.baomidou.dynamic.datasource.processor.DsHeaderProcessor] is not eligible for getting processed by all BeanPostProcessors (for example: not eligible for auto-proxying)
2019-11-30 14:13:04.076 [main] INFO  o.s.c.s.PostProcessorRegistrationDelegate$BeanPostProcessorChecker:330 - Bean 'dynamicDatasourceAnnotationAdvisor' of type [com.baomidou.dynamic.datasource.aop.DynamicDataSourceAnnotationAdvisor] is not eligible for getting processed by all BeanPostProcessors (for example: not eligible for auto-proxying)
2019-11-30 14:13:04.112 [main] INFO  o.s.c.s.PostProcessorRegistrationDelegate$BeanPostProcessorChecker:330 - Bean 'spring.redis-org.springframework.boot.autoconfigure.data.redis.RedisProperties' of type [org.springframework.boot.autoconfigure.data.redis.RedisProperties] is not eligible for getting processed by all BeanPostProcessors (for example: not eligible for auto-proxying)
2019-11-30 14:13:04.129 [main] INFO  o.s.c.s.PostProcessorRegistrationDelegate$BeanPostProcessorChecker:330 - Bean 'org.springframework.boot.autoconfigure.data.redis.LettuceConnectionConfiguration' of type [org.springframework.boot.autoconfigure.data.redis.LettuceConnectionConfiguration$$EnhancerBySpringCGLIB$$8df06b87] is not eligible for getting processed by all BeanPostProcessors (for example: not eligible for auto-proxying)
2019-11-30 14:13:04.464 [main] INFO  o.s.c.s.PostProcessorRegistrationDelegate$BeanPostProcessorChecker:330 - Bean 'lettuceClientResources' of type [io.lettuce.core.resource.DefaultClientResources] is not eligible for getting processed by all BeanPostProcessors (for example: not eligible for auto-proxying)
2019-11-30 14:13:04.839 [main] INFO  o.s.c.s.PostProcessorRegistrationDelegate$BeanPostProcessorChecker:330 - Bean 'redisConnectionFactory' of type [org.springframework.data.redis.connection.lettuce.LettuceConnectionFactory] is not eligible for getting processed by all BeanPostProcessors (for example: not eligible for auto-proxying)
2019-11-30 14:13:04.861 [main] INFO  o.s.c.s.PostProcessorRegistrationDelegate$BeanPostProcessorChecker:330 - Bean 'redisConfig' of type [org.jeecg.config.RedisConfig$$EnhancerBySpringCGLIB$$e3aa9e1d] is not eligible for getting processed by all BeanPostProcessors (for example: not eligible for auto-proxying)
2019-11-30 14:13:04.911 [main] INFO  o.s.c.s.PostProcessorRegistrationDelegate$BeanPostProcessorChecker:330 - Bean 'org.apache.shiro.spring.boot.autoconfigure.ShiroBeanAutoConfiguration' of type [org.apache.shiro.spring.boot.autoconfigure.ShiroBeanAutoConfiguration$$EnhancerBySpringCGLIB$$8bef8aed] is not eligible for getting processed by all BeanPostProcessors (for example: not eligible for auto-proxying)
2019-11-30 14:13:04.921 [main] INFO  o.s.c.s.PostProcessorRegistrationDelegate$BeanPostProcessorChecker:330 - Bean 'eventBus' of type [org.apache.shiro.event.support.DefaultEventBus] is not eligible for getting processed by all BeanPostProcessors (for example: not eligible for auto-proxying)
2019-11-30 14:13:07.325 [main] INFO  o.s.boot.web.embedded.tomcat.TomcatWebServer:90 - Tomcat initialized with port(s): 8080 (http)
2019-11-30 14:13:07.363 [main] INFO  org.apache.coyote.http11.Http11NioProtocol:173 - Initializing ProtocolHandler ["http-nio-8080"]
2019-11-30 14:13:07.429 [main] INFO  org.apache.catalina.core.StandardService:173 - Starting service [Tomcat]
2019-11-30 14:13:07.429 [main] INFO  org.apache.catalina.core.StandardEngine:173 - Starting Servlet engine: [Apache Tomcat/9.0.16]
2019-11-30 14:13:07.499 [main] INFO  org.apache.catalina.core.AprLifecycleListener:173 - Loaded APR based Apache Tomcat Native library [1.2.21] using APR version [1.6.5].
2019-11-30 14:13:07.500 [main] INFO  org.apache.catalina.core.AprLifecycleListener:173 - APR capabilities: IPv6 [true], sendfile [true], accept filters [false], random [true].
2019-11-30 14:13:07.500 [main] INFO  org.apache.catalina.core.AprLifecycleListener:173 - APR/OpenSSL configuration: useAprConnector [false], useOpenSSL [true]
2019-11-30 14:13:07.508 [main] INFO  org.apache.catalina.core.AprLifecycleListener:173 - OpenSSL successfully initialized [OpenSSL 1.1.1a  20 Nov 2018]
2019-11-30 14:13:08.258 [main] INFO  o.a.c.c.C.[Tomcat].[localhost].[/web-api]:173 - Initializing Spring embedded WebApplicationContext
2019-11-30 14:13:08.259 [main] INFO  org.springframework.web.context.ContextLoader:296 - Root WebApplicationContext: initialization completed in 17818 ms
2019-11-30 14:13:10.743 [main] INFO  c.b.dynamic.datasource.DynamicDataSourceCreator:109 - 动态数据源-检测到druid存在,如配置中未指定type,druid会默认配置
2019-11-30 14:13:12.308 [main] INFO  com.alibaba.druid.pool.DruidDataSource:930 - {dataSource-1,master} inited
2019-11-30 14:13:12.309 [main] INFO  c.b.dynamic.datasource.DynamicRoutingDataSource:189 - 初始共加载 1 个数据源
2019-11-30 14:13:12.310 [main] INFO  c.b.dynamic.datasource.DynamicRoutingDataSource:135 - 动态数据源-加载 master 成功
2019-11-30 14:13:12.310 [main] INFO  c.b.dynamic.datasource.DynamicRoutingDataSource:198 - 当前的默认数据源是单数据源，数据源名为 master
2019-11-30 14:13:19.330 [main] INFO  org.quartz.impl.StdSchedulerFactory:1208 - Using default implementation for ThreadExecutor
2019-11-30 14:13:19.352 [main] INFO  org.quartz.core.SchedulerSignalerImpl:61 - Initialized Scheduler Signaller of type: class org.quartz.core.SchedulerSignalerImpl
2019-11-30 14:13:19.353 [main] INFO  org.quartz.core.QuartzScheduler:229 - Quartz Scheduler v.2.3.0 created.
2019-11-30 14:13:19.363 [main] INFO  o.s.scheduling.quartz.LocalDataSourceJobStore:672 - Using db table-based data access locking (synchronization).
2019-11-30 14:13:19.371 [main] INFO  o.s.scheduling.quartz.LocalDataSourceJobStore:145 - JobStoreCMT initialized.
2019-11-30 14:13:19.373 [main] INFO  org.quartz.core.QuartzScheduler:294 - Scheduler meta-data: Quartz Scheduler (v2.3.0) 'quartzScheduler' with instanceId 'NON_CLUSTERED'
  Scheduler class: 'org.quartz.core.QuartzScheduler' - running locally.
  NOT STARTED.
  Currently in standby mode.
  Number of jobs executed: 0
  Using thread pool 'org.quartz.simpl.SimpleThreadPool' - with 10 threads.
  Using job-store 'org.springframework.scheduling.quartz.LocalDataSourceJobStore' - which supports persistence. and is not clustered.

2019-11-30 14:13:19.374 [main] INFO  org.quartz.impl.StdSchedulerFactory:1362 - Quartz scheduler 'quartzScheduler' initialized from an externally provided properties instance.
2019-11-30 14:13:19.375 [main] INFO  org.quartz.impl.StdSchedulerFactory:1366 - Quartz scheduler version: 2.3.0
2019-11-30 14:13:19.375 [main] INFO  org.quartz.core.QuartzScheduler:2287 - JobFactory set to: org.springframework.scheduling.quartz.SpringBeanJobFactory@2c955487
2019-11-30 14:13:24.282 [main] INFO  o.s.b.actuate.endpoint.web.EndpointLinksResolver:59 - Exposing 2 endpoint(s) beneath base path '/actuator'
2019-11-30 14:13:24.901 [main] INFO  s.d.s.w.PropertySourcedRequestMappingHandlerMapping:69 - Mapped URL path [/v2/api-docs] onto method [public org.springframework.http.ResponseEntity<springfox.documentation.spring.web.json.Json> springfox.documentation.swagger2.web.Swagger2Controller.getDocumentation(java.lang.String,javax.servlet.http.HttpServletRequest)]
2019-11-30 14:13:26.023 [main] INFO  o.s.scheduling.concurrent.ThreadPoolTaskExecutor:171 - Initializing ExecutorService 'applicationTaskExecutor'
2019-11-30 14:13:30.053 [main] INFO  s.d.s.web.plugins.DocumentationPluginsBootstrapper:160 - Context refreshed
2019-11-30 14:13:30.115 [main] INFO  s.d.s.web.plugins.DocumentationPluginsBootstrapper:163 - Found 1 custom documentation plugin(s)
2019-11-30 14:13:30.189 [main] INFO  s.d.spring.web.scanners.ApiListingReferenceScanner:41 - Scanning for api listing references
2019-11-30 14:13:30.691 [main] INFO  s.d.s.w.r.operation.CachingOperationNameGenerator:40 - Generating unique operation named: addUsingPOST_1
2019-11-30 14:13:30.695 [main] INFO  s.d.s.w.r.operation.CachingOperationNameGenerator:40 - Generating unique operation named: deleteUsingDELETE_1
2019-11-30 14:13:30.698 [main] INFO  s.d.s.w.r.operation.CachingOperationNameGenerator:40 - Generating unique operation named: deleteBatchUsingDELETE_1
2019-11-30 14:13:30.725 [main] INFO  s.d.s.w.r.operation.CachingOperationNameGenerator:40 - Generating unique operation named: queryByIdUsingGET_1
2019-11-30 14:13:30.749 [main] INFO  s.d.s.w.r.operation.CachingOperationNameGenerator:40 - Generating unique operation named: addUsingPOST_2
2019-11-30 14:13:30.754 [main] INFO  s.d.s.w.r.operation.CachingOperationNameGenerator:40 - Generating unique operation named: deleteUsingDELETE_2
2019-11-30 14:13:30.758 [main] INFO  s.d.s.w.r.operation.CachingOperationNameGenerator:40 - Generating unique operation named: deleteBatchUsingDELETE_2
2019-11-30 14:13:30.762 [main] INFO  s.d.s.w.r.operation.CachingOperationNameGenerator:40 - Generating unique operation named: editUsingPUT_1
2019-11-30 14:13:30.766 [main] INFO  s.d.s.w.r.operation.CachingOperationNameGenerator:40 - Generating unique operation named: queryByIdUsingGET_2
2019-11-30 14:13:30.778 [main] INFO  s.d.s.w.r.operation.CachingOperationNameGenerator:40 - Generating unique operation named: queryPageListUsingGET_1
2019-11-30 14:13:30.801 [main] INFO  s.d.s.w.r.operation.CachingOperationNameGenerator:40 - Generating unique operation named: addUsingPOST_3
2019-11-30 14:13:30.805 [main] INFO  s.d.s.w.r.operation.CachingOperationNameGenerator:40 - Generating unique operation named: deleteUsingDELETE_3
2019-11-30 14:13:30.808 [main] INFO  s.d.s.w.r.operation.CachingOperationNameGenerator:40 - Generating unique operation named: deleteBatchUsingDELETE_3
2019-11-30 14:13:30.811 [main] INFO  s.d.s.w.r.operation.CachingOperationNameGenerator:40 - Generating unique operation named: editUsingPUT_2
2019-11-30 14:13:30.813 [main] INFO  s.d.s.w.r.operation.CachingOperationNameGenerator:40 - Generating unique operation named: queryByIdUsingGET_3
2019-11-30 14:13:30.825 [main] INFO  s.d.s.w.r.operation.CachingOperationNameGenerator:40 - Generating unique operation named: queryPageListUsingGET_2
2019-11-30 14:13:30.858 [main] INFO  s.d.s.w.r.operation.CachingOperationNameGenerator:40 - Generating unique operation named: addUsingPOST_4
2019-11-30 14:13:30.860 [main] INFO  s.d.s.w.r.operation.CachingOperationNameGenerator:40 - Generating unique operation named: deleteUsingDELETE_4
2019-11-30 14:13:30.863 [main] INFO  s.d.s.w.r.operation.CachingOperationNameGenerator:40 - Generating unique operation named: deleteBatchUsingDELETE_4
2019-11-30 14:13:30.865 [main] INFO  s.d.s.w.r.operation.CachingOperationNameGenerator:40 - Generating unique operation named: editUsingPUT_3
2019-11-30 14:13:30.868 [main] INFO  s.d.s.w.r.operation.CachingOperationNameGenerator:40 - Generating unique operation named: queryByIdUsingGET_4
2019-11-30 14:13:30.881 [main] INFO  s.d.s.w.r.operation.CachingOperationNameGenerator:40 - Generating unique operation named: queryPageListUsingGET_3
2019-11-30 14:13:30.916 [main] INFO  s.d.s.w.r.operation.CachingOperationNameGenerator:40 - Generating unique operation named: addUsingPOST_5
2019-11-30 14:13:30.919 [main] INFO  s.d.s.w.r.operation.CachingOperationNameGenerator:40 - Generating unique operation named: deleteUsingDELETE_5
2019-11-30 14:13:30.921 [main] INFO  s.d.s.w.r.operation.CachingOperationNameGenerator:40 - Generating unique operation named: deleteBatchUsingDELETE_5
2019-11-30 14:13:30.923 [main] INFO  s.d.s.w.r.operation.CachingOperationNameGenerator:40 - Generating unique operation named: editUsingPUT_4
2019-11-30 14:13:30.940 [main] INFO  s.d.s.w.r.operation.CachingOperationNameGenerator:40 - Generating unique operation named: queryByIdUsingGET_5
2019-11-30 14:13:30.959 [main] INFO  s.d.s.w.r.operation.CachingOperationNameGenerator:40 - Generating unique operation named: queryPageListUsingGET_4
2019-11-30 14:13:30.987 [main] INFO  s.d.s.w.r.operation.CachingOperationNameGenerator:40 - Generating unique operation named: addUsingPOST_6
2019-11-30 14:13:30.991 [main] INFO  s.d.s.w.r.operation.CachingOperationNameGenerator:40 - Generating unique operation named: deleteUsingDELETE_6
2019-11-30 14:13:30.994 [main] INFO  s.d.s.w.r.operation.CachingOperationNameGenerator:40 - Generating unique operation named: deleteBatchUsingDELETE_6
2019-11-30 14:13:31.000 [main] INFO  s.d.s.w.r.operation.CachingOperationNameGenerator:40 - Generating unique operation named: editUsingPUT_5
2019-11-30 14:13:31.011 [main] INFO  s.d.s.w.r.operation.CachingOperationNameGenerator:40 - Generating unique operation named: queryByExamIdUsingGET_1
2019-11-30 14:13:31.013 [main] INFO  s.d.s.w.r.operation.CachingOperationNameGenerator:40 - Generating unique operation named: queryByIdUsingGET_6
2019-11-30 14:13:31.023 [main] INFO  s.d.s.w.r.operation.CachingOperationNameGenerator:40 - Generating unique operation named: queryPageListUsingGET_5
2019-11-30 14:13:31.024 [main] INFO  s.d.s.w.r.operation.CachingOperationNameGenerator:40 - Generating unique operation named: submitUsingPOST_1
2019-11-30 14:13:31.045 [main] INFO  o.s.scheduling.quartz.SchedulerFactoryBean:726 - Starting Quartz Scheduler now
2019-11-30 14:13:32.592 [main] INFO  o.s.scheduling.quartz.LocalDataSourceJobStore:866 - Freed 0 triggers from 'acquired' / 'blocked' state.
2019-11-30 14:13:32.712 [main] INFO  o.s.scheduling.quartz.LocalDataSourceJobStore:876 - Recovering 0 jobs that were in-progress at the time of the last shut-down.
2019-11-30 14:13:32.712 [main] INFO  o.s.scheduling.quartz.LocalDataSourceJobStore:889 - Recovery complete.
2019-11-30 14:13:32.715 [main] INFO  o.s.scheduling.quartz.LocalDataSourceJobStore:896 - Removed 0 'complete' triggers.
2019-11-30 14:13:32.749 [main] INFO  o.s.scheduling.quartz.LocalDataSourceJobStore:901 - Removed 0 stale fired job entries.
2019-11-30 14:13:32.751 [main] INFO  org.quartz.core.QuartzScheduler:547 - Scheduler quartzScheduler_$_NON_CLUSTERED started.
2019-11-30 14:13:32.775 [main] INFO  org.apache.coyote.http11.Http11NioProtocol:173 - Starting ProtocolHandler ["http-nio-8080"]
2019-11-30 14:13:32.819 [main] INFO  o.s.boot.web.embedded.tomcat.TomcatWebServer:204 - Tomcat started on port(s): 8080 (http) with context path '/web-api'
2019-11-30 14:13:32.834 [main] INFO  org.jeecg.JeecgApplication:59 - Started JeecgApplication in 44.581 seconds (JVM running for 54.867)
2019-11-30 14:13:32.856 [main] INFO  org.jeecg.JeecgApplication:31 - 
----------------------------------------------------------
	Application Jeecg-Boot is running! Access URLs:
	Local: 		http://localhost:8080/web-api/
	External: 	http://192.168.66.1:8080/web-api/
	swagger-ui: 	http://192.168.66.1:8080/web-api/swagger-ui.html
	Doc: 		http://192.168.66.1:8080/web-api/doc.html
----------------------------------------------------------
2019-11-30 14:13:34.647 [RMI TCP Connection(4)-192.168.66.1] INFO  o.a.c.c.C.[Tomcat].[localhost].[/web-api]:173 - Initializing Spring DispatcherServlet 'dispatcherServlet'
2019-11-30 14:13:34.648 [RMI TCP Connection(4)-192.168.66.1] INFO  org.springframework.web.servlet.DispatcherServlet:524 - Initializing Servlet 'dispatcherServlet'
2019-11-30 14:13:34.682 [RMI TCP Connection(4)-192.168.66.1] INFO  org.springframework.web.servlet.DispatcherServlet:546 - Completed initialization in 33 ms
2019-11-30 14:13:45.557 [RMI TCP Connection(3)-192.168.66.1] WARN  o.s.boot.actuate.mail.MailHealthIndicator:89 - Mail health check failed
javax.mail.AuthenticationFailedException: 535 Error: authentication failed

	at com.sun.mail.smtp.SMTPTransport$Authenticator.authenticate(SMTPTransport.java:965)
	at com.sun.mail.smtp.SMTPTransport.authenticate(SMTPTransport.java:876)
	at com.sun.mail.smtp.SMTPTransport.protocolConnect(SMTPTransport.java:780)
	at javax.mail.Service.connect(Service.java:366)
	at org.springframework.mail.javamail.JavaMailSenderImpl.connectTransport(JavaMailSenderImpl.java:517)
	at org.springframework.mail.javamail.JavaMailSenderImpl.testConnection(JavaMailSenderImpl.java:397)
	at org.springframework.boot.actuate.mail.MailHealthIndicator.doHealthCheck(MailHealthIndicator.java:43)
	at org.springframework.boot.actuate.health.AbstractHealthIndicator.health(AbstractHealthIndicator.java:84)
	at org.springframework.boot.actuate.health.CompositeHealthIndicator.health(CompositeHealthIndicator.java:98)
	at org.springframework.boot.actuate.health.HealthEndpoint.health(HealthEndpoint.java:50)
	at sun.reflect.NativeMethodAccessorImpl.invoke0(Native Method)
	at sun.reflect.NativeMethodAccessorImpl.invoke(NativeMethodAccessorImpl.java:62)
	at sun.reflect.DelegatingMethodAccessorImpl.invoke(DelegatingMethodAccessorImpl.java:43)
	at java.lang.reflect.Method.invoke(Method.java:498)
	at org.springframework.util.ReflectionUtils.invokeMethod(ReflectionUtils.java:246)
	at org.springframework.boot.actuate.endpoint.invoke.reflect.ReflectiveOperationInvoker.invoke(ReflectiveOperationInvoker.java:76)
	at org.springframework.boot.actuate.endpoint.annotation.AbstractDiscoveredOperation.invoke(AbstractDiscoveredOperation.java:61)
	at org.springframework.boot.actuate.endpoint.jmx.EndpointMBean.invoke(EndpointMBean.java:126)
	at org.springframework.boot.actuate.endpoint.jmx.EndpointMBean.invoke(EndpointMBean.java:99)
	at com.sun.jmx.interceptor.DefaultMBeanServerInterceptor.invoke(DefaultMBeanServerInterceptor.java:819)
	at com.sun.jmx.mbeanserver.JmxMBeanServer.invoke(JmxMBeanServer.java:801)
	at javax.management.remote.rmi.RMIConnectionImpl.doOperation(RMIConnectionImpl.java:1468)
	at javax.management.remote.rmi.RMIConnectionImpl.access$300(RMIConnectionImpl.java:76)
	at javax.management.remote.rmi.RMIConnectionImpl$PrivilegedOperation.run(RMIConnectionImpl.java:1309)
	at javax.management.remote.rmi.RMIConnectionImpl.doPrivilegedOperation(RMIConnectionImpl.java:1401)
	at javax.management.remote.rmi.RMIConnectionImpl.invoke(RMIConnectionImpl.java:829)
	at sun.reflect.GeneratedMethodAccessor167.invoke(Unknown Source)
	at sun.reflect.DelegatingMethodAccessorImpl.invoke(DelegatingMethodAccessorImpl.java:43)
	at java.lang.reflect.Method.invoke(Method.java:498)
	at sun.rmi.server.UnicastServerRef.dispatch(UnicastServerRef.java:357)
	at sun.rmi.transport.Transport$1.run(Transport.java:200)
	at sun.rmi.transport.Transport$1.run(Transport.java:197)
	at java.security.AccessController.doPrivileged(Native Method)
	at sun.rmi.transport.Transport.serviceCall(Transport.java:196)
	at sun.rmi.transport.tcp.TCPTransport.handleMessages(TCPTransport.java:573)
	at sun.rmi.transport.tcp.TCPTransport$ConnectionHandler.run0(TCPTransport.java:834)
	at sun.rmi.transport.tcp.TCPTransport$ConnectionHandler.lambda$run$0(TCPTransport.java:688)
	at java.security.AccessController.doPrivileged(Native Method)
	at sun.rmi.transport.tcp.TCPTransport$ConnectionHandler.run(TCPTransport.java:687)
	at java.util.concurrent.ThreadPoolExecutor.runWorker(ThreadPoolExecutor.java:1149)
	at java.util.concurrent.ThreadPoolExecutor$Worker.run(ThreadPoolExecutor.java:624)
	at java.lang.Thread.run(Thread.java:748)
2019-11-30 14:13:45.998 [RMI TCP Connection(3)-192.168.66.1] INFO  io.lettuce.core.EpollProvider:68 - Starting without optional epoll library
2019-11-30 14:13:46.002 [RMI TCP Connection(3)-192.168.66.1] INFO  io.lettuce.core.KqueueProvider:70 - Starting without optional kqueue library
2019-11-30 14:13:58.302 [http-nio-8080-exec-9] ERROR o.a.c.c.C.[.[.[/web-api].[dispatcherServlet]:175 - Servlet.service() for servlet [dispatcherServlet] in context with path [/web-api] threw exception [org.apache.shiro.authc.AuthenticationException: Token失效，请重新登录] with root cause
org.apache.shiro.authc.AuthenticationException: Token失效，请重新登录!
	at org.jeecg.modules.shiro.authc.ShiroRealm.checkUserTokenIsEffect(ShiroRealm.java:118)
	at org.jeecg.modules.shiro.authc.ShiroRealm.doGetAuthenticationInfo(ShiroRealm.java:93)
	at org.apache.shiro.realm.AuthenticatingRealm.getAuthenticationInfo(AuthenticatingRealm.java:571)
	at org.apache.shiro.authc.pam.ModularRealmAuthenticator.doSingleRealmAuthentication(ModularRealmAuthenticator.java:180)
	at org.apache.shiro.authc.pam.ModularRealmAuthenticator.doAuthenticate(ModularRealmAuthenticator.java:267)
	at org.apache.shiro.authc.AbstractAuthenticator.authenticate(AbstractAuthenticator.java:198)
	at org.apache.shiro.mgt.AuthenticatingSecurityManager.authenticate(AuthenticatingSecurityManager.java:106)
	at org.apache.shiro.mgt.DefaultSecurityManager.login(DefaultSecurityManager.java:274)
	at org.apache.shiro.subject.support.DelegatingSubject.login(DelegatingSubject.java:260)
	at org.jeecg.modules.shiro.authc.aop.JwtFilter.executeLogin(JwtFilter.java:51)
	at org.jeecg.modules.shiro.authc.aop.JwtFilter.isAccessAllowed(JwtFilter.java:34)
	at org.apache.shiro.web.filter.AccessControlFilter.onPreHandle(AccessControlFilter.java:162)
	at org.apache.shiro.web.filter.PathMatchingFilter.isFilterChainContinued(PathMatchingFilter.java:203)
	at org.apache.shiro.web.filter.PathMatchingFilter.preHandle(PathMatchingFilter.java:178)
	at org.jeecg.modules.shiro.authc.aop.JwtFilter.preHandle(JwtFilter.java:71)
	at org.apache.shiro.web.servlet.AdviceFilter.doFilterInternal(AdviceFilter.java:131)
	at org.apache.shiro.web.servlet.OncePerRequestFilter.doFilter(OncePerRequestFilter.java:125)
	at org.apache.shiro.web.servlet.ProxiedFilterChain.doFilter(ProxiedFilterChain.java:66)
	at org.apache.shiro.web.servlet.AbstractShiroFilter.executeChain(AbstractShiroFilter.java:449)
	at org.apache.shiro.web.servlet.AbstractShiroFilter$1.call(AbstractShiroFilter.java:365)
	at org.apache.shiro.subject.support.SubjectCallable.doCall(SubjectCallable.java:90)
	at org.apache.shiro.subject.support.SubjectCallable.call(SubjectCallable.java:83)
	at org.apache.shiro.subject.support.DelegatingSubject.execute(DelegatingSubject.java:387)
	at org.apache.shiro.web.servlet.AbstractShiroFilter.doFilterInternal(AbstractShiroFilter.java:362)
	at org.apache.shiro.web.servlet.OncePerRequestFilter.doFilter(OncePerRequestFilter.java:125)
	at org.apache.catalina.core.ApplicationFilterChain.internalDoFilter(ApplicationFilterChain.java:193)
	at org.apache.catalina.core.ApplicationFilterChain.doFilter(ApplicationFilterChain.java:166)
	at com.alibaba.druid.support.http.WebStatFilter.doFilter(WebStatFilter.java:123)
	at org.apache.catalina.core.ApplicationFilterChain.internalDoFilter(ApplicationFilterChain.java:193)
	at org.apache.catalina.core.ApplicationFilterChain.doFilter(ApplicationFilterChain.java:166)
	at org.springframework.boot.actuate.web.trace.servlet.HttpTraceFilter.doFilterInternal(HttpTraceFilter.java:90)
	at org.springframework.web.filter.OncePerRequestFilter.doFilter(OncePerRequestFilter.java:107)
	at org.apache.catalina.core.ApplicationFilterChain.internalDoFilter(ApplicationFilterChain.java:193)
	at org.apache.catalina.core.ApplicationFilterChain.doFilter(ApplicationFilterChain.java:166)
	at org.springframework.web.filter.RequestContextFilter.doFilterInternal(RequestContextFilter.java:99)
	at org.springframework.web.filter.OncePerRequestFilter.doFilter(OncePerRequestFilter.java:107)
	at org.apache.catalina.core.ApplicationFilterChain.internalDoFilter(ApplicationFilterChain.java:193)
	at org.apache.catalina.core.ApplicationFilterChain.doFilter(ApplicationFilterChain.java:166)
	at org.springframework.web.filter.FormContentFilter.doFilterInternal(FormContentFilter.java:92)
	at org.springframework.web.filter.OncePerRequestFilter.doFilter(OncePerRequestFilter.java:107)
	at org.apache.catalina.core.ApplicationFilterChain.internalDoFilter(ApplicationFilterChain.java:193)
	at org.apache.catalina.core.ApplicationFilterChain.doFilter(ApplicationFilterChain.java:166)
	at org.springframework.web.filter.HiddenHttpMethodFilter.doFilterInternal(HiddenHttpMethodFilter.java:93)
	at org.springframework.web.filter.OncePerRequestFilter.doFilter(OncePerRequestFilter.java:107)
	at org.apache.catalina.core.ApplicationFilterChain.internalDoFilter(ApplicationFilterChain.java:193)
	at org.apache.catalina.core.ApplicationFilterChain.doFilter(ApplicationFilterChain.java:166)
	at org.springframework.boot.actuate.metrics.web.servlet.WebMvcMetricsFilter.filterAndRecordMetrics(WebMvcMetricsFilter.java:117)
	at org.springframework.boot.actuate.metrics.web.servlet.WebMvcMetricsFilter.doFilterInternal(WebMvcMetricsFilter.java:106)
	at org.springframework.web.filter.OncePerRequestFilter.doFilter(OncePerRequestFilter.java:107)
	at org.apache.catalina.core.ApplicationFilterChain.internalDoFilter(ApplicationFilterChain.java:193)
	at org.apache.catalina.core.ApplicationFilterChain.doFilter(ApplicationFilterChain.java:166)
	at org.springframework.web.filter.CharacterEncodingFilter.doFilterInternal(CharacterEncodingFilter.java:200)
	at org.springframework.web.filter.OncePerRequestFilter.doFilter(OncePerRequestFilter.java:107)
	at org.apache.catalina.core.ApplicationFilterChain.internalDoFilter(ApplicationFilterChain.java:193)
	at org.apache.catalina.core.ApplicationFilterChain.doFilter(ApplicationFilterChain.java:166)
	at org.apache.catalina.core.StandardWrapperValve.invoke(StandardWrapperValve.java:200)
	at org.apache.catalina.core.StandardContextValve.invoke(StandardContextValve.java:96)
	at org.apache.catalina.authenticator.AuthenticatorBase.invoke(AuthenticatorBase.java:490)
	at org.apache.catalina.core.StandardHostValve.invoke(StandardHostValve.java:139)
	at org.apache.catalina.valves.ErrorReportValve.invoke(ErrorReportValve.java:92)
	at org.apache.catalina.core.StandardEngineValve.invoke(StandardEngineValve.java:74)
	at org.apache.catalina.connector.CoyoteAdapter.service(CoyoteAdapter.java:343)
	at org.apache.coyote.http11.Http11Processor.service(Http11Processor.java:408)
	at org.apache.coyote.AbstractProcessorLight.process(AbstractProcessorLight.java:66)
	at org.apache.coyote.AbstractProtocol$ConnectionHandler.process(AbstractProtocol.java:834)
	at org.apache.tomcat.util.net.NioEndpoint$SocketProcessor.doRun(NioEndpoint.java:1415)
	at org.apache.tomcat.util.net.SocketProcessorBase.run(SocketProcessorBase.java:49)
	at java.util.concurrent.ThreadPoolExecutor.runWorker(ThreadPoolExecutor.java:1149)
	at java.util.concurrent.ThreadPoolExecutor$Worker.run(ThreadPoolExecutor.java:624)
	at org.apache.tomcat.util.threads.TaskThread$WrappingRunnable.run(TaskThread.java:61)
	at java.lang.Thread.run(Thread.java:748)
2019-11-30 14:13:59.605 [http-nio-8080-exec-4] ERROR o.a.c.c.C.[.[.[/web-api].[dispatcherServlet]:175 - Servlet.service() for servlet [dispatcherServlet] in context with path [/web-api] threw exception [org.apache.shiro.authc.AuthenticationException: Token失效，请重新登录] with root cause
org.apache.shiro.authc.AuthenticationException: Token失效，请重新登录!
	at org.jeecg.modules.shiro.authc.ShiroRealm.checkUserTokenIsEffect(ShiroRealm.java:118)
	at org.jeecg.modules.shiro.authc.ShiroRealm.doGetAuthenticationInfo(ShiroRealm.java:93)
	at org.apache.shiro.realm.AuthenticatingRealm.getAuthenticationInfo(AuthenticatingRealm.java:571)
	at org.apache.shiro.authc.pam.ModularRealmAuthenticator.doSingleRealmAuthentication(ModularRealmAuthenticator.java:180)
	at org.apache.shiro.authc.pam.ModularRealmAuthenticator.doAuthenticate(ModularRealmAuthenticator.java:267)
	at org.apache.shiro.authc.AbstractAuthenticator.authenticate(AbstractAuthenticator.java:198)
	at org.apache.shiro.mgt.AuthenticatingSecurityManager.authenticate(AuthenticatingSecurityManager.java:106)
	at org.apache.shiro.mgt.DefaultSecurityManager.login(DefaultSecurityManager.java:274)
	at org.apache.shiro.subject.support.DelegatingSubject.login(DelegatingSubject.java:260)
	at org.jeecg.modules.shiro.authc.aop.JwtFilter.executeLogin(JwtFilter.java:51)
	at org.jeecg.modules.shiro.authc.aop.JwtFilter.isAccessAllowed(JwtFilter.java:34)
	at org.apache.shiro.web.filter.AccessControlFilter.onPreHandle(AccessControlFilter.java:162)
	at org.apache.shiro.web.filter.PathMatchingFilter.isFilterChainContinued(PathMatchingFilter.java:203)
	at org.apache.shiro.web.filter.PathMatchingFilter.preHandle(PathMatchingFilter.java:178)
	at org.jeecg.modules.shiro.authc.aop.JwtFilter.preHandle(JwtFilter.java:71)
	at org.apache.shiro.web.servlet.AdviceFilter.doFilterInternal(AdviceFilter.java:131)
	at org.apache.shiro.web.servlet.OncePerRequestFilter.doFilter(OncePerRequestFilter.java:125)
	at org.apache.shiro.web.servlet.ProxiedFilterChain.doFilter(ProxiedFilterChain.java:66)
	at org.apache.shiro.web.servlet.AbstractShiroFilter.executeChain(AbstractShiroFilter.java:449)
	at org.apache.shiro.web.servlet.AbstractShiroFilter$1.call(AbstractShiroFilter.java:365)
	at org.apache.shiro.subject.support.SubjectCallable.doCall(SubjectCallable.java:90)
	at org.apache.shiro.subject.support.SubjectCallable.call(SubjectCallable.java:83)
	at org.apache.shiro.subject.support.DelegatingSubject.execute(DelegatingSubject.java:387)
	at org.apache.shiro.web.servlet.AbstractShiroFilter.doFilterInternal(AbstractShiroFilter.java:362)
	at org.apache.shiro.web.servlet.OncePerRequestFilter.doFilter(OncePerRequestFilter.java:125)
	at org.apache.catalina.core.ApplicationFilterChain.internalDoFilter(ApplicationFilterChain.java:193)
	at org.apache.catalina.core.ApplicationFilterChain.doFilter(ApplicationFilterChain.java:166)
	at com.alibaba.druid.support.http.WebStatFilter.doFilter(WebStatFilter.java:123)
	at org.apache.catalina.core.ApplicationFilterChain.internalDoFilter(ApplicationFilterChain.java:193)
	at org.apache.catalina.core.ApplicationFilterChain.doFilter(ApplicationFilterChain.java:166)
	at org.springframework.boot.actuate.web.trace.servlet.HttpTraceFilter.doFilterInternal(HttpTraceFilter.java:90)
	at org.springframework.web.filter.OncePerRequestFilter.doFilter(OncePerRequestFilter.java:107)
	at org.apache.catalina.core.ApplicationFilterChain.internalDoFilter(ApplicationFilterChain.java:193)
	at org.apache.catalina.core.ApplicationFilterChain.doFilter(ApplicationFilterChain.java:166)
	at org.springframework.web.filter.RequestContextFilter.doFilterInternal(RequestContextFilter.java:99)
	at org.springframework.web.filter.OncePerRequestFilter.doFilter(OncePerRequestFilter.java:107)
	at org.apache.catalina.core.ApplicationFilterChain.internalDoFilter(ApplicationFilterChain.java:193)
	at org.apache.catalina.core.ApplicationFilterChain.doFilter(ApplicationFilterChain.java:166)
	at org.springframework.web.filter.FormContentFilter.doFilterInternal(FormContentFilter.java:92)
	at org.springframework.web.filter.OncePerRequestFilter.doFilter(OncePerRequestFilter.java:107)
	at org.apache.catalina.core.ApplicationFilterChain.internalDoFilter(ApplicationFilterChain.java:193)
	at org.apache.catalina.core.ApplicationFilterChain.doFilter(ApplicationFilterChain.java:166)
	at org.springframework.web.filter.HiddenHttpMethodFilter.doFilterInternal(HiddenHttpMethodFilter.java:93)
	at org.springframework.web.filter.OncePerRequestFilter.doFilter(OncePerRequestFilter.java:107)
	at org.apache.catalina.core.ApplicationFilterChain.internalDoFilter(ApplicationFilterChain.java:193)
	at org.apache.catalina.core.ApplicationFilterChain.doFilter(ApplicationFilterChain.java:166)
	at org.springframework.boot.actuate.metrics.web.servlet.WebMvcMetricsFilter.filterAndRecordMetrics(WebMvcMetricsFilter.java:117)
	at org.springframework.boot.actuate.metrics.web.servlet.WebMvcMetricsFilter.doFilterInternal(WebMvcMetricsFilter.java:106)
	at org.springframework.web.filter.OncePerRequestFilter.doFilter(OncePerRequestFilter.java:107)
	at org.apache.catalina.core.ApplicationFilterChain.internalDoFilter(ApplicationFilterChain.java:193)
	at org.apache.catalina.core.ApplicationFilterChain.doFilter(ApplicationFilterChain.java:166)
	at org.springframework.web.filter.CharacterEncodingFilter.doFilterInternal(CharacterEncodingFilter.java:200)
	at org.springframework.web.filter.OncePerRequestFilter.doFilter(OncePerRequestFilter.java:107)
	at org.apache.catalina.core.ApplicationFilterChain.internalDoFilter(ApplicationFilterChain.java:193)
	at org.apache.catalina.core.ApplicationFilterChain.doFilter(ApplicationFilterChain.java:166)
	at org.apache.catalina.core.StandardWrapperValve.invoke(StandardWrapperValve.java:200)
	at org.apache.catalina.core.StandardContextValve.invoke(StandardContextValve.java:96)
	at org.apache.catalina.authenticator.AuthenticatorBase.invoke(AuthenticatorBase.java:490)
	at org.apache.catalina.core.StandardHostValve.invoke(StandardHostValve.java:139)
	at org.apache.catalina.valves.ErrorReportValve.invoke(ErrorReportValve.java:92)
	at org.apache.catalina.core.StandardEngineValve.invoke(StandardEngineValve.java:74)
	at org.apache.catalina.connector.CoyoteAdapter.service(CoyoteAdapter.java:343)
	at org.apache.coyote.http11.Http11Processor.service(Http11Processor.java:408)
	at org.apache.coyote.AbstractProcessorLight.process(AbstractProcessorLight.java:66)
	at org.apache.coyote.AbstractProtocol$ConnectionHandler.process(AbstractProtocol.java:834)
	at org.apache.tomcat.util.net.NioEndpoint$SocketProcessor.doRun(NioEndpoint.java:1415)
	at org.apache.tomcat.util.net.SocketProcessorBase.run(SocketProcessorBase.java:49)
	at java.util.concurrent.ThreadPoolExecutor.runWorker(ThreadPoolExecutor.java:1149)
	at java.util.concurrent.ThreadPoolExecutor$Worker.run(ThreadPoolExecutor.java:624)
	at org.apache.tomcat.util.threads.TaskThread$WrappingRunnable.run(TaskThread.java:61)
	at java.lang.Thread.run(Thread.java:748)
2019-11-30 14:14:10.085 [http-nio-8080-exec-5] ERROR o.a.c.c.C.[.[.[/web-api].[dispatcherServlet]:175 - Servlet.service() for servlet [dispatcherServlet] in context with path [/web-api] threw exception [org.apache.shiro.authc.AuthenticationException: Token失效，请重新登录] with root cause
org.apache.shiro.authc.AuthenticationException: token非法无效!
	at org.jeecg.modules.shiro.authc.ShiroRealm.checkUserTokenIsEffect(ShiroRealm.java:106)
	at org.jeecg.modules.shiro.authc.ShiroRealm.doGetAuthenticationInfo(ShiroRealm.java:93)
	at org.apache.shiro.realm.AuthenticatingRealm.getAuthenticationInfo(AuthenticatingRealm.java:571)
	at org.apache.shiro.authc.pam.ModularRealmAuthenticator.doSingleRealmAuthentication(ModularRealmAuthenticator.java:180)
	at org.apache.shiro.authc.pam.ModularRealmAuthenticator.doAuthenticate(ModularRealmAuthenticator.java:267)
	at org.apache.shiro.authc.AbstractAuthenticator.authenticate(AbstractAuthenticator.java:198)
	at org.apache.shiro.mgt.AuthenticatingSecurityManager.authenticate(AuthenticatingSecurityManager.java:106)
	at org.apache.shiro.mgt.DefaultSecurityManager.login(DefaultSecurityManager.java:274)
	at org.apache.shiro.subject.support.DelegatingSubject.login(DelegatingSubject.java:260)
	at org.jeecg.modules.shiro.authc.aop.JwtFilter.executeLogin(JwtFilter.java:51)
	at org.jeecg.modules.shiro.authc.aop.JwtFilter.isAccessAllowed(JwtFilter.java:34)
	at org.apache.shiro.web.filter.AccessControlFilter.onPreHandle(AccessControlFilter.java:162)
	at org.apache.shiro.web.filter.PathMatchingFilter.isFilterChainContinued(PathMatchingFilter.java:203)
	at org.apache.shiro.web.filter.PathMatchingFilter.preHandle(PathMatchingFilter.java:178)
	at org.jeecg.modules.shiro.authc.aop.JwtFilter.preHandle(JwtFilter.java:71)
	at org.apache.shiro.web.servlet.AdviceFilter.doFilterInternal(AdviceFilter.java:131)
	at org.apache.shiro.web.servlet.OncePerRequestFilter.doFilter(OncePerRequestFilter.java:125)
	at org.apache.shiro.web.servlet.ProxiedFilterChain.doFilter(ProxiedFilterChain.java:66)
	at org.apache.shiro.web.servlet.AbstractShiroFilter.executeChain(AbstractShiroFilter.java:449)
	at org.apache.shiro.web.servlet.AbstractShiroFilter$1.call(AbstractShiroFilter.java:365)
	at org.apache.shiro.subject.support.SubjectCallable.doCall(SubjectCallable.java:90)
	at org.apache.shiro.subject.support.SubjectCallable.call(SubjectCallable.java:83)
	at org.apache.shiro.subject.support.DelegatingSubject.execute(DelegatingSubject.java:387)
	at org.apache.shiro.web.servlet.AbstractShiroFilter.doFilterInternal(AbstractShiroFilter.java:362)
	at org.apache.shiro.web.servlet.OncePerRequestFilter.doFilter(OncePerRequestFilter.java:125)
	at org.apache.catalina.core.ApplicationFilterChain.internalDoFilter(ApplicationFilterChain.java:193)
	at org.apache.catalina.core.ApplicationFilterChain.doFilter(ApplicationFilterChain.java:166)
	at com.alibaba.druid.support.http.WebStatFilter.doFilter(WebStatFilter.java:123)
	at org.apache.catalina.core.ApplicationFilterChain.internalDoFilter(ApplicationFilterChain.java:193)
	at org.apache.catalina.core.ApplicationFilterChain.doFilter(ApplicationFilterChain.java:166)
	at org.springframework.boot.actuate.web.trace.servlet.HttpTraceFilter.doFilterInternal(HttpTraceFilter.java:90)
	at org.springframework.web.filter.OncePerRequestFilter.doFilter(OncePerRequestFilter.java:107)
	at org.apache.catalina.core.ApplicationFilterChain.internalDoFilter(ApplicationFilterChain.java:193)
	at org.apache.catalina.core.ApplicationFilterChain.doFilter(ApplicationFilterChain.java:166)
	at org.springframework.web.filter.RequestContextFilter.doFilterInternal(RequestContextFilter.java:99)
	at org.springframework.web.filter.OncePerRequestFilter.doFilter(OncePerRequestFilter.java:107)
	at org.apache.catalina.core.ApplicationFilterChain.internalDoFilter(ApplicationFilterChain.java:193)
	at org.apache.catalina.core.ApplicationFilterChain.doFilter(ApplicationFilterChain.java:166)
	at org.springframework.web.filter.FormContentFilter.doFilterInternal(FormContentFilter.java:92)
	at org.springframework.web.filter.OncePerRequestFilter.doFilter(OncePerRequestFilter.java:107)
	at org.apache.catalina.core.ApplicationFilterChain.internalDoFilter(ApplicationFilterChain.java:193)
	at org.apache.catalina.core.ApplicationFilterChain.doFilter(ApplicationFilterChain.java:166)
	at org.springframework.web.filter.HiddenHttpMethodFilter.doFilterInternal(HiddenHttpMethodFilter.java:93)
	at org.springframework.web.filter.OncePerRequestFilter.doFilter(OncePerRequestFilter.java:107)
	at org.apache.catalina.core.ApplicationFilterChain.internalDoFilter(ApplicationFilterChain.java:193)
	at org.apache.catalina.core.ApplicationFilterChain.doFilter(ApplicationFilterChain.java:166)
	at org.springframework.boot.actuate.metrics.web.servlet.WebMvcMetricsFilter.filterAndRecordMetrics(WebMvcMetricsFilter.java:117)
	at org.springframework.boot.actuate.metrics.web.servlet.WebMvcMetricsFilter.doFilterInternal(WebMvcMetricsFilter.java:106)
	at org.springframework.web.filter.OncePerRequestFilter.doFilter(OncePerRequestFilter.java:107)
	at org.apache.catalina.core.ApplicationFilterChain.internalDoFilter(ApplicationFilterChain.java:193)
	at org.apache.catalina.core.ApplicationFilterChain.doFilter(ApplicationFilterChain.java:166)
	at org.springframework.web.filter.CharacterEncodingFilter.doFilterInternal(CharacterEncodingFilter.java:200)
	at org.springframework.web.filter.OncePerRequestFilter.doFilter(OncePerRequestFilter.java:107)
	at org.apache.catalina.core.ApplicationFilterChain.internalDoFilter(ApplicationFilterChain.java:193)
	at org.apache.catalina.core.ApplicationFilterChain.doFilter(ApplicationFilterChain.java:166)
	at org.apache.catalina.core.StandardWrapperValve.invoke(StandardWrapperValve.java:200)
	at org.apache.catalina.core.StandardContextValve.invoke(StandardContextValve.java:96)
	at org.apache.catalina.authenticator.AuthenticatorBase.invoke(AuthenticatorBase.java:490)
	at org.apache.catalina.core.StandardHostValve.invoke(StandardHostValve.java:139)
	at org.apache.catalina.valves.ErrorReportValve.invoke(ErrorReportValve.java:92)
	at org.apache.catalina.core.StandardEngineValve.invoke(StandardEngineValve.java:74)
	at org.apache.catalina.connector.CoyoteAdapter.service(CoyoteAdapter.java:343)
	at org.apache.coyote.http11.Http11Processor.service(Http11Processor.java:408)
	at org.apache.coyote.AbstractProcessorLight.process(AbstractProcessorLight.java:66)
	at org.apache.coyote.AbstractProtocol$ConnectionHandler.process(AbstractProtocol.java:834)
	at org.apache.tomcat.util.net.NioEndpoint$SocketProcessor.doRun(NioEndpoint.java:1415)
	at org.apache.tomcat.util.net.SocketProcessorBase.run(SocketProcessorBase.java:49)
	at java.util.concurrent.ThreadPoolExecutor.runWorker(ThreadPoolExecutor.java:1149)
	at java.util.concurrent.ThreadPoolExecutor$Worker.run(ThreadPoolExecutor.java:624)
	at org.apache.tomcat.util.threads.TaskThread$WrappingRunnable.run(TaskThread.java:61)
	at java.lang.Thread.run(Thread.java:748)
2019-11-30 14:14:17.914 [http-nio-8080-exec-1] INFO  o.j.m.system.controller.SysPermissionController:120 -  ------ 通过令牌获取用户拥有的访问菜单 ---- TOKEN ------ eyJ0eXAiOiJKV1QiLCJhbGciOiJIUzI1NiJ9.eyJleHAiOjE1NzUxODA4NTcsInVzZXJuYW1lIjoic3VwZXJhZG1pbiJ9.lW0WTNixBeciKUOByl-MWUceBxsEAt7SfrS8inJr27w
2019-11-30 14:14:22.155 [http-nio-8080-exec-2] INFO  org.jeecg.modules.shiro.authc.ShiroRealm:60 - ————权限认证 [ roles、permissions]————
2019-11-30 14:14:22.266 [http-nio-8080-exec-2] INFO  o.j.modules.system.service.impl.SysUserServiceImpl:121 - -------通过数据库读取用户拥有的角色Rules------username： superadmin,Roles size: 1
2019-11-30 14:14:22.299 [http-nio-8080-exec-2] INFO  o.j.modules.system.service.impl.SysUserServiceImpl:145 - -------通过数据库读取用户拥有的权限Perms------username： superadmin,Perms size: 3
2019-11-30 14:14:22.308 [http-nio-8080-exec-2] INFO  org.jeecg.modules.shiro.authc.ShiroRealm:60 - ————权限认证 [ roles、permissions]————
2019-11-30 14:14:22.320 [http-nio-8080-exec-2] INFO  org.jeecg.modules.shiro.authc.ShiroRealm:60 - ————权限认证 [ roles、permissions]————
2019-11-30 14:14:22.327 [http-nio-8080-exec-2] INFO  org.jeecg.modules.shiro.authc.ShiroRealm:60 - ————权限认证 [ roles、permissions]————
2019-11-30 14:14:22.408 [http-nio-8080-exec-2] INFO  org.jeecg.common.system.query.QueryGenerator:355 - --查询规则-->org_code RIGHT_LIKE A01
2019-11-30 14:14:22.530 [http-nio-8080-exec-2] INFO  o.j.modules.system.service.impl.SysDictServiceImpl:59 - 无缓存dictText的时候调用这里！
2019-11-30 14:14:22.584 [http-nio-8080-exec-2] INFO  o.j.modules.system.service.impl.SysDictServiceImpl:59 - 无缓存dictText的时候调用这里！
2019-11-30 14:14:22.599 [http-nio-8080-exec-2] INFO  o.j.modules.system.service.impl.SysDictServiceImpl:59 - 无缓存dictText的时候调用这里！
2019-11-30 14:14:31.775 [http-nio-8080-exec-3] INFO  org.jeecg.modules.shiro.authc.ShiroRealm:60 - ————权限认证 [ roles、permissions]————
2019-11-30 14:14:31.780 [http-nio-8080-exec-3] INFO  org.jeecg.modules.shiro.authc.ShiroRealm:60 - ————权限认证 [ roles、permissions]————
2019-11-30 14:14:31.793 [http-nio-8080-exec-3] INFO  org.jeecg.modules.shiro.authc.ShiroRealm:60 - ————权限认证 [ roles、permissions]————
2019-11-30 14:14:31.799 [http-nio-8080-exec-3] INFO  org.jeecg.modules.shiro.authc.ShiroRealm:60 - ————权限认证 [ roles、permissions]————
2019-11-30 14:14:32.067 [http-nio-8080-exec-8] INFO  org.jeecg.modules.shiro.authc.ShiroRealm:60 - ————权限认证 [ roles、permissions]————
2019-11-30 14:14:32.073 [http-nio-8080-exec-8] INFO  org.jeecg.modules.shiro.authc.ShiroRealm:60 - ————权限认证 [ roles、permissions]————
2019-11-30 14:14:32.078 [http-nio-8080-exec-8] INFO  org.jeecg.modules.shiro.authc.ShiroRealm:60 - ————权限认证 [ roles、permissions]————
2019-11-30 14:14:32.082 [http-nio-8080-exec-8] INFO  org.jeecg.modules.shiro.authc.ShiroRealm:60 - ————权限认证 [ roles、permissions]————
2019-11-30 14:14:43.570 [http-nio-8080-exec-10] INFO  org.jeecg.modules.shiro.authc.ShiroRealm:60 - ————权限认证 [ roles、permissions]————
2019-11-30 14:14:43.576 [http-nio-8080-exec-10] INFO  org.jeecg.modules.shiro.authc.ShiroRealm:60 - ————权限认证 [ roles、permissions]————
2019-11-30 14:14:43.579 [http-nio-8080-exec-10] INFO  org.jeecg.modules.shiro.authc.ShiroRealm:60 - ————权限认证 [ roles、permissions]————
2019-11-30 14:14:43.583 [http-nio-8080-exec-10] INFO  org.jeecg.modules.shiro.authc.ShiroRealm:60 - ————权限认证 [ roles、permissions]————
2019-11-30 14:14:51.801 [http-nio-8080-exec-9] INFO  org.jeecg.modules.shiro.authc.ShiroRealm:60 - ————权限认证 [ roles、permissions]————
2019-11-30 14:14:51.805 [http-nio-8080-exec-9] INFO  org.jeecg.modules.shiro.authc.ShiroRealm:60 - ————权限认证 [ roles、permissions]————
2019-11-30 14:14:51.810 [http-nio-8080-exec-9] INFO  org.jeecg.modules.shiro.authc.ShiroRealm:60 - ————权限认证 [ roles、permissions]————
2019-11-30 14:14:51.815 [http-nio-8080-exec-9] INFO  org.jeecg.modules.shiro.authc.ShiroRealm:60 - ————权限认证 [ roles、permissions]————
2019-11-30 14:15:06.512 [http-nio-8080-exec-4] INFO  org.jeecg.modules.shiro.authc.ShiroRealm:60 - ————权限认证 [ roles、permissions]————
2019-11-30 14:15:06.516 [http-nio-8080-exec-4] INFO  org.jeecg.modules.shiro.authc.ShiroRealm:60 - ————权限认证 [ roles、permissions]————
2019-11-30 14:15:06.521 [http-nio-8080-exec-4] INFO  org.jeecg.modules.shiro.authc.ShiroRealm:60 - ————权限认证 [ roles、permissions]————
2019-11-30 14:15:06.525 [http-nio-8080-exec-4] INFO  org.jeecg.modules.shiro.authc.ShiroRealm:60 - ————权限认证 [ roles、permissions]————
2019-11-30 14:15:32.158 [http-nio-8080-exec-6] INFO  org.jeecg.modules.shiro.authc.ShiroRealm:60 - ————权限认证 [ roles、permissions]————
2019-11-30 14:15:32.161 [http-nio-8080-exec-6] INFO  org.jeecg.modules.shiro.authc.ShiroRealm:60 - ————权限认证 [ roles、permissions]————
2019-11-30 14:15:32.169 [http-nio-8080-exec-6] INFO  org.jeecg.modules.shiro.authc.ShiroRealm:60 - ————权限认证 [ roles、permissions]————
2019-11-30 14:15:32.172 [http-nio-8080-exec-6] INFO  org.jeecg.modules.shiro.authc.ShiroRealm:60 - ————权限认证 [ roles、permissions]————
2019-11-30 14:15:32.179 [http-nio-8080-exec-6] INFO  org.jeecg.common.system.query.QueryGenerator:355 - --查询规则-->log_type = 1
2019-11-30 14:15:32.243 [http-nio-8080-exec-6] INFO  o.jeecg.modules.system.controller.SysLogController:69 - 查询当前页：1
2019-11-30 14:15:32.245 [http-nio-8080-exec-6] INFO  o.jeecg.modules.system.controller.SysLogController:70 - 查询当前页数量：10
2019-11-30 14:15:32.246 [http-nio-8080-exec-6] INFO  o.jeecg.modules.system.controller.SysLogController:71 - 查询结果数量：10
2019-11-30 14:15:32.247 [http-nio-8080-exec-6] INFO  o.jeecg.modules.system.controller.SysLogController:72 - 数据总数：138
2019-11-30 14:15:32.256 [http-nio-8080-exec-6] INFO  o.j.modules.system.service.impl.SysDictServiceImpl:59 - 无缓存dictText的时候调用这里！
2019-11-30 14:15:45.358 [http-nio-8080-exec-7] INFO  org.jeecg.modules.shiro.authc.ShiroRealm:60 - ————权限认证 [ roles、permissions]————
2019-11-30 14:15:45.362 [http-nio-8080-exec-7] INFO  org.jeecg.modules.shiro.authc.ShiroRealm:60 - ————权限认证 [ roles、permissions]————
2019-11-30 14:15:45.367 [http-nio-8080-exec-7] INFO  org.jeecg.modules.shiro.authc.ShiroRealm:60 - ————权限认证 [ roles、permissions]————
2019-11-30 14:15:45.370 [http-nio-8080-exec-7] INFO  org.jeecg.modules.shiro.authc.ShiroRealm:60 - ————权限认证 [ roles、permissions]————
2019-11-30 14:15:47.420 [http-nio-8080-exec-2] INFO  org.jeecg.modules.shiro.authc.ShiroRealm:60 - ————权限认证 [ roles、permissions]————
2019-11-30 14:15:47.423 [http-nio-8080-exec-2] INFO  org.jeecg.modules.shiro.authc.ShiroRealm:60 - ————权限认证 [ roles、permissions]————
2019-11-30 14:15:47.427 [http-nio-8080-exec-2] INFO  org.jeecg.modules.shiro.authc.ShiroRealm:60 - ————权限认证 [ roles、permissions]————
2019-11-30 14:15:47.431 [http-nio-8080-exec-2] INFO  org.jeecg.modules.shiro.authc.ShiroRealm:60 - ————权限认证 [ roles、permissions]————
2019-11-30 14:15:47.735 [http-nio-8080-exec-8] INFO  org.jeecg.modules.shiro.authc.ShiroRealm:60 - ————权限认证 [ roles、permissions]————
2019-11-30 14:15:47.736 [http-nio-8080-exec-3] INFO  org.jeecg.modules.shiro.authc.ShiroRealm:60 - ————权限认证 [ roles、permissions]————
2019-11-30 14:15:47.739 [http-nio-8080-exec-8] INFO  org.jeecg.modules.shiro.authc.ShiroRealm:60 - ————权限认证 [ roles、permissions]————
2019-11-30 14:15:47.740 [http-nio-8080-exec-3] INFO  org.jeecg.modules.shiro.authc.ShiroRealm:60 - ————权限认证 [ roles、permissions]————
2019-11-30 14:15:47.742 [http-nio-8080-exec-8] INFO  org.jeecg.modules.shiro.authc.ShiroRealm:60 - ————权限认证 [ roles、permissions]————
2019-11-30 14:15:47.744 [http-nio-8080-exec-3] INFO  org.jeecg.modules.shiro.authc.ShiroRealm:60 - ————权限认证 [ roles、permissions]————
2019-11-30 14:15:47.746 [http-nio-8080-exec-8] INFO  org.jeecg.modules.shiro.authc.ShiroRealm:60 - ————权限认证 [ roles、permissions]————
2019-11-30 14:15:47.748 [http-nio-8080-exec-3] INFO  org.jeecg.modules.shiro.authc.ShiroRealm:60 - ————权限认证 [ roles、permissions]————
2019-11-30 14:15:47.897 [http-nio-8080-exec-10] INFO  o.j.modules.system.controller.SysDictController:129 -  dictCode : activiti_sync
2019-11-30 14:15:47.901 [http-nio-8080-exec-10] INFO  o.j.modules.system.service.impl.SysDictServiceImpl:45 - 无缓存dictCache的时候调用这里！
2019-11-30 14:15:47.909 [http-nio-8080-exec-10] INFO  o.j.modules.system.controller.SysDictController:148 - Result(success=true, message=操作成功！, code=0, result=[DictModel(value=1, text=同步), DictModel(value=0, text=不同步)], timestamp=1575094547898)
2019-11-30 14:15:58.404 [http-nio-8080-exec-9] INFO  org.jeecg.modules.shiro.authc.ShiroRealm:60 - ————权限认证 [ roles、permissions]————
2019-11-30 14:15:58.407 [http-nio-8080-exec-9] INFO  org.jeecg.modules.shiro.authc.ShiroRealm:60 - ————权限认证 [ roles、permissions]————
2019-11-30 14:15:58.411 [http-nio-8080-exec-9] INFO  org.jeecg.modules.shiro.authc.ShiroRealm:60 - ————权限认证 [ roles、permissions]————
2019-11-30 14:15:58.416 [http-nio-8080-exec-9] INFO  org.jeecg.modules.shiro.authc.ShiroRealm:60 - ————权限认证 [ roles、permissions]————
2019-11-30 14:16:01.900 [http-nio-8080-exec-4] INFO  org.jeecg.modules.shiro.authc.ShiroRealm:60 - ————权限认证 [ roles、permissions]————
2019-11-30 14:16:01.904 [http-nio-8080-exec-4] INFO  org.jeecg.modules.shiro.authc.ShiroRealm:60 - ————权限认证 [ roles、permissions]————
2019-11-30 14:16:01.908 [http-nio-8080-exec-4] INFO  org.jeecg.modules.shiro.authc.ShiroRealm:60 - ————权限认证 [ roles、permissions]————
2019-11-30 14:16:01.912 [http-nio-8080-exec-4] INFO  org.jeecg.modules.shiro.authc.ShiroRealm:60 - ————权限认证 [ roles、permissions]————
2019-11-30 14:16:05.378 [http-nio-8080-exec-6] INFO  org.jeecg.modules.shiro.authc.ShiroRealm:60 - ————权限认证 [ roles、permissions]————
2019-11-30 14:16:05.383 [http-nio-8080-exec-6] INFO  org.jeecg.modules.shiro.authc.ShiroRealm:60 - ————权限认证 [ roles、permissions]————
2019-11-30 14:16:05.386 [http-nio-8080-exec-6] INFO  org.jeecg.modules.shiro.authc.ShiroRealm:60 - ————权限认证 [ roles、permissions]————
2019-11-30 14:16:05.389 [http-nio-8080-exec-6] INFO  org.jeecg.modules.shiro.authc.ShiroRealm:60 - ————权限认证 [ roles、permissions]————
2019-11-30 14:16:05.510 [http-nio-8080-exec-1] INFO  o.j.modules.system.controller.SysDictController:129 -  dictCode : global_perms_type
2019-11-30 14:16:05.514 [http-nio-8080-exec-1] INFO  o.j.modules.system.service.impl.SysDictServiceImpl:45 - 无缓存dictCache的时候调用这里！
2019-11-30 14:16:05.520 [http-nio-8080-exec-1] INFO  o.j.modules.system.controller.SysDictController:148 - Result(success=true, message=操作成功！, code=0, result=[DictModel(value=1, text=显示/访问(授权后显示/可访问)), DictModel(value=2, text=可编辑(未授权时禁用))], timestamp=1575094565510)
2019-11-30 14:16:05.615 [http-nio-8080-exec-7] INFO  o.j.modules.system.controller.SysDictController:129 -  dictCode : valid_status
2019-11-30 14:16:05.619 [http-nio-8080-exec-7] INFO  o.j.modules.system.service.impl.SysDictServiceImpl:45 - 无缓存dictCache的时候调用这里！
2019-11-30 14:16:05.625 [http-nio-8080-exec-7] INFO  o.j.modules.system.controller.SysDictController:148 - Result(success=true, message=操作成功！, code=0, result=[DictModel(value=0, text=无效), DictModel(value=1, text=有效)], timestamp=1575094565616)
2019-11-30 14:16:25.368 [http-nio-8080-exec-2] INFO  org.jeecg.modules.shiro.authc.ShiroRealm:60 - ————权限认证 [ roles、permissions]————
2019-11-30 14:16:25.373 [http-nio-8080-exec-2] INFO  org.jeecg.modules.shiro.authc.ShiroRealm:60 - ————权限认证 [ roles、permissions]————
2019-11-30 14:16:25.377 [http-nio-8080-exec-2] INFO  org.jeecg.modules.shiro.authc.ShiroRealm:60 - ————权限认证 [ roles、permissions]————
2019-11-30 14:16:25.381 [http-nio-8080-exec-2] INFO  org.jeecg.modules.shiro.authc.ShiroRealm:60 - ————权限认证 [ roles、permissions]————
2019-11-30 14:33:33.987 [http-nio-8080-exec-3] INFO  o.jeecg.modules.system.controller.LoginController:117 -  用户名:  超级管理员,退出成功！ 
2019-11-30 21:09:53.372 [Thread-94] INFO  org.quartz.core.QuartzScheduler:585 - Scheduler quartzScheduler_$_NON_CLUSTERED paused.
2019-11-30 21:09:53.437 [Thread-94] INFO  o.s.scheduling.concurrent.ThreadPoolTaskExecutor:208 - Shutting down ExecutorService 'applicationTaskExecutor'
2019-11-30 21:09:53.475 [Thread-94] INFO  o.s.scheduling.quartz.SchedulerFactoryBean:844 - Shutting down Quartz Scheduler
2019-11-30 21:09:53.476 [Thread-94] INFO  org.quartz.core.QuartzScheduler:666 - Scheduler quartzScheduler_$_NON_CLUSTERED shutting down.
2019-11-30 21:09:53.480 [Thread-94] INFO  org.quartz.core.QuartzScheduler:585 - Scheduler quartzScheduler_$_NON_CLUSTERED paused.
2019-11-30 21:09:53.499 [Thread-94] INFO  org.quartz.core.QuartzScheduler:740 - Scheduler quartzScheduler_$_NON_CLUSTERED shutdown complete.
2019-11-30 21:09:53.518 [Thread-94] INFO  c.b.dynamic.datasource.DynamicRoutingDataSource:175 - closing dynamicDatasource  ing....
2019-11-30 21:09:53.773 [Thread-94] INFO  com.alibaba.druid.pool.DruidDataSource:1825 - {dataSource-1} closed
