2019-12-03 15:38:11.752 [main] INFO  org.jeecg.JeecgApplication:50 - Starting JeecgApplication on LAPTOP-NFCJQSOI with PID 336 (started by 123 in F:\毕业设计\exam_system\jeecg-boot)
2019-12-03 15:38:11.782 [main] INFO  org.jeecg.JeecgApplication:679 - The following profiles are active: dev
2019-12-03 15:38:24.034 [main] INFO  o.s.d.r.config.RepositoryConfigurationDelegate:244 - Multiple Spring Data modules found, entering strict repository configuration mode!
2019-12-03 15:38:24.059 [main] INFO  o.s.d.r.config.RepositoryConfigurationDelegate:126 - Bootstrapping Spring Data repositories in DEFAULT mode.
2019-12-03 15:38:24.186 [main] INFO  o.s.d.r.config.RepositoryConfigurationDelegate:182 - Finished Spring Data repository scanning in 84ms. Found 0 repository interfaces.
2019-12-03 15:38:25.194 [main] INFO  o.s.c.s.PostProcessorRegistrationDelegate$BeanPostProcessorChecker:330 - Bean 'shiroConfig' of type [org.jeecg.config.ShiroConfig$$EnhancerBySpringCGLIB$$9c0c9d38] is not eligible for getting processed by all BeanPostProcessors (for example: not eligible for auto-proxying)
2019-12-03 15:38:25.389 [main] INFO  o.s.c.s.PostProcessorRegistrationDelegate$BeanPostProcessorChecker:330 - Bean 'shiroRealm' of type [org.jeecg.modules.shiro.authc.ShiroRealm] is not eligible for getting processed by all BeanPostProcessors (for example: not eligible for auto-proxying)
2019-12-03 15:38:27.102 [main] INFO  o.s.c.s.PostProcessorRegistrationDelegate$BeanPostProcessorChecker:330 - Bean 'securityManager' of type [org.apache.shiro.web.mgt.DefaultWebSecurityManager] is not eligible for getting processed by all BeanPostProcessors (for example: not eligible for auto-proxying)
2019-12-03 15:38:27.161 [main] INFO  o.s.c.s.PostProcessorRegistrationDelegate$BeanPostProcessorChecker:330 - Bean 'authorizationAttributeSourceAdvisor' of type [org.apache.shiro.spring.security.interceptor.AuthorizationAttributeSourceAdvisor] is not eligible for getting processed by all BeanPostProcessors (for example: not eligible for auto-proxying)
2019-12-03 15:38:27.412 [main] INFO  o.s.c.s.PostProcessorRegistrationDelegate$BeanPostProcessorChecker:330 - Bean 'org.springframework.transaction.annotation.ProxyTransactionManagementConfiguration' of type [org.springframework.transaction.annotation.ProxyTransactionManagementConfiguration$$EnhancerBySpringCGLIB$$7c0733a2] is not eligible for getting processed by all BeanPostProcessors (for example: not eligible for auto-proxying)
2019-12-03 15:38:27.822 [main] INFO  o.s.c.s.PostProcessorRegistrationDelegate$BeanPostProcessorChecker:330 - Bean 'spring.datasource.dynamic-com.baomidou.dynamic.datasource.spring.boot.autoconfigure.DynamicDataSourceProperties' of type [com.baomidou.dynamic.datasource.spring.boot.autoconfigure.DynamicDataSourceProperties] is not eligible for getting processed by all BeanPostProcessors (for example: not eligible for auto-proxying)
2019-12-03 15:38:27.836 [main] INFO  o.s.c.s.PostProcessorRegistrationDelegate$BeanPostProcessorChecker:330 - Bean 'com.baomidou.dynamic.datasource.spring.boot.autoconfigure.DynamicDataSourceAutoConfiguration' of type [com.baomidou.dynamic.datasource.spring.boot.autoconfigure.DynamicDataSourceAutoConfiguration$$EnhancerBySpringCGLIB$$e595a473] is not eligible for getting processed by all BeanPostProcessors (for example: not eligible for auto-proxying)
2019-12-03 15:38:27.863 [main] INFO  o.s.c.s.PostProcessorRegistrationDelegate$BeanPostProcessorChecker:330 - Bean 'dsProcessor' of type [com.baomidou.dynamic.datasource.processor.DsHeaderProcessor] is not eligible for getting processed by all BeanPostProcessors (for example: not eligible for auto-proxying)
2019-12-03 15:38:27.875 [main] INFO  o.s.c.s.PostProcessorRegistrationDelegate$BeanPostProcessorChecker:330 - Bean 'dynamicDatasourceAnnotationAdvisor' of type [com.baomidou.dynamic.datasource.aop.DynamicDataSourceAnnotationAdvisor] is not eligible for getting processed by all BeanPostProcessors (for example: not eligible for auto-proxying)
2019-12-03 15:38:27.929 [main] INFO  o.s.c.s.PostProcessorRegistrationDelegate$BeanPostProcessorChecker:330 - Bean 'spring.redis-org.springframework.boot.autoconfigure.data.redis.RedisProperties' of type [org.springframework.boot.autoconfigure.data.redis.RedisProperties] is not eligible for getting processed by all BeanPostProcessors (for example: not eligible for auto-proxying)
2019-12-03 15:38:27.951 [main] INFO  o.s.c.s.PostProcessorRegistrationDelegate$BeanPostProcessorChecker:330 - Bean 'org.springframework.boot.autoconfigure.data.redis.LettuceConnectionConfiguration' of type [org.springframework.boot.autoconfigure.data.redis.LettuceConnectionConfiguration$$EnhancerBySpringCGLIB$$9120f1ec] is not eligible for getting processed by all BeanPostProcessors (for example: not eligible for auto-proxying)
2019-12-03 15:38:28.483 [main] INFO  o.s.c.s.PostProcessorRegistrationDelegate$BeanPostProcessorChecker:330 - Bean 'lettuceClientResources' of type [io.lettuce.core.resource.DefaultClientResources] is not eligible for getting processed by all BeanPostProcessors (for example: not eligible for auto-proxying)
2019-12-03 15:38:28.898 [main] INFO  o.s.c.s.PostProcessorRegistrationDelegate$BeanPostProcessorChecker:330 - Bean 'redisConnectionFactory' of type [org.springframework.data.redis.connection.lettuce.LettuceConnectionFactory] is not eligible for getting processed by all BeanPostProcessors (for example: not eligible for auto-proxying)
2019-12-03 15:38:28.928 [main] INFO  o.s.c.s.PostProcessorRegistrationDelegate$BeanPostProcessorChecker:330 - Bean 'redisConfig' of type [org.jeecg.config.RedisConfig$$EnhancerBySpringCGLIB$$e6db2482] is not eligible for getting processed by all BeanPostProcessors (for example: not eligible for auto-proxying)
2019-12-03 15:38:29.006 [main] INFO  o.s.c.s.PostProcessorRegistrationDelegate$BeanPostProcessorChecker:330 - Bean 'org.apache.shiro.spring.boot.autoconfigure.ShiroBeanAutoConfiguration' of type [org.apache.shiro.spring.boot.autoconfigure.ShiroBeanAutoConfiguration$$EnhancerBySpringCGLIB$$8f201152] is not eligible for getting processed by all BeanPostProcessors (for example: not eligible for auto-proxying)
2019-12-03 15:38:29.019 [main] INFO  o.s.c.s.PostProcessorRegistrationDelegate$BeanPostProcessorChecker:330 - Bean 'eventBus' of type [org.apache.shiro.event.support.DefaultEventBus] is not eligible for getting processed by all BeanPostProcessors (for example: not eligible for auto-proxying)
2019-12-03 15:38:30.987 [main] INFO  o.s.boot.web.embedded.tomcat.TomcatWebServer:90 - Tomcat initialized with port(s): 8080 (http)
2019-12-03 15:38:31.034 [main] INFO  org.apache.coyote.http11.Http11NioProtocol:173 - Initializing ProtocolHandler ["http-nio-8080"]
2019-12-03 15:38:31.082 [main] INFO  org.apache.catalina.core.StandardService:173 - Starting service [Tomcat]
2019-12-03 15:38:31.083 [main] INFO  org.apache.catalina.core.StandardEngine:173 - Starting Servlet engine: [Apache Tomcat/9.0.16]
2019-12-03 15:38:31.103 [main] INFO  org.apache.catalina.core.AprLifecycleListener:173 - Loaded APR based Apache Tomcat Native library [1.2.21] using APR version [1.6.5].
2019-12-03 15:38:31.103 [main] INFO  org.apache.catalina.core.AprLifecycleListener:173 - APR capabilities: IPv6 [true], sendfile [true], accept filters [false], random [true].
2019-12-03 15:38:31.104 [main] INFO  org.apache.catalina.core.AprLifecycleListener:173 - APR/OpenSSL configuration: useAprConnector [false], useOpenSSL [true]
2019-12-03 15:38:31.112 [main] INFO  org.apache.catalina.core.AprLifecycleListener:173 - OpenSSL successfully initialized [OpenSSL 1.1.1a  20 Nov 2018]
2019-12-03 15:38:31.380 [main] INFO  o.a.c.c.C.[Tomcat].[localhost].[/web-api]:173 - Initializing Spring embedded WebApplicationContext
2019-12-03 15:38:31.381 [main] INFO  org.springframework.web.context.ContextLoader:296 - Root WebApplicationContext: initialization completed in 19239 ms
2019-12-03 15:38:32.447 [main] INFO  c.b.dynamic.datasource.DynamicDataSourceCreator:109 - 动态数据源-检测到druid存在,如配置中未指定type,druid会默认配置
2019-12-03 15:38:33.602 [main] INFO  com.alibaba.druid.pool.DruidDataSource:930 - {dataSource-1,master} inited
2019-12-03 15:38:33.603 [main] INFO  c.b.dynamic.datasource.DynamicRoutingDataSource:189 - 初始共加载 1 个数据源
2019-12-03 15:38:33.604 [main] INFO  c.b.dynamic.datasource.DynamicRoutingDataSource:135 - 动态数据源-加载 master 成功
2019-12-03 15:38:33.605 [main] INFO  c.b.dynamic.datasource.DynamicRoutingDataSource:198 - 当前的默认数据源是单数据源，数据源名为 master
2019-12-03 15:38:43.536 [main] INFO  org.quartz.impl.StdSchedulerFactory:1208 - Using default implementation for ThreadExecutor
2019-12-03 15:38:43.566 [main] INFO  org.quartz.core.SchedulerSignalerImpl:61 - Initialized Scheduler Signaller of type: class org.quartz.core.SchedulerSignalerImpl
2019-12-03 15:38:43.567 [main] INFO  org.quartz.core.QuartzScheduler:229 - Quartz Scheduler v.2.3.0 created.
2019-12-03 15:38:43.579 [main] INFO  o.s.scheduling.quartz.LocalDataSourceJobStore:672 - Using db table-based data access locking (synchronization).
2019-12-03 15:38:43.584 [main] INFO  o.s.scheduling.quartz.LocalDataSourceJobStore:145 - JobStoreCMT initialized.
2019-12-03 15:38:43.587 [main] INFO  org.quartz.core.QuartzScheduler:294 - Scheduler meta-data: Quartz Scheduler (v2.3.0) 'quartzScheduler' with instanceId 'NON_CLUSTERED'
  Scheduler class: 'org.quartz.core.QuartzScheduler' - running locally.
  NOT STARTED.
  Currently in standby mode.
  Number of jobs executed: 0
  Using thread pool 'org.quartz.simpl.SimpleThreadPool' - with 10 threads.
  Using job-store 'org.springframework.scheduling.quartz.LocalDataSourceJobStore' - which supports persistence. and is not clustered.

2019-12-03 15:38:43.588 [main] INFO  org.quartz.impl.StdSchedulerFactory:1362 - Quartz scheduler 'quartzScheduler' initialized from an externally provided properties instance.
2019-12-03 15:38:43.589 [main] INFO  org.quartz.impl.StdSchedulerFactory:1366 - Quartz scheduler version: 2.3.0
2019-12-03 15:38:43.590 [main] INFO  org.quartz.core.QuartzScheduler:2287 - JobFactory set to: org.springframework.scheduling.quartz.SpringBeanJobFactory@7e916dc2
2019-12-03 15:38:47.679 [main] INFO  o.s.b.actuate.endpoint.web.EndpointLinksResolver:59 - Exposing 2 endpoint(s) beneath base path '/actuator'
2019-12-03 15:38:48.618 [main] INFO  s.d.s.w.PropertySourcedRequestMappingHandlerMapping:69 - Mapped URL path [/v2/api-docs] onto method [public org.springframework.http.ResponseEntity<springfox.documentation.spring.web.json.Json> springfox.documentation.swagger2.web.Swagger2Controller.getDocumentation(java.lang.String,javax.servlet.http.HttpServletRequest)]
2019-12-03 15:38:50.198 [main] INFO  o.s.scheduling.concurrent.ThreadPoolTaskExecutor:171 - Initializing ExecutorService 'applicationTaskExecutor'
2019-12-03 15:38:56.400 [main] INFO  s.d.s.web.plugins.DocumentationPluginsBootstrapper:160 - Context refreshed
2019-12-03 15:38:56.515 [main] INFO  s.d.s.web.plugins.DocumentationPluginsBootstrapper:163 - Found 1 custom documentation plugin(s)
2019-12-03 15:38:56.653 [main] INFO  s.d.spring.web.scanners.ApiListingReferenceScanner:41 - Scanning for api listing references
2019-12-03 15:38:58.042 [main] INFO  s.d.s.w.r.operation.CachingOperationNameGenerator:40 - Generating unique operation named: addUsingPOST_1
2019-12-03 15:38:58.049 [main] INFO  s.d.s.w.r.operation.CachingOperationNameGenerator:40 - Generating unique operation named: deleteUsingDELETE_1
2019-12-03 15:38:58.056 [main] INFO  s.d.s.w.r.operation.CachingOperationNameGenerator:40 - Generating unique operation named: deleteBatchUsingDELETE_1
2019-12-03 15:38:58.100 [main] INFO  s.d.s.w.r.operation.CachingOperationNameGenerator:40 - Generating unique operation named: queryByIdUsingGET_1
2019-12-03 15:38:58.133 [main] INFO  s.d.s.w.r.operation.CachingOperationNameGenerator:40 - Generating unique operation named: addUsingPOST_2
2019-12-03 15:38:58.137 [main] INFO  s.d.s.w.r.operation.CachingOperationNameGenerator:40 - Generating unique operation named: deleteUsingDELETE_2
2019-12-03 15:38:58.141 [main] INFO  s.d.s.w.r.operation.CachingOperationNameGenerator:40 - Generating unique operation named: deleteBatchUsingDELETE_2
2019-12-03 15:38:58.147 [main] INFO  s.d.s.w.r.operation.CachingOperationNameGenerator:40 - Generating unique operation named: editUsingPUT_1
2019-12-03 15:38:58.150 [main] INFO  s.d.s.w.r.operation.CachingOperationNameGenerator:40 - Generating unique operation named: queryByIdUsingGET_2
2019-12-03 15:38:58.171 [main] INFO  s.d.s.w.r.operation.CachingOperationNameGenerator:40 - Generating unique operation named: queryPageListUsingGET_1
2019-12-03 15:38:58.214 [main] INFO  s.d.s.w.r.operation.CachingOperationNameGenerator:40 - Generating unique operation named: addUsingPOST_3
2019-12-03 15:38:58.219 [main] INFO  s.d.s.w.r.operation.CachingOperationNameGenerator:40 - Generating unique operation named: deleteUsingDELETE_3
2019-12-03 15:38:58.223 [main] INFO  s.d.s.w.r.operation.CachingOperationNameGenerator:40 - Generating unique operation named: deleteBatchUsingDELETE_3
2019-12-03 15:38:58.227 [main] INFO  s.d.s.w.r.operation.CachingOperationNameGenerator:40 - Generating unique operation named: editUsingPUT_2
2019-12-03 15:38:58.232 [main] INFO  s.d.s.w.r.operation.CachingOperationNameGenerator:40 - Generating unique operation named: queryByIdUsingGET_3
2019-12-03 15:38:58.264 [main] INFO  s.d.s.w.r.operation.CachingOperationNameGenerator:40 - Generating unique operation named: queryPageListUsingGET_2
2019-12-03 15:38:58.357 [main] INFO  s.d.s.w.r.operation.CachingOperationNameGenerator:40 - Generating unique operation named: addUsingPOST_4
2019-12-03 15:38:58.364 [main] INFO  s.d.s.w.r.operation.CachingOperationNameGenerator:40 - Generating unique operation named: deleteUsingDELETE_4
2019-12-03 15:38:58.367 [main] INFO  s.d.s.w.r.operation.CachingOperationNameGenerator:40 - Generating unique operation named: deleteBatchUsingDELETE_4
2019-12-03 15:38:58.374 [main] INFO  s.d.s.w.r.operation.CachingOperationNameGenerator:40 - Generating unique operation named: editUsingPUT_3
2019-12-03 15:38:58.379 [main] INFO  s.d.s.w.r.operation.CachingOperationNameGenerator:40 - Generating unique operation named: queryByIdUsingGET_4
2019-12-03 15:38:58.436 [main] INFO  s.d.s.w.r.operation.CachingOperationNameGenerator:40 - Generating unique operation named: queryPageListUsingGET_3
2019-12-03 15:38:58.489 [main] INFO  s.d.s.w.r.operation.CachingOperationNameGenerator:40 - Generating unique operation named: addUsingPOST_5
2019-12-03 15:38:58.494 [main] INFO  s.d.s.w.r.operation.CachingOperationNameGenerator:40 - Generating unique operation named: deleteUsingDELETE_5
2019-12-03 15:38:58.497 [main] INFO  s.d.s.w.r.operation.CachingOperationNameGenerator:40 - Generating unique operation named: deleteBatchUsingDELETE_5
2019-12-03 15:38:58.500 [main] INFO  s.d.s.w.r.operation.CachingOperationNameGenerator:40 - Generating unique operation named: editUsingPUT_4
2019-12-03 15:38:58.521 [main] INFO  s.d.s.w.r.operation.CachingOperationNameGenerator:40 - Generating unique operation named: queryByIdUsingGET_5
2019-12-03 15:38:58.546 [main] INFO  s.d.s.w.r.operation.CachingOperationNameGenerator:40 - Generating unique operation named: queryPageListUsingGET_4
2019-12-03 15:38:58.563 [main] INFO  s.d.s.w.r.operation.CachingOperationNameGenerator:40 - Generating unique operation named: addUsingPOST_6
2019-12-03 15:38:58.567 [main] INFO  s.d.s.w.r.operation.CachingOperationNameGenerator:40 - Generating unique operation named: deleteUsingDELETE_6
2019-12-03 15:38:58.570 [main] INFO  s.d.s.w.r.operation.CachingOperationNameGenerator:40 - Generating unique operation named: deleteBatchUsingDELETE_6
2019-12-03 15:38:58.578 [main] INFO  s.d.s.w.r.operation.CachingOperationNameGenerator:40 - Generating unique operation named: editUsingPUT_5
2019-12-03 15:38:58.590 [main] INFO  s.d.s.w.r.operation.CachingOperationNameGenerator:40 - Generating unique operation named: queryByExamIdUsingGET_1
2019-12-03 15:38:58.594 [main] INFO  s.d.s.w.r.operation.CachingOperationNameGenerator:40 - Generating unique operation named: queryByIdUsingGET_6
2019-12-03 15:38:58.605 [main] INFO  s.d.s.w.r.operation.CachingOperationNameGenerator:40 - Generating unique operation named: queryPageListUsingGET_5
2019-12-03 15:38:58.607 [main] INFO  s.d.s.w.r.operation.CachingOperationNameGenerator:40 - Generating unique operation named: submitUsingPOST_1
2019-12-03 15:38:58.635 [main] INFO  o.s.scheduling.quartz.SchedulerFactoryBean:726 - Starting Quartz Scheduler now
2019-12-03 15:38:59.842 [main] INFO  o.s.scheduling.quartz.LocalDataSourceJobStore:866 - Freed 0 triggers from 'acquired' / 'blocked' state.
2019-12-03 15:38:59.948 [main] INFO  o.s.scheduling.quartz.LocalDataSourceJobStore:876 - Recovering 0 jobs that were in-progress at the time of the last shut-down.
2019-12-03 15:38:59.950 [main] INFO  o.s.scheduling.quartz.LocalDataSourceJobStore:889 - Recovery complete.
2019-12-03 15:38:59.955 [main] INFO  o.s.scheduling.quartz.LocalDataSourceJobStore:896 - Removed 0 'complete' triggers.
2019-12-03 15:38:59.965 [main] INFO  o.s.scheduling.quartz.LocalDataSourceJobStore:901 - Removed 0 stale fired job entries.
2019-12-03 15:38:59.969 [main] INFO  org.quartz.core.QuartzScheduler:547 - Scheduler quartzScheduler_$_NON_CLUSTERED started.
2019-12-03 15:39:00.099 [main] INFO  org.apache.coyote.http11.Http11NioProtocol:173 - Starting ProtocolHandler ["http-nio-8080"]
2019-12-03 15:39:00.153 [main] INFO  o.s.boot.web.embedded.tomcat.TomcatWebServer:204 - Tomcat started on port(s): 8080 (http) with context path '/web-api'
2019-12-03 15:39:00.161 [main] INFO  org.jeecg.JeecgApplication:59 - Started JeecgApplication in 50.481 seconds (JVM running for 65.246)
2019-12-03 15:39:00.193 [main] INFO  org.jeecg.JeecgApplication:31 - 
----------------------------------------------------------
	Application Jeecg-Boot is running! Access URLs:
	Local: 		http://localhost:8080/web-api/
	External: 	http://192.168.66.1:8080/web-api/
	swagger-ui: 	http://192.168.66.1:8080/web-api/swagger-ui.html
	Doc: 		http://192.168.66.1:8080/web-api/doc.html
----------------------------------------------------------
2019-12-03 15:39:00.742 [RMI TCP Connection(5)-192.168.66.1] INFO  o.a.c.c.C.[Tomcat].[localhost].[/web-api]:173 - Initializing Spring DispatcherServlet 'dispatcherServlet'
2019-12-03 15:39:00.743 [RMI TCP Connection(5)-192.168.66.1] INFO  org.springframework.web.servlet.DispatcherServlet:524 - Initializing Servlet 'dispatcherServlet'
2019-12-03 15:39:00.816 [RMI TCP Connection(5)-192.168.66.1] INFO  org.springframework.web.servlet.DispatcherServlet:546 - Completed initialization in 72 ms
2019-12-03 15:39:15.317 [RMI TCP Connection(6)-192.168.66.1] WARN  o.s.boot.actuate.mail.MailHealthIndicator:89 - Mail health check failed
javax.mail.AuthenticationFailedException: 535 Error: authentication failed

	at com.sun.mail.smtp.SMTPTransport$Authenticator.authenticate(SMTPTransport.java:965)
	at com.sun.mail.smtp.SMTPTransport.authenticate(SMTPTransport.java:876)
	at com.sun.mail.smtp.SMTPTransport.protocolConnect(SMTPTransport.java:780)
	at javax.mail.Service.connect(Service.java:366)
	at org.springframework.mail.javamail.JavaMailSenderImpl.connectTransport(JavaMailSenderImpl.java:517)
	at org.springframework.mail.javamail.JavaMailSenderImpl.testConnection(JavaMailSenderImpl.java:397)
	at org.springframework.boot.actuate.mail.MailHealthIndicator.doHealthCheck(MailHealthIndicator.java:43)
	at org.springframework.boot.actuate.health.AbstractHealthIndicator.health(AbstractHealthIndicator.java:84)
	at org.springframework.boot.actuate.health.CompositeHealthIndicator.health(CompositeHealthIndicator.java:98)
	at org.springframework.boot.actuate.health.HealthEndpoint.health(HealthEndpoint.java:50)
	at sun.reflect.NativeMethodAccessorImpl.invoke0(Native Method)
	at sun.reflect.NativeMethodAccessorImpl.invoke(NativeMethodAccessorImpl.java:62)
	at sun.reflect.DelegatingMethodAccessorImpl.invoke(DelegatingMethodAccessorImpl.java:43)
	at java.lang.reflect.Method.invoke(Method.java:498)
	at org.springframework.util.ReflectionUtils.invokeMethod(ReflectionUtils.java:246)
	at org.springframework.boot.actuate.endpoint.invoke.reflect.ReflectiveOperationInvoker.invoke(ReflectiveOperationInvoker.java:76)
	at org.springframework.boot.actuate.endpoint.annotation.AbstractDiscoveredOperation.invoke(AbstractDiscoveredOperation.java:61)
	at org.springframework.boot.actuate.endpoint.jmx.EndpointMBean.invoke(EndpointMBean.java:126)
	at org.springframework.boot.actuate.endpoint.jmx.EndpointMBean.invoke(EndpointMBean.java:99)
	at com.sun.jmx.interceptor.DefaultMBeanServerInterceptor.invoke(DefaultMBeanServerInterceptor.java:819)
	at com.sun.jmx.mbeanserver.JmxMBeanServer.invoke(JmxMBeanServer.java:801)
	at javax.management.remote.rmi.RMIConnectionImpl.doOperation(RMIConnectionImpl.java:1468)
	at javax.management.remote.rmi.RMIConnectionImpl.access$300(RMIConnectionImpl.java:76)
	at javax.management.remote.rmi.RMIConnectionImpl$PrivilegedOperation.run(RMIConnectionImpl.java:1309)
	at javax.management.remote.rmi.RMIConnectionImpl.doPrivilegedOperation(RMIConnectionImpl.java:1401)
	at javax.management.remote.rmi.RMIConnectionImpl.invoke(RMIConnectionImpl.java:829)
	at sun.reflect.GeneratedMethodAccessor183.invoke(Unknown Source)
	at sun.reflect.DelegatingMethodAccessorImpl.invoke(DelegatingMethodAccessorImpl.java:43)
	at java.lang.reflect.Method.invoke(Method.java:498)
	at sun.rmi.server.UnicastServerRef.dispatch(UnicastServerRef.java:357)
	at sun.rmi.transport.Transport$1.run(Transport.java:200)
	at sun.rmi.transport.Transport$1.run(Transport.java:197)
	at java.security.AccessController.doPrivileged(Native Method)
	at sun.rmi.transport.Transport.serviceCall(Transport.java:196)
	at sun.rmi.transport.tcp.TCPTransport.handleMessages(TCPTransport.java:573)
	at sun.rmi.transport.tcp.TCPTransport$ConnectionHandler.run0(TCPTransport.java:834)
	at sun.rmi.transport.tcp.TCPTransport$ConnectionHandler.lambda$run$0(TCPTransport.java:688)
	at java.security.AccessController.doPrivileged(Native Method)
	at sun.rmi.transport.tcp.TCPTransport$ConnectionHandler.run(TCPTransport.java:687)
	at java.util.concurrent.ThreadPoolExecutor.runWorker(ThreadPoolExecutor.java:1149)
	at java.util.concurrent.ThreadPoolExecutor$Worker.run(ThreadPoolExecutor.java:624)
	at java.lang.Thread.run(Thread.java:748)
2019-12-03 15:39:17.137 [RMI TCP Connection(6)-192.168.66.1] INFO  io.lettuce.core.EpollProvider:68 - Starting without optional epoll library
2019-12-03 15:39:17.142 [RMI TCP Connection(6)-192.168.66.1] INFO  io.lettuce.core.KqueueProvider:70 - Starting without optional kqueue library
2019-12-03 15:39:45.455 [http-nio-8080-exec-2] INFO  o.j.m.system.controller.SysPermissionController:120 -  ------ 通过令牌获取用户拥有的访问菜单 ---- TOKEN ------ eyJ0eXAiOiJKV1QiLCJhbGciOiJIUzI1NiJ9.eyJleHAiOjE1NzUzNTczMzgsInVzZXJuYW1lIjoic3VwZXJhZG1pbiJ9.sA1QPJ-tcaACouBSXKOZKNBfGS6sd-fBbb3JgcBxkSk
2019-12-03 15:40:26.828 [http-nio-8080-exec-4] INFO  org.jeecg.modules.shiro.authc.ShiroRealm:60 - ————权限认证 [ roles、permissions]————
2019-12-03 15:40:26.996 [http-nio-8080-exec-4] INFO  o.j.modules.system.service.impl.SysUserServiceImpl:121 - -------通过数据库读取用户拥有的角色Rules------username： superadmin,Roles size: 1
2019-12-03 15:40:27.074 [http-nio-8080-exec-4] INFO  o.j.modules.system.service.impl.SysUserServiceImpl:145 - -------通过数据库读取用户拥有的权限Perms------username： superadmin,Perms size: 3
2019-12-03 15:40:27.086 [http-nio-8080-exec-4] INFO  org.jeecg.modules.shiro.authc.ShiroRealm:60 - ————权限认证 [ roles、permissions]————
2019-12-03 15:40:27.106 [http-nio-8080-exec-4] INFO  org.jeecg.modules.shiro.authc.ShiroRealm:60 - ————权限认证 [ roles、permissions]————
2019-12-03 15:40:27.117 [http-nio-8080-exec-4] INFO  org.jeecg.modules.shiro.authc.ShiroRealm:60 - ————权限认证 [ roles、permissions]————
2019-12-03 15:40:27.225 [http-nio-8080-exec-4] INFO  org.jeecg.common.system.query.QueryGenerator:355 - --查询规则-->org_code RIGHT_LIKE A01
2019-12-03 15:40:27.475 [http-nio-8080-exec-4] INFO  o.j.modules.system.service.impl.SysDictServiceImpl:59 - 无缓存dictText的时候调用这里！
2019-12-03 15:40:27.566 [http-nio-8080-exec-4] INFO  o.j.modules.system.service.impl.SysDictServiceImpl:59 - 无缓存dictText的时候调用这里！
2019-12-03 15:40:27.611 [http-nio-8080-exec-4] INFO  o.j.modules.system.service.impl.SysDictServiceImpl:59 - 无缓存dictText的时候调用这里！
2019-12-03 15:40:50.939 [http-nio-8080-exec-5] INFO  org.jeecg.modules.shiro.authc.ShiroRealm:60 - ————权限认证 [ roles、permissions]————
2019-12-03 15:40:50.946 [http-nio-8080-exec-5] INFO  org.jeecg.modules.shiro.authc.ShiroRealm:60 - ————权限认证 [ roles、permissions]————
2019-12-03 15:40:50.953 [http-nio-8080-exec-5] INFO  org.jeecg.modules.shiro.authc.ShiroRealm:60 - ————权限认证 [ roles、permissions]————
2019-12-03 15:40:50.962 [http-nio-8080-exec-5] INFO  org.jeecg.modules.shiro.authc.ShiroRealm:60 - ————权限认证 [ roles、permissions]————
2019-12-03 15:40:50.978 [http-nio-8080-exec-5] INFO  org.jeecg.modules.shiro.authc.ShiroRealm:60 - ————权限认证 [ roles、permissions]————
2019-12-03 15:40:50.987 [http-nio-8080-exec-5] INFO  org.jeecg.modules.shiro.authc.ShiroRealm:60 - ————权限认证 [ roles、permissions]————
2019-12-03 15:40:50.995 [http-nio-8080-exec-5] INFO  org.jeecg.modules.shiro.authc.ShiroRealm:60 - ————权限认证 [ roles、permissions]————
2019-12-03 15:40:51.002 [http-nio-8080-exec-5] INFO  org.jeecg.modules.shiro.authc.ShiroRealm:60 - ————权限认证 [ roles、permissions]————
2019-12-03 15:53:55.358 [http-nio-8080-exec-7] INFO  org.jeecg.modules.shiro.authc.ShiroRealm:60 - ————权限认证 [ roles、permissions]————
2019-12-03 15:53:55.366 [http-nio-8080-exec-7] INFO  org.jeecg.modules.shiro.authc.ShiroRealm:60 - ————权限认证 [ roles、permissions]————
2019-12-03 15:53:55.372 [http-nio-8080-exec-7] INFO  org.jeecg.modules.shiro.authc.ShiroRealm:60 - ————权限认证 [ roles、permissions]————
2019-12-03 15:53:55.380 [http-nio-8080-exec-7] INFO  org.jeecg.modules.shiro.authc.ShiroRealm:60 - ————权限认证 [ roles、permissions]————
2019-12-03 15:53:55.394 [http-nio-8080-exec-7] INFO  org.jeecg.common.system.query.QueryGenerator:355 - --查询规则-->org_code RIGHT_LIKE A01
2019-12-03 15:56:34.732 [http-nio-8080-exec-2] INFO  org.jeecg.modules.shiro.authc.ShiroRealm:60 - ————权限认证 [ roles、permissions]————
2019-12-03 15:56:34.754 [http-nio-8080-exec-2] INFO  org.jeecg.modules.shiro.authc.ShiroRealm:60 - ————权限认证 [ roles、permissions]————
2019-12-03 15:56:34.771 [http-nio-8080-exec-2] INFO  org.jeecg.modules.shiro.authc.ShiroRealm:60 - ————权限认证 [ roles、permissions]————
2019-12-03 15:56:34.792 [http-nio-8080-exec-2] INFO  org.jeecg.modules.shiro.authc.ShiroRealm:60 - ————权限认证 [ roles、permissions]————
2019-12-03 15:56:34.817 [http-nio-8080-exec-2] INFO  org.jeecg.modules.shiro.authc.ShiroRealm:60 - ————权限认证 [ roles、permissions]————
2019-12-03 15:56:34.839 [http-nio-8080-exec-2] INFO  org.jeecg.modules.shiro.authc.ShiroRealm:60 - ————权限认证 [ roles、permissions]————
2019-12-03 15:56:34.856 [http-nio-8080-exec-2] INFO  org.jeecg.modules.shiro.authc.ShiroRealm:60 - ————权限认证 [ roles、permissions]————
2019-12-03 15:56:34.866 [http-nio-8080-exec-2] INFO  org.jeecg.modules.shiro.authc.ShiroRealm:60 - ————权限认证 [ roles、permissions]————
2019-12-03 15:58:21.282 [http-nio-8080-exec-9] INFO  org.jeecg.modules.shiro.authc.ShiroRealm:60 - ————权限认证 [ roles、permissions]————
2019-12-03 15:58:21.297 [http-nio-8080-exec-9] INFO  org.jeecg.modules.shiro.authc.ShiroRealm:60 - ————权限认证 [ roles、permissions]————
2019-12-03 15:58:21.313 [http-nio-8080-exec-9] INFO  org.jeecg.modules.shiro.authc.ShiroRealm:60 - ————权限认证 [ roles、permissions]————
2019-12-03 15:58:21.327 [http-nio-8080-exec-9] INFO  org.jeecg.modules.shiro.authc.ShiroRealm:60 - ————权限认证 [ roles、permissions]————
2019-12-03 15:58:21.341 [http-nio-8080-exec-9] INFO  org.jeecg.modules.shiro.authc.ShiroRealm:60 - ————权限认证 [ roles、permissions]————
2019-12-03 15:58:21.356 [http-nio-8080-exec-9] INFO  org.jeecg.modules.shiro.authc.ShiroRealm:60 - ————权限认证 [ roles、permissions]————
2019-12-03 15:58:21.366 [http-nio-8080-exec-9] INFO  org.jeecg.modules.shiro.authc.ShiroRealm:60 - ————权限认证 [ roles、permissions]————
2019-12-03 15:58:21.375 [http-nio-8080-exec-9] INFO  org.jeecg.modules.shiro.authc.ShiroRealm:60 - ————权限认证 [ roles、permissions]————
2019-12-03 15:59:07.855 [http-nio-8080-exec-3] INFO  org.jeecg.modules.shiro.authc.ShiroRealm:60 - ————权限认证 [ roles、permissions]————
2019-12-03 15:59:07.871 [http-nio-8080-exec-3] INFO  org.jeecg.modules.shiro.authc.ShiroRealm:60 - ————权限认证 [ roles、permissions]————
2019-12-03 15:59:07.884 [http-nio-8080-exec-3] INFO  org.jeecg.modules.shiro.authc.ShiroRealm:60 - ————权限认证 [ roles、permissions]————
2019-12-03 15:59:07.896 [http-nio-8080-exec-3] INFO  org.jeecg.modules.shiro.authc.ShiroRealm:60 - ————权限认证 [ roles、permissions]————
2019-12-03 15:59:07.910 [http-nio-8080-exec-3] INFO  org.jeecg.modules.shiro.authc.ShiroRealm:60 - ————权限认证 [ roles、permissions]————
2019-12-03 15:59:07.918 [http-nio-8080-exec-3] INFO  org.jeecg.modules.shiro.authc.ShiroRealm:60 - ————权限认证 [ roles、permissions]————
2019-12-03 15:59:07.929 [http-nio-8080-exec-3] INFO  org.jeecg.modules.shiro.authc.ShiroRealm:60 - ————权限认证 [ roles、permissions]————
2019-12-03 15:59:07.934 [http-nio-8080-exec-3] INFO  org.jeecg.modules.shiro.authc.ShiroRealm:60 - ————权限认证 [ roles、permissions]————
2019-12-03 16:01:31.871 [http-nio-8080-exec-10] INFO  org.jeecg.modules.shiro.authc.ShiroRealm:60 - ————权限认证 [ roles、permissions]————
2019-12-03 16:01:31.876 [http-nio-8080-exec-10] INFO  org.jeecg.modules.shiro.authc.ShiroRealm:60 - ————权限认证 [ roles、permissions]————
2019-12-03 16:01:31.881 [http-nio-8080-exec-10] INFO  org.jeecg.modules.shiro.authc.ShiroRealm:60 - ————权限认证 [ roles、permissions]————
2019-12-03 16:01:31.887 [http-nio-8080-exec-10] INFO  org.jeecg.modules.shiro.authc.ShiroRealm:60 - ————权限认证 [ roles、permissions]————
2019-12-03 16:01:31.894 [http-nio-8080-exec-10] INFO  org.jeecg.modules.shiro.authc.ShiroRealm:60 - ————权限认证 [ roles、permissions]————
2019-12-03 16:01:31.899 [http-nio-8080-exec-10] INFO  org.jeecg.modules.shiro.authc.ShiroRealm:60 - ————权限认证 [ roles、permissions]————
2019-12-03 16:01:31.906 [http-nio-8080-exec-10] INFO  org.jeecg.modules.shiro.authc.ShiroRealm:60 - ————权限认证 [ roles、permissions]————
2019-12-03 16:01:31.911 [http-nio-8080-exec-10] INFO  org.jeecg.modules.shiro.authc.ShiroRealm:60 - ————权限认证 [ roles、permissions]————
2019-12-03 16:02:21.251 [http-nio-8080-exec-1] INFO  org.jeecg.modules.shiro.authc.ShiroRealm:60 - ————权限认证 [ roles、permissions]————
2019-12-03 16:02:21.256 [http-nio-8080-exec-1] INFO  org.jeecg.modules.shiro.authc.ShiroRealm:60 - ————权限认证 [ roles、permissions]————
2019-12-03 16:02:21.261 [http-nio-8080-exec-1] INFO  org.jeecg.modules.shiro.authc.ShiroRealm:60 - ————权限认证 [ roles、permissions]————
2019-12-03 16:02:21.268 [http-nio-8080-exec-1] INFO  org.jeecg.modules.shiro.authc.ShiroRealm:60 - ————权限认证 [ roles、permissions]————
2019-12-03 16:02:21.284 [http-nio-8080-exec-1] INFO  org.jeecg.modules.shiro.authc.ShiroRealm:60 - ————权限认证 [ roles、permissions]————
2019-12-03 16:02:21.290 [http-nio-8080-exec-1] INFO  org.jeecg.modules.shiro.authc.ShiroRealm:60 - ————权限认证 [ roles、permissions]————
2019-12-03 16:02:21.297 [http-nio-8080-exec-1] INFO  org.jeecg.modules.shiro.authc.ShiroRealm:60 - ————权限认证 [ roles、permissions]————
2019-12-03 16:02:21.303 [http-nio-8080-exec-1] INFO  org.jeecg.modules.shiro.authc.ShiroRealm:60 - ————权限认证 [ roles、permissions]————
2019-12-03 16:02:46.890 [http-nio-8080-exec-6] INFO  org.jeecg.modules.shiro.authc.ShiroRealm:60 - ————权限认证 [ roles、permissions]————
2019-12-03 16:02:46.895 [http-nio-8080-exec-6] INFO  org.jeecg.modules.shiro.authc.ShiroRealm:60 - ————权限认证 [ roles、permissions]————
2019-12-03 16:02:46.901 [http-nio-8080-exec-6] INFO  org.jeecg.modules.shiro.authc.ShiroRealm:60 - ————权限认证 [ roles、permissions]————
2019-12-03 16:02:46.909 [http-nio-8080-exec-6] INFO  org.jeecg.modules.shiro.authc.ShiroRealm:60 - ————权限认证 [ roles、permissions]————
2019-12-03 16:02:46.924 [http-nio-8080-exec-6] INFO  org.jeecg.modules.shiro.authc.ShiroRealm:60 - ————权限认证 [ roles、permissions]————
2019-12-03 16:02:46.931 [http-nio-8080-exec-6] INFO  org.jeecg.modules.shiro.authc.ShiroRealm:60 - ————权限认证 [ roles、permissions]————
2019-12-03 16:02:46.937 [http-nio-8080-exec-6] INFO  org.jeecg.modules.shiro.authc.ShiroRealm:60 - ————权限认证 [ roles、permissions]————
2019-12-03 16:02:46.943 [http-nio-8080-exec-6] INFO  org.jeecg.modules.shiro.authc.ShiroRealm:60 - ————权限认证 [ roles、permissions]————
2019-12-03 16:06:39.859 [http-nio-8080-exec-9] INFO  org.jeecg.modules.shiro.authc.ShiroRealm:60 - ————权限认证 [ roles、permissions]————
2019-12-03 16:06:39.866 [http-nio-8080-exec-9] INFO  org.jeecg.modules.shiro.authc.ShiroRealm:60 - ————权限认证 [ roles、permissions]————
2019-12-03 16:06:39.870 [http-nio-8080-exec-9] INFO  org.jeecg.modules.shiro.authc.ShiroRealm:60 - ————权限认证 [ roles、permissions]————
2019-12-03 16:06:39.874 [http-nio-8080-exec-9] INFO  org.jeecg.modules.shiro.authc.ShiroRealm:60 - ————权限认证 [ roles、permissions]————
2019-12-03 16:06:39.879 [http-nio-8080-exec-9] INFO  org.jeecg.modules.shiro.authc.ShiroRealm:60 - ————权限认证 [ roles、permissions]————
2019-12-03 16:06:39.882 [http-nio-8080-exec-9] INFO  org.jeecg.modules.shiro.authc.ShiroRealm:60 - ————权限认证 [ roles、permissions]————
2019-12-03 16:06:39.887 [http-nio-8080-exec-9] INFO  org.jeecg.modules.shiro.authc.ShiroRealm:60 - ————权限认证 [ roles、permissions]————
2019-12-03 16:06:39.891 [http-nio-8080-exec-9] INFO  org.jeecg.modules.shiro.authc.ShiroRealm:60 - ————权限认证 [ roles、permissions]————
2019-12-03 16:09:55.543 [main] INFO  o.j.c.generate.impl.CodeGenerateOneToMany:164 - ----jeecg---Code----Generation----[一对多模型:jeecg_order_main]------- 生成中。。。
2019-12-03 16:09:58.703 [main] INFO  o.j.c.generate.impl.CodeGenerateOneToMany:159 - code template data: {primaryKeyPolicy=java.lang.String, serialVersionUID=-4159073687052005401, subTables=[{"entityPackage":"test2","tableName":"jeecg_order_customer","entityName":"TestOrderCustom","primaryKeyPolicy":"null","sequenceCode":"null","ftlDescription":"客户明细","originalForeignKeys":"[order_id]","foreignKeys":"[OrderId]","colums":[{"fieldDbName":"NAME","fieldName":"name","filedComment":"客户名","fieldType":"varchar","fieldDbType":"varchar","classType":"inputxt","classType_row":"","optionType":"*","charmaxLength":"100","precision":"null","scale":"null","nullable":"N","fieldLength":"null","fieldHref":"null","fieldValidType":"null","fieldDefault":"null","fieldShowType":"null","fieldOrderNum":"null","isKey":"null","isShow":"null","isShowList":"null","isQuery":"null","queryMode":"null","dictField":"null","dictTable":"null","dictText":"null"}, {"fieldDbName":"SEX","fieldName":"sex","filedComment":"性别","fieldType":"varchar","fieldDbType":"varchar","classType":"inputxt","classType_row":"","optionType":"","charmaxLength":"4","precision":"null","scale":"null","nullable":"Y","fieldLength":"null","fieldHref":"null","fieldValidType":"null","fieldDefault":"null","fieldShowType":"null","fieldOrderNum":"null","isKey":"null","isShow":"null","isShowList":"null","isQuery":"null","queryMode":"null","dictField":"null","dictTable":"null","dictText":"null"}, {"fieldDbName":"IDCARD","fieldName":"idcard","filedComment":"身份证号码","fieldType":"varchar","fieldDbType":"varchar","classType":"inputxt","classType_row":"","optionType":"","charmaxLength":"18","precision":"null","scale":"null","nullable":"Y","fieldLength":"null","fieldHref":"null","fieldValidType":"null","fieldDefault":"null","fieldShowType":"null","fieldOrderNum":"null","isKey":"null","isShow":"null","isShowList":"null","isQuery":"null","queryMode":"null","dictField":"null","dictTable":"null","dictText":"null"}, {"fieldDbName":"IDCARD_PIC","fieldName":"idcardPic","filedComment":"身份证扫描件","fieldType":"varchar","fieldDbType":"varchar","classType":"inputxt","classType_row":"","optionType":"","charmaxLength":"500","precision":"null","scale":"null","nullable":"Y","fieldLength":"null","fieldHref":"null","fieldValidType":"null","fieldDefault":"null","fieldShowType":"null","fieldOrderNum":"null","isKey":"null","isShow":"null","isShowList":"null","isQuery":"null","queryMode":"null","dictField":"null","dictTable":"null","dictText":"null"}, {"fieldDbName":"TELPHONE","fieldName":"telphone","filedComment":"电话1","fieldType":"varchar","fieldDbType":"varchar","classType":"inputxt","classType_row":"","optionType":"","charmaxLength":"32","precision":"null","scale":"null","nullable":"Y","fieldLength":"null","fieldHref":"null","fieldValidType":"null","fieldDefault":"null","fieldShowType":"null","fieldOrderNum":"null","isKey":"null","isShow":"null","isShowList":"null","isQuery":"null","queryMode":"null","dictField":"null","dictTable":"null","dictText":"null"}, {"fieldDbName":"ORDER_ID","fieldName":"orderId","filedComment":"外键","fieldType":"varchar","fieldDbType":"varchar","classType":"inputxt","classType_row":"","optionType":"*","charmaxLength":"32","precision":"null","scale":"null","nullable":"N","fieldLength":"null","fieldHref":"null","fieldValidType":"null","fieldDefault":"null","fieldShowType":"null","fieldOrderNum":"null","isKey":"null","isShow":"null","isShowList":"null","isQuery":"null","queryMode":"null","dictField":"null","dictTable":"null","dictText":"null"}],"originalColumns":[{"fieldDbName":"ID","fieldName":"id","filedComment":"主键","fieldType":"java.lang.String","fieldDbType":"varchar","classType":"inputxt","classType_row":"","optionType":"*","charmaxLength":"32","precision":"","scale":"","nullable":"N","fieldLength":"null","fieldHref":"null","fieldValidType":"null","fieldDefault":"null","fieldShowType":"null","fieldOrderNum":"null","isKey":"null","isShow":"null","isShowList":"null","isQuery":"null","queryMode":"null","dictField":"null","dictTable":"null","dictText":"null"}, {"fieldDbName":"NAME","fieldName":"name","filedComment":"客户名","fieldType":"java.lang.String","fieldDbType":"varchar","classType":"inputxt","classType_row":"","optionType":"*","charmaxLength":"100","precision":"","scale":"","nullable":"N","fieldLength":"null","fieldHref":"null","fieldValidType":"null","fieldDefault":"null","fieldShowType":"null","fieldOrderNum":"null","isKey":"null","isShow":"null","isShowList":"null","isQuery":"null","queryMode":"null","dictField":"null","dictTable":"null","dictText":"null"}, {"fieldDbName":"SEX","fieldName":"sex","filedComment":"性别","fieldType":"java.lang.String","fieldDbType":"varchar","classType":"inputxt","classType_row":"","optionType":"","charmaxLength":"4","precision":"","scale":"","nullable":"Y","fieldLength":"null","fieldHref":"null","fieldValidType":"null","fieldDefault":"null","fieldShowType":"null","fieldOrderNum":"null","isKey":"null","isShow":"null","isShowList":"null","isQuery":"null","queryMode":"null","dictField":"null","dictTable":"null","dictText":"null"}, {"fieldDbName":"IDCARD","fieldName":"idcard","filedComment":"身份证号码","fieldType":"java.lang.String","fieldDbType":"varchar","classType":"inputxt","classType_row":"","optionType":"","charmaxLength":"18","precision":"","scale":"","nullable":"Y","fieldLength":"null","fieldHref":"null","fieldValidType":"null","fieldDefault":"null","fieldShowType":"null","fieldOrderNum":"null","isKey":"null","isShow":"null","isShowList":"null","isQuery":"null","queryMode":"null","dictField":"null","dictTable":"null","dictText":"null"}, {"fieldDbName":"IDCARD_PIC","fieldName":"idcardPic","filedComment":"身份证扫描件","fieldType":"java.lang.String","fieldDbType":"varchar","classType":"inputxt","classType_row":"","optionType":"","charmaxLength":"500","precision":"","scale":"","nullable":"Y","fieldLength":"null","fieldHref":"null","fieldValidType":"null","fieldDefault":"null","fieldShowType":"null","fieldOrderNum":"null","isKey":"null","isShow":"null","isShowList":"null","isQuery":"null","queryMode":"null","dictField":"null","dictTable":"null","dictText":"null"}, {"fieldDbName":"TELPHONE","fieldName":"telphone","filedComment":"电话1","fieldType":"java.lang.String","fieldDbType":"varchar","classType":"inputxt","classType_row":"","optionType":"","charmaxLength":"32","precision":"","scale":"","nullable":"Y","fieldLength":"null","fieldHref":"null","fieldValidType":"null","fieldDefault":"null","fieldShowType":"null","fieldOrderNum":"null","isKey":"null","isShow":"null","isShowList":"null","isQuery":"null","queryMode":"null","dictField":"null","dictTable":"null","dictText":"null"}, {"fieldDbName":"ORDER_ID","fieldName":"orderId","filedComment":"外键","fieldType":"java.lang.String","fieldDbType":"varchar","classType":"inputxt","classType_row":"","optionType":"*","charmaxLength":"32","precision":"","scale":"","nullable":"N","fieldLength":"null","fieldHref":"null","fieldValidType":"null","fieldDefault":"null","fieldShowType":"null","fieldOrderNum":"null","isKey":"null","isShow":"null","isShowList":"null","isQuery":"null","queryMode":"null","dictField":"null","dictTable":"null","dictText":"null"}, {"fieldDbName":"CREATE_BY","fieldName":"createBy","filedComment":"创建人","fieldType":"java.lang.String","fieldDbType":"varchar","classType":"inputxt","classType_row":"","optionType":"","charmaxLength":"32","precision":"","scale":"","nullable":"Y","fieldLength":"null","fieldHref":"null","fieldValidType":"null","fieldDefault":"null","fieldShowType":"null","fieldOrderNum":"null","isKey":"null","isShow":"null","isShowList":"null","isQuery":"null","queryMode":"null","dictField":"null","dictTable":"null","dictText":"null"}, {"fieldDbName":"CREATE_TIME","fieldName":"createTime","filedComment":"创建时间","fieldType":"java.util.Date","fieldDbType":"datetime","classType":"inputxt","classType_row":"","optionType":"","charmaxLength":"","precision":"","scale":"","nullable":"Y","fieldLength":"null","fieldHref":"null","fieldValidType":"null","fieldDefault":"null","fieldShowType":"null","fieldOrderNum":"null","isKey":"null","isShow":"null","isShowList":"null","isQuery":"null","queryMode":"null","dictField":"null","dictTable":"null","dictText":"null"}, {"fieldDbName":"UPDATE_BY","fieldName":"updateBy","filedComment":"修改人","fieldType":"java.lang.String","fieldDbType":"varchar","classType":"inputxt","classType_row":"","optionType":"","charmaxLength":"32","precision":"","scale":"","nullable":"Y","fieldLength":"null","fieldHref":"null","fieldValidType":"null","fieldDefault":"null","fieldShowType":"null","fieldOrderNum":"null","isKey":"null","isShow":"null","isShowList":"null","isQuery":"null","queryMode":"null","dictField":"null","dictTable":"null","dictText":"null"}, {"fieldDbName":"UPDATE_TIME","fieldName":"updateTime","filedComment":"修改时间","fieldType":"java.util.Date","fieldDbType":"datetime","classType":"inputxt","classType_row":"","optionType":"","charmaxLength":"","precision":"","scale":"","nullable":"Y","fieldLength":"null","fieldHref":"null","fieldValidType":"null","fieldDefault":"null","fieldShowType":"null","fieldOrderNum":"null","isKey":"null","isShow":"null","isShowList":"null","isQuery":"null","queryMode":"null","dictField":"null","dictTable":"null","dictText":"null"}]}, {"entityPackage":"test2","tableName":"jeecg_order_ticket","entityName":"TestOrderTicket","primaryKeyPolicy":"null","sequenceCode":"null","ftlDescription":"产品明细","originalForeignKeys":"[order_id]","foreignKeys":"[OrderId]","colums":[{"fieldDbName":"TICKET_CODE","fieldName":"ticketCode","filedComment":"航班号","fieldType":"varchar","fieldDbType":"varchar","classType":"inputxt","classType_row":"","optionType":"*","charmaxLength":"100","precision":"null","scale":"null","nullable":"N","fieldLength":"null","fieldHref":"null","fieldValidType":"null","fieldDefault":"null","fieldShowType":"null","fieldOrderNum":"null","isKey":"null","isShow":"null","isShowList":"null","isQuery":"null","queryMode":"null","dictField":"null","dictTable":"null","dictText":"null"}, {"fieldDbName":"TICKECT_DATE","fieldName":"tickectDate","filedComment":"航班时间","fieldType":"datetime","fieldDbType":"datetime","classType":"easyui-datetimebox","classType_row":"","optionType":"","charmaxLength":"null","precision":"null","scale":"null","nullable":"Y","fieldLength":"null","fieldHref":"null","fieldValidType":"null","fieldDefault":"null","fieldShowType":"null","fieldOrderNum":"null","isKey":"null","isShow":"null","isShowList":"null","isQuery":"null","queryMode":"null","dictField":"null","dictTable":"null","dictText":"null"}, {"fieldDbName":"ORDER_ID","fieldName":"orderId","filedComment":"外键","fieldType":"varchar","fieldDbType":"varchar","classType":"inputxt","classType_row":"","optionType":"*","charmaxLength":"32","precision":"null","scale":"null","nullable":"N","fieldLength":"null","fieldHref":"null","fieldValidType":"null","fieldDefault":"null","fieldShowType":"null","fieldOrderNum":"null","isKey":"null","isShow":"null","isShowList":"null","isQuery":"null","queryMode":"null","dictField":"null","dictTable":"null","dictText":"null"}],"originalColumns":[{"fieldDbName":"ID","fieldName":"id","filedComment":"主键","fieldType":"java.lang.String","fieldDbType":"varchar","classType":"inputxt","classType_row":"","optionType":"*","charmaxLength":"32","precision":"","scale":"","nullable":"N","fieldLength":"null","fieldHref":"null","fieldValidType":"null","fieldDefault":"null","fieldShowType":"null","fieldOrderNum":"null","isKey":"null","isShow":"null","isShowList":"null","isQuery":"null","queryMode":"null","dictField":"null","dictTable":"null","dictText":"null"}, {"fieldDbName":"TICKET_CODE","fieldName":"ticketCode","filedComment":"航班号","fieldType":"java.lang.String","fieldDbType":"varchar","classType":"inputxt","classType_row":"","optionType":"*","charmaxLength":"100","precision":"","scale":"","nullable":"N","fieldLength":"null","fieldHref":"null","fieldValidType":"null","fieldDefault":"null","fieldShowType":"null","fieldOrderNum":"null","isKey":"null","isShow":"null","isShowList":"null","isQuery":"null","queryMode":"null","dictField":"null","dictTable":"null","dictText":"null"}, {"fieldDbName":"TICKECT_DATE","fieldName":"tickectDate","filedComment":"航班时间","fieldType":"java.util.Date","fieldDbType":"datetime","classType":"inputxt","classType_row":"","optionType":"","charmaxLength":"","precision":"","scale":"","nullable":"Y","fieldLength":"null","fieldHref":"null","fieldValidType":"null","fieldDefault":"null","fieldShowType":"null","fieldOrderNum":"null","isKey":"null","isShow":"null","isShowList":"null","isQuery":"null","queryMode":"null","dictField":"null","dictTable":"null","dictText":"null"}, {"fieldDbName":"ORDER_ID","fieldName":"orderId","filedComment":"外键","fieldType":"java.lang.String","fieldDbType":"varchar","classType":"inputxt","classType_row":"","optionType":"*","charmaxLength":"32","precision":"","scale":"","nullable":"N","fieldLength":"null","fieldHref":"null","fieldValidType":"null","fieldDefault":"null","fieldShowType":"null","fieldOrderNum":"null","isKey":"null","isShow":"null","isShowList":"null","isQuery":"null","queryMode":"null","dictField":"null","dictTable":"null","dictText":"null"}, {"fieldDbName":"CREATE_BY","fieldName":"createBy","filedComment":"创建人","fieldType":"java.lang.String","fieldDbType":"varchar","classType":"inputxt","classType_row":"","optionType":"","charmaxLength":"32","precision":"","scale":"","nullable":"Y","fieldLength":"null","fieldHref":"null","fieldValidType":"null","fieldDefault":"null","fieldShowType":"null","fieldOrderNum":"null","isKey":"null","isShow":"null","isShowList":"null","isQuery":"null","queryMode":"null","dictField":"null","dictTable":"null","dictText":"null"}, {"fieldDbName":"CREATE_TIME","fieldName":"createTime","filedComment":"创建时间","fieldType":"java.util.Date","fieldDbType":"datetime","classType":"inputxt","classType_row":"","optionType":"","charmaxLength":"","precision":"","scale":"","nullable":"Y","fieldLength":"null","fieldHref":"null","fieldValidType":"null","fieldDefault":"null","fieldShowType":"null","fieldOrderNum":"null","isKey":"null","isShow":"null","isShowList":"null","isQuery":"null","queryMode":"null","dictField":"null","dictTable":"null","dictText":"null"}, {"fieldDbName":"UPDATE_BY","fieldName":"updateBy","filedComment":"修改人","fieldType":"java.lang.String","fieldDbType":"varchar","classType":"inputxt","classType_row":"","optionType":"","charmaxLength":"32","precision":"","scale":"","nullable":"Y","fieldLength":"null","fieldHref":"null","fieldValidType":"null","fieldDefault":"null","fieldShowType":"null","fieldOrderNum":"null","isKey":"null","isShow":"null","isShowList":"null","isQuery":"null","queryMode":"null","dictField":"null","dictTable":"null","dictText":"null"}, {"fieldDbName":"UPDATE_TIME","fieldName":"updateTime","filedComment":"修改时间","fieldType":"java.util.Date","fieldDbType":"datetime","classType":"inputxt","classType_row":"","optionType":"","charmaxLength":"","precision":"","scale":"","nullable":"Y","fieldLength":"null","fieldHref":"null","fieldValidType":"null","fieldDefault":"null","fieldShowType":"null","fieldOrderNum":"null","isKey":"null","isShow":"null","isShowList":"null","isQuery":"null","queryMode":"null","dictField":"null","dictTable":"null","dictText":"null"}]}], entityPackage=test2, entityName=TestOrderMain, primaryKeyField=id, columns=[{"fieldDbName":"ORDER_CODE","fieldName":"orderCode","filedComment":"订单号","fieldType":"varchar","fieldDbType":"varchar","classType":"inputxt","classType_row":"","optionType":"","charmaxLength":"50","precision":"null","scale":"null","nullable":"Y","fieldLength":"null","fieldHref":"null","fieldValidType":"null","fieldDefault":"null","fieldShowType":"null","fieldOrderNum":"null","isKey":"null","isShow":"null","isShowList":"null","isQuery":"null","queryMode":"null","dictField":"null","dictTable":"null","dictText":"null"}, {"fieldDbName":"CTYPE","fieldName":"ctype","filedComment":"订单类型","fieldType":"varchar","fieldDbType":"varchar","classType":"inputxt","classType_row":"","optionType":"","charmaxLength":"500","precision":"null","scale":"null","nullable":"Y","fieldLength":"null","fieldHref":"null","fieldValidType":"null","fieldDefault":"null","fieldShowType":"null","fieldOrderNum":"null","isKey":"null","isShow":"null","isShowList":"null","isQuery":"null","queryMode":"null","dictField":"null","dictTable":"null","dictText":"null"}, {"fieldDbName":"ORDER_DATE","fieldName":"orderDate","filedComment":"订单日期","fieldType":"datetime","fieldDbType":"datetime","classType":"easyui-datetimebox","classType_row":"","optionType":"","charmaxLength":"null","precision":"null","scale":"null","nullable":"Y","fieldLength":"null","fieldHref":"null","fieldValidType":"null","fieldDefault":"null","fieldShowType":"null","fieldOrderNum":"null","isKey":"null","isShow":"null","isShowList":"null","isQuery":"null","queryMode":"null","dictField":"null","dictTable":"null","dictText":"null"}, {"fieldDbName":"ORDER_MONEY","fieldName":"orderMoney","filedComment":"订单金额","fieldType":"double","fieldDbType":"double","classType":"inputxt","classType_row":"","optionType":"d","charmaxLength":"null","precision":"10","scale":"3","nullable":"Y","fieldLength":"null","fieldHref":"null","fieldValidType":"null","fieldDefault":"null","fieldShowType":"null","fieldOrderNum":"null","isKey":"null","isShow":"null","isShowList":"null","isQuery":"null","queryMode":"null","dictField":"null","dictTable":"null","dictText":"null"}, {"fieldDbName":"CONTENT","fieldName":"content","filedComment":"订单备注","fieldType":"varchar","fieldDbType":"varchar","classType":"inputxt","classType_row":"","optionType":"","charmaxLength":"500","precision":"null","scale":"null","nullable":"Y","fieldLength":"null","fieldHref":"null","fieldValidType":"null","fieldDefault":"null","fieldShowType":"null","fieldOrderNum":"null","isKey":"null","isShow":"null","isShowList":"null","isQuery":"null","queryMode":"null","dictField":"null","dictTable":"null","dictText":"null"}], tableVo={"entityPackage":"test2","tableName":"jeecg_order_main","entityName":"TestOrderMain","ftlDescription":"订单","primaryKeyPolicy":"null","sequenceCode":"null","ftl_mode":"A","subTables":[{"entityPackage":"test2","tableName":"jeecg_order_customer","entityName":"TestOrderCustom","primaryKeyPolicy":"null","sequenceCode":"null","ftlDescription":"客户明细","originalForeignKeys":"[order_id]","foreignKeys":"[OrderId]","colums":[{"fieldDbName":"NAME","fieldName":"name","filedComment":"客户名","fieldType":"varchar","fieldDbType":"varchar","classType":"inputxt","classType_row":"","optionType":"*","charmaxLength":"100","precision":"null","scale":"null","nullable":"N","fieldLength":"null","fieldHref":"null","fieldValidType":"null","fieldDefault":"null","fieldShowType":"null","fieldOrderNum":"null","isKey":"null","isShow":"null","isShowList":"null","isQuery":"null","queryMode":"null","dictField":"null","dictTable":"null","dictText":"null"}, {"fieldDbName":"SEX","fieldName":"sex","filedComment":"性别","fieldType":"varchar","fieldDbType":"varchar","classType":"inputxt","classType_row":"","optionType":"","charmaxLength":"4","precision":"null","scale":"null","nullable":"Y","fieldLength":"null","fieldHref":"null","fieldValidType":"null","fieldDefault":"null","fieldShowType":"null","fieldOrderNum":"null","isKey":"null","isShow":"null","isShowList":"null","isQuery":"null","queryMode":"null","dictField":"null","dictTable":"null","dictText":"null"}, {"fieldDbName":"IDCARD","fieldName":"idcard","filedComment":"身份证号码","fieldType":"varchar","fieldDbType":"varchar","classType":"inputxt","classType_row":"","optionType":"","charmaxLength":"18","precision":"null","scale":"null","nullable":"Y","fieldLength":"null","fieldHref":"null","fieldValidType":"null","fieldDefault":"null","fieldShowType":"null","fieldOrderNum":"null","isKey":"null","isShow":"null","isShowList":"null","isQuery":"null","queryMode":"null","dictField":"null","dictTable":"null","dictText":"null"}, {"fieldDbName":"IDCARD_PIC","fieldName":"idcardPic","filedComment":"身份证扫描件","fieldType":"varchar","fieldDbType":"varchar","classType":"inputxt","classType_row":"","optionType":"","charmaxLength":"500","precision":"null","scale":"null","nullable":"Y","fieldLength":"null","fieldHref":"null","fieldValidType":"null","fieldDefault":"null","fieldShowType":"null","fieldOrderNum":"null","isKey":"null","isShow":"null","isShowList":"null","isQuery":"null","queryMode":"null","dictField":"null","dictTable":"null","dictText":"null"}, {"fieldDbName":"TELPHONE","fieldName":"telphone","filedComment":"电话1","fieldType":"varchar","fieldDbType":"varchar","classType":"inputxt","classType_row":"","optionType":"","charmaxLength":"32","precision":"null","scale":"null","nullable":"Y","fieldLength":"null","fieldHref":"null","fieldValidType":"null","fieldDefault":"null","fieldShowType":"null","fieldOrderNum":"null","isKey":"null","isShow":"null","isShowList":"null","isQuery":"null","queryMode":"null","dictField":"null","dictTable":"null","dictText":"null"}, {"fieldDbName":"ORDER_ID","fieldName":"orderId","filedComment":"外键","fieldType":"varchar","fieldDbType":"varchar","classType":"inputxt","classType_row":"","optionType":"*","charmaxLength":"32","precision":"null","scale":"null","nullable":"N","fieldLength":"null","fieldHref":"null","fieldValidType":"null","fieldDefault":"null","fieldShowType":"null","fieldOrderNum":"null","isKey":"null","isShow":"null","isShowList":"null","isQuery":"null","queryMode":"null","dictField":"null","dictTable":"null","dictText":"null"}],"originalColumns":[{"fieldDbName":"ID","fieldName":"id","filedComment":"主键","fieldType":"java.lang.String","fieldDbType":"varchar","classType":"inputxt","classType_row":"","optionType":"*","charmaxLength":"32","precision":"","scale":"","nullable":"N","fieldLength":"null","fieldHref":"null","fieldValidType":"null","fieldDefault":"null","fieldShowType":"null","fieldOrderNum":"null","isKey":"null","isShow":"null","isShowList":"null","isQuery":"null","queryMode":"null","dictField":"null","dictTable":"null","dictText":"null"}, {"fieldDbName":"NAME","fieldName":"name","filedComment":"客户名","fieldType":"java.lang.String","fieldDbType":"varchar","classType":"inputxt","classType_row":"","optionType":"*","charmaxLength":"100","precision":"","scale":"","nullable":"N","fieldLength":"null","fieldHref":"null","fieldValidType":"null","fieldDefault":"null","fieldShowType":"null","fieldOrderNum":"null","isKey":"null","isShow":"null","isShowList":"null","isQuery":"null","queryMode":"null","dictField":"null","dictTable":"null","dictText":"null"}, {"fieldDbName":"SEX","fieldName":"sex","filedComment":"性别","fieldType":"java.lang.String","fieldDbType":"varchar","classType":"inputxt","classType_row":"","optionType":"","charmaxLength":"4","precision":"","scale":"","nullable":"Y","fieldLength":"null","fieldHref":"null","fieldValidType":"null","fieldDefault":"null","fieldShowType":"null","fieldOrderNum":"null","isKey":"null","isShow":"null","isShowList":"null","isQuery":"null","queryMode":"null","dictField":"null","dictTable":"null","dictText":"null"}, {"fieldDbName":"IDCARD","fieldName":"idcard","filedComment":"身份证号码","fieldType":"java.lang.String","fieldDbType":"varchar","classType":"inputxt","classType_row":"","optionType":"","charmaxLength":"18","precision":"","scale":"","nullable":"Y","fieldLength":"null","fieldHref":"null","fieldValidType":"null","fieldDefault":"null","fieldShowType":"null","fieldOrderNum":"null","isKey":"null","isShow":"null","isShowList":"null","isQuery":"null","queryMode":"null","dictField":"null","dictTable":"null","dictText":"null"}, {"fieldDbName":"IDCARD_PIC","fieldName":"idcardPic","filedComment":"身份证扫描件","fieldType":"java.lang.String","fieldDbType":"varchar","classType":"inputxt","classType_row":"","optionType":"","charmaxLength":"500","precision":"","scale":"","nullable":"Y","fieldLength":"null","fieldHref":"null","fieldValidType":"null","fieldDefault":"null","fieldShowType":"null","fieldOrderNum":"null","isKey":"null","isShow":"null","isShowList":"null","isQuery":"null","queryMode":"null","dictField":"null","dictTable":"null","dictText":"null"}, {"fieldDbName":"TELPHONE","fieldName":"telphone","filedComment":"电话1","fieldType":"java.lang.String","fieldDbType":"varchar","classType":"inputxt","classType_row":"","optionType":"","charmaxLength":"32","precision":"","scale":"","nullable":"Y","fieldLength":"null","fieldHref":"null","fieldValidType":"null","fieldDefault":"null","fieldShowType":"null","fieldOrderNum":"null","isKey":"null","isShow":"null","isShowList":"null","isQuery":"null","queryMode":"null","dictField":"null","dictTable":"null","dictText":"null"}, {"fieldDbName":"ORDER_ID","fieldName":"orderId","filedComment":"外键","fieldType":"java.lang.String","fieldDbType":"varchar","classType":"inputxt","classType_row":"","optionType":"*","charmaxLength":"32","precision":"","scale":"","nullable":"N","fieldLength":"null","fieldHref":"null","fieldValidType":"null","fieldDefault":"null","fieldShowType":"null","fieldOrderNum":"null","isKey":"null","isShow":"null","isShowList":"null","isQuery":"null","queryMode":"null","dictField":"null","dictTable":"null","dictText":"null"}, {"fieldDbName":"CREATE_BY","fieldName":"createBy","filedComment":"创建人","fieldType":"java.lang.String","fieldDbType":"varchar","classType":"inputxt","classType_row":"","optionType":"","charmaxLength":"32","precision":"","scale":"","nullable":"Y","fieldLength":"null","fieldHref":"null","fieldValidType":"null","fieldDefault":"null","fieldShowType":"null","fieldOrderNum":"null","isKey":"null","isShow":"null","isShowList":"null","isQuery":"null","queryMode":"null","dictField":"null","dictTable":"null","dictText":"null"}, {"fieldDbName":"CREATE_TIME","fieldName":"createTime","filedComment":"创建时间","fieldType":"java.util.Date","fieldDbType":"datetime","classType":"inputxt","classType_row":"","optionType":"","charmaxLength":"","precision":"","scale":"","nullable":"Y","fieldLength":"null","fieldHref":"null","fieldValidType":"null","fieldDefault":"null","fieldShowType":"null","fieldOrderNum":"null","isKey":"null","isShow":"null","isShowList":"null","isQuery":"null","queryMode":"null","dictField":"null","dictTable":"null","dictText":"null"}, {"fieldDbName":"UPDATE_BY","fieldName":"updateBy","filedComment":"修改人","fieldType":"java.lang.String","fieldDbType":"varchar","classType":"inputxt","classType_row":"","optionType":"","charmaxLength":"32","precision":"","scale":"","nullable":"Y","fieldLength":"null","fieldHref":"null","fieldValidType":"null","fieldDefault":"null","fieldShowType":"null","fieldOrderNum":"null","isKey":"null","isShow":"null","isShowList":"null","isQuery":"null","queryMode":"null","dictField":"null","dictTable":"null","dictText":"null"}, {"fieldDbName":"UPDATE_TIME","fieldName":"updateTime","filedComment":"修改时间","fieldType":"java.util.Date","fieldDbType":"datetime","classType":"inputxt","classType_row":"","optionType":"","charmaxLength":"","precision":"","scale":"","nullable":"Y","fieldLength":"null","fieldHref":"null","fieldValidType":"null","fieldDefault":"null","fieldShowType":"null","fieldOrderNum":"null","isKey":"null","isShow":"null","isShowList":"null","isQuery":"null","queryMode":"null","dictField":"null","dictTable":"null","dictText":"null"}]}, {"entityPackage":"test2","tableName":"jeecg_order_ticket","entityName":"TestOrderTicket","primaryKeyPolicy":"null","sequenceCode":"null","ftlDescription":"产品明细","originalForeignKeys":"[order_id]","foreignKeys":"[OrderId]","colums":[{"fieldDbName":"TICKET_CODE","fieldName":"ticketCode","filedComment":"航班号","fieldType":"varchar","fieldDbType":"varchar","classType":"inputxt","classType_row":"","optionType":"*","charmaxLength":"100","precision":"null","scale":"null","nullable":"N","fieldLength":"null","fieldHref":"null","fieldValidType":"null","fieldDefault":"null","fieldShowType":"null","fieldOrderNum":"null","isKey":"null","isShow":"null","isShowList":"null","isQuery":"null","queryMode":"null","dictField":"null","dictTable":"null","dictText":"null"}, {"fieldDbName":"TICKECT_DATE","fieldName":"tickectDate","filedComment":"航班时间","fieldType":"datetime","fieldDbType":"datetime","classType":"easyui-datetimebox","classType_row":"","optionType":"","charmaxLength":"null","precision":"null","scale":"null","nullable":"Y","fieldLength":"null","fieldHref":"null","fieldValidType":"null","fieldDefault":"null","fieldShowType":"null","fieldOrderNum":"null","isKey":"null","isShow":"null","isShowList":"null","isQuery":"null","queryMode":"null","dictField":"null","dictTable":"null","dictText":"null"}, {"fieldDbName":"ORDER_ID","fieldName":"orderId","filedComment":"外键","fieldType":"varchar","fieldDbType":"varchar","classType":"inputxt","classType_row":"","optionType":"*","charmaxLength":"32","precision":"null","scale":"null","nullable":"N","fieldLength":"null","fieldHref":"null","fieldValidType":"null","fieldDefault":"null","fieldShowType":"null","fieldOrderNum":"null","isKey":"null","isShow":"null","isShowList":"null","isQuery":"null","queryMode":"null","dictField":"null","dictTable":"null","dictText":"null"}],"originalColumns":[{"fieldDbName":"ID","fieldName":"id","filedComment":"主键","fieldType":"java.lang.String","fieldDbType":"varchar","classType":"inputxt","classType_row":"","optionType":"*","charmaxLength":"32","precision":"","scale":"","nullable":"N","fieldLength":"null","fieldHref":"null","fieldValidType":"null","fieldDefault":"null","fieldShowType":"null","fieldOrderNum":"null","isKey":"null","isShow":"null","isShowList":"null","isQuery":"null","queryMode":"null","dictField":"null","dictTable":"null","dictText":"null"}, {"fieldDbName":"TICKET_CODE","fieldName":"ticketCode","filedComment":"航班号","fieldType":"java.lang.String","fieldDbType":"varchar","classType":"inputxt","classType_row":"","optionType":"*","charmaxLength":"100","precision":"","scale":"","nullable":"N","fieldLength":"null","fieldHref":"null","fieldValidType":"null","fieldDefault":"null","fieldShowType":"null","fieldOrderNum":"null","isKey":"null","isShow":"null","isShowList":"null","isQuery":"null","queryMode":"null","dictField":"null","dictTable":"null","dictText":"null"}, {"fieldDbName":"TICKECT_DATE","fieldName":"tickectDate","filedComment":"航班时间","fieldType":"java.util.Date","fieldDbType":"datetime","classType":"inputxt","classType_row":"","optionType":"","charmaxLength":"","precision":"","scale":"","nullable":"Y","fieldLength":"null","fieldHref":"null","fieldValidType":"null","fieldDefault":"null","fieldShowType":"null","fieldOrderNum":"null","isKey":"null","isShow":"null","isShowList":"null","isQuery":"null","queryMode":"null","dictField":"null","dictTable":"null","dictText":"null"}, {"fieldDbName":"ORDER_ID","fieldName":"orderId","filedComment":"外键","fieldType":"java.lang.String","fieldDbType":"varchar","classType":"inputxt","classType_row":"","optionType":"*","charmaxLength":"32","precision":"","scale":"","nullable":"N","fieldLength":"null","fieldHref":"null","fieldValidType":"null","fieldDefault":"null","fieldShowType":"null","fieldOrderNum":"null","isKey":"null","isShow":"null","isShowList":"null","isQuery":"null","queryMode":"null","dictField":"null","dictTable":"null","dictText":"null"}, {"fieldDbName":"CREATE_BY","fieldName":"createBy","filedComment":"创建人","fieldType":"java.lang.String","fieldDbType":"varchar","classType":"inputxt","classType_row":"","optionType":"","charmaxLength":"32","precision":"","scale":"","nullable":"Y","fieldLength":"null","fieldHref":"null","fieldValidType":"null","fieldDefault":"null","fieldShowType":"null","fieldOrderNum":"null","isKey":"null","isShow":"null","isShowList":"null","isQuery":"null","queryMode":"null","dictField":"null","dictTable":"null","dictText":"null"}, {"fieldDbName":"CREATE_TIME","fieldName":"createTime","filedComment":"创建时间","fieldType":"java.util.Date","fieldDbType":"datetime","classType":"inputxt","classType_row":"","optionType":"","charmaxLength":"","precision":"","scale":"","nullable":"Y","fieldLength":"null","fieldHref":"null","fieldValidType":"null","fieldDefault":"null","fieldShowType":"null","fieldOrderNum":"null","isKey":"null","isShow":"null","isShowList":"null","isQuery":"null","queryMode":"null","dictField":"null","dictTable":"null","dictText":"null"}, {"fieldDbName":"UPDATE_BY","fieldName":"updateBy","filedComment":"修改人","fieldType":"java.lang.String","fieldDbType":"varchar","classType":"inputxt","classType_row":"","optionType":"","charmaxLength":"32","precision":"","scale":"","nullable":"Y","fieldLength":"null","fieldHref":"null","fieldValidType":"null","fieldDefault":"null","fieldShowType":"null","fieldOrderNum":"null","isKey":"null","isShow":"null","isShowList":"null","isQuery":"null","queryMode":"null","dictField":"null","dictTable":"null","dictText":"null"}, {"fieldDbName":"UPDATE_TIME","fieldName":"updateTime","filedComment":"修改时间","fieldType":"java.util.Date","fieldDbType":"datetime","classType":"inputxt","classType_row":"","optionType":"","charmaxLength":"","precision":"","scale":"","nullable":"Y","fieldLength":"null","fieldHref":"null","fieldValidType":"null","fieldDefault":"null","fieldShowType":"null","fieldOrderNum":"null","isKey":"null","isShow":"null","isShowList":"null","isQuery":"null","queryMode":"null","dictField":"null","dictTable":"null","dictText":"null"}]}],"fieldRowNum":"1","searchFieldNum":"1","fieldRequiredNum":"4"}, originalColumns=[{"fieldDbName":"ID","fieldName":"id","filedComment":"主键","fieldType":"java.lang.String","fieldDbType":"varchar","classType":"inputxt","classType_row":"","optionType":"*","charmaxLength":"32","precision":"","scale":"","nullable":"N","fieldLength":"null","fieldHref":"null","fieldValidType":"null","fieldDefault":"null","fieldShowType":"null","fieldOrderNum":"null","isKey":"null","isShow":"null","isShowList":"null","isQuery":"null","queryMode":"null","dictField":"null","dictTable":"null","dictText":"null"}, {"fieldDbName":"ORDER_CODE","fieldName":"orderCode","filedComment":"订单号","fieldType":"java.lang.String","fieldDbType":"varchar","classType":"inputxt","classType_row":"","optionType":"","charmaxLength":"50","precision":"","scale":"","nullable":"Y","fieldLength":"null","fieldHref":"null","fieldValidType":"null","fieldDefault":"null","fieldShowType":"null","fieldOrderNum":"null","isKey":"null","isShow":"null","isShowList":"null","isQuery":"null","queryMode":"null","dictField":"null","dictTable":"null","dictText":"null"}, {"fieldDbName":"CTYPE","fieldName":"ctype","filedComment":"订单类型","fieldType":"java.lang.String","fieldDbType":"varchar","classType":"inputxt","classType_row":"","optionType":"","charmaxLength":"500","precision":"","scale":"","nullable":"Y","fieldLength":"null","fieldHref":"null","fieldValidType":"null","fieldDefault":"null","fieldShowType":"null","fieldOrderNum":"null","isKey":"null","isShow":"null","isShowList":"null","isQuery":"null","queryMode":"null","dictField":"null","dictTable":"null","dictText":"null"}, {"fieldDbName":"ORDER_DATE","fieldName":"orderDate","filedComment":"订单日期","fieldType":"java.util.Date","fieldDbType":"datetime","classType":"inputxt","classType_row":"","optionType":"","charmaxLength":"","precision":"","scale":"","nullable":"Y","fieldLength":"null","fieldHref":"null","fieldValidType":"null","fieldDefault":"null","fieldShowType":"null","fieldOrderNum":"null","isKey":"null","isShow":"null","isShowList":"null","isQuery":"null","queryMode":"null","dictField":"null","dictTable":"null","dictText":"null"}, {"fieldDbName":"ORDER_MONEY","fieldName":"orderMoney","filedComment":"订单金额","fieldType":"java.lang.Double","fieldDbType":"double","classType":"inputxt","classType_row":"","optionType":"","charmaxLength":"","precision":"10","scale":"3","nullable":"Y","fieldLength":"null","fieldHref":"null","fieldValidType":"null","fieldDefault":"null","fieldShowType":"null","fieldOrderNum":"null","isKey":"null","isShow":"null","isShowList":"null","isQuery":"null","queryMode":"null","dictField":"null","dictTable":"null","dictText":"null"}, {"fieldDbName":"CONTENT","fieldName":"content","filedComment":"订单备注","fieldType":"java.lang.String","fieldDbType":"varchar","classType":"inputxt","classType_row":"","optionType":"","charmaxLength":"500","precision":"","scale":"","nullable":"Y","fieldLength":"null","fieldHref":"null","fieldValidType":"null","fieldDefault":"null","fieldShowType":"null","fieldOrderNum":"null","isKey":"null","isShow":"null","isShowList":"null","isQuery":"null","queryMode":"null","dictField":"null","dictTable":"null","dictText":"null"}, {"fieldDbName":"CREATE_BY","fieldName":"createBy","filedComment":"创建人","fieldType":"java.lang.String","fieldDbType":"varchar","classType":"inputxt","classType_row":"","optionType":"","charmaxLength":"32","precision":"","scale":"","nullable":"Y","fieldLength":"null","fieldHref":"null","fieldValidType":"null","fieldDefault":"null","fieldShowType":"null","fieldOrderNum":"null","isKey":"null","isShow":"null","isShowList":"null","isQuery":"null","queryMode":"null","dictField":"null","dictTable":"null","dictText":"null"}, {"fieldDbName":"CREATE_TIME","fieldName":"createTime","filedComment":"创建时间","fieldType":"java.util.Date","fieldDbType":"datetime","classType":"inputxt","classType_row":"","optionType":"","charmaxLength":"","precision":"","scale":"","nullable":"Y","fieldLength":"null","fieldHref":"null","fieldValidType":"null","fieldDefault":"null","fieldShowType":"null","fieldOrderNum":"null","isKey":"null","isShow":"null","isShowList":"null","isQuery":"null","queryMode":"null","dictField":"null","dictTable":"null","dictText":"null"}, {"fieldDbName":"UPDATE_BY","fieldName":"updateBy","filedComment":"修改人","fieldType":"java.lang.String","fieldDbType":"varchar","classType":"inputxt","classType_row":"","optionType":"","charmaxLength":"32","precision":"","scale":"","nullable":"Y","fieldLength":"null","fieldHref":"null","fieldValidType":"null","fieldDefault":"null","fieldShowType":"null","fieldOrderNum":"null","isKey":"null","isShow":"null","isShowList":"null","isQuery":"null","queryMode":"null","dictField":"null","dictTable":"null","dictText":"null"}, {"fieldDbName":"UPDATE_TIME","fieldName":"updateTime","filedComment":"修改时间","fieldType":"java.util.Date","fieldDbType":"datetime","classType":"inputxt","classType_row":"","optionType":"","charmaxLength":"","precision":"","scale":"","nullable":"Y","fieldLength":"null","fieldHref":"null","fieldValidType":"null","fieldDefault":"null","fieldShowType":"null","fieldOrderNum":"null","isKey":"null","isShow":"null","isShowList":"null","isQuery":"null","queryMode":"null","dictField":"null","dictTable":"null","dictText":"null"}], bussiPackage=org.jeecg.modules.exam, tableName=jeecg_order_main, ftl_description=订单}
2019-12-03 16:09:58.770 [main] INFO  org.jeecgframework.codegenerate.generate.a.a:34 - ----templatePath-----------------/jeecg/code-template/onetomany
2019-12-03 16:09:59.025 [main] ERROR org.jeecgframework.codegenerate.generate.impl.a.a:87 - java.io.FileNotFoundException: F:\%e6%af%95%e4%b8%9a%e8%ae%be%e8%ae%a1\exam_system\jeecg-boot\jeecg-boot-module-system\target\classes\jeecg\code-template\onetomany does not exist.
2019-12-03 16:09:59.027 [main] INFO  o.j.c.generate.impl.CodeGenerateOneToMany:178 - ----jeecg----Code----Generation-----[一对多模型：jeecg_order_main]------ 生成完成。。。
2019-12-04 20:08:36.404 [Thread-102] INFO  org.quartz.core.QuartzScheduler:585 - Scheduler quartzScheduler_$_NON_CLUSTERED paused.
2019-12-04 20:08:36.430 [Thread-102] INFO  o.s.scheduling.concurrent.ThreadPoolTaskExecutor:208 - Shutting down ExecutorService 'applicationTaskExecutor'
2019-12-04 20:08:36.435 [Thread-102] INFO  o.s.scheduling.quartz.SchedulerFactoryBean:844 - Shutting down Quartz Scheduler
2019-12-04 20:08:36.435 [Thread-102] INFO  org.quartz.core.QuartzScheduler:666 - Scheduler quartzScheduler_$_NON_CLUSTERED shutting down.
2019-12-04 20:08:36.435 [Thread-102] INFO  org.quartz.core.QuartzScheduler:585 - Scheduler quartzScheduler_$_NON_CLUSTERED paused.
2019-12-04 20:08:36.437 [Thread-102] INFO  org.quartz.core.QuartzScheduler:740 - Scheduler quartzScheduler_$_NON_CLUSTERED shutdown complete.
2019-12-04 20:08:36.442 [Thread-102] INFO  c.b.dynamic.datasource.DynamicRoutingDataSource:175 - closing dynamicDatasource  ing....
2019-12-04 20:08:36.532 [Thread-102] INFO  com.alibaba.druid.pool.DruidDataSource:1825 - {dataSource-1} closed
