2020-03-28 19:30:55.599 [main] INFO  org.jeecg.JeecgApplication:50 - Starting JeecgApplication on LAPTOP-NFCJQSOI with PID 11872 (started by 123 in F:\毕业设计\exam_system\jeecg-boot)
2020-03-28 19:30:55.608 [main] INFO  org.jeecg.JeecgApplication:679 - The following profiles are active: dev
2020-03-28 19:31:03.555 [main] INFO  o.s.d.r.config.RepositoryConfigurationDelegate:244 - Multiple Spring Data modules found, entering strict repository configuration mode!
2020-03-28 19:31:03.563 [main] INFO  o.s.d.r.config.RepositoryConfigurationDelegate:126 - Bootstrapping Spring Data repositories in DEFAULT mode.
2020-03-28 19:31:03.668 [main] INFO  o.s.d.r.config.RepositoryConfigurationDelegate:182 - Finished Spring Data repository scanning in 72ms. Found 0 repository interfaces.
2020-03-28 19:31:04.436 [main] INFO  o.s.c.s.PostProcessorRegistrationDelegate$BeanPostProcessorChecker:330 - Bean 'shiroConfig' of type [org.jeecg.config.ShiroConfig$$EnhancerBySpringCGLIB$$297c9831] is not eligible for getting processed by all BeanPostProcessors (for example: not eligible for auto-proxying)
2020-03-28 19:31:04.634 [main] INFO  o.s.c.s.PostProcessorRegistrationDelegate$BeanPostProcessorChecker:330 - Bean 'shiroRealm' of type [org.jeecg.modules.shiro.authc.ShiroRealm] is not eligible for getting processed by all BeanPostProcessors (for example: not eligible for auto-proxying)
2020-03-28 19:31:06.087 [main] INFO  o.s.c.s.PostProcessorRegistrationDelegate$BeanPostProcessorChecker:330 - Bean 'securityManager' of type [org.apache.shiro.web.mgt.DefaultWebSecurityManager] is not eligible for getting processed by all BeanPostProcessors (for example: not eligible for auto-proxying)
2020-03-28 19:31:06.137 [main] INFO  o.s.c.s.PostProcessorRegistrationDelegate$BeanPostProcessorChecker:330 - Bean 'authorizationAttributeSourceAdvisor' of type [org.apache.shiro.spring.security.interceptor.AuthorizationAttributeSourceAdvisor] is not eligible for getting processed by all BeanPostProcessors (for example: not eligible for auto-proxying)
2020-03-28 19:31:06.314 [main] INFO  o.s.c.s.PostProcessorRegistrationDelegate$BeanPostProcessorChecker:330 - Bean 'org.springframework.transaction.annotation.ProxyTransactionManagementConfiguration' of type [org.springframework.transaction.annotation.ProxyTransactionManagementConfiguration$$EnhancerBySpringCGLIB$$9772e9b] is not eligible for getting processed by all BeanPostProcessors (for example: not eligible for auto-proxying)
2020-03-28 19:31:06.607 [main] INFO  o.s.c.s.PostProcessorRegistrationDelegate$BeanPostProcessorChecker:330 - Bean 'spring.datasource.dynamic-com.baomidou.dynamic.datasource.spring.boot.autoconfigure.DynamicDataSourceProperties' of type [com.baomidou.dynamic.datasource.spring.boot.autoconfigure.DynamicDataSourceProperties] is not eligible for getting processed by all BeanPostProcessors (for example: not eligible for auto-proxying)
2020-03-28 19:31:06.617 [main] INFO  o.s.c.s.PostProcessorRegistrationDelegate$BeanPostProcessorChecker:330 - Bean 'com.baomidou.dynamic.datasource.spring.boot.autoconfigure.DynamicDataSourceAutoConfiguration' of type [com.baomidou.dynamic.datasource.spring.boot.autoconfigure.DynamicDataSourceAutoConfiguration$$EnhancerBySpringCGLIB$$73059f6c] is not eligible for getting processed by all BeanPostProcessors (for example: not eligible for auto-proxying)
2020-03-28 19:31:06.633 [main] INFO  o.s.c.s.PostProcessorRegistrationDelegate$BeanPostProcessorChecker:330 - Bean 'dsProcessor' of type [com.baomidou.dynamic.datasource.processor.DsHeaderProcessor] is not eligible for getting processed by all BeanPostProcessors (for example: not eligible for auto-proxying)
2020-03-28 19:31:06.644 [main] INFO  o.s.c.s.PostProcessorRegistrationDelegate$BeanPostProcessorChecker:330 - Bean 'dynamicDatasourceAnnotationAdvisor' of type [com.baomidou.dynamic.datasource.aop.DynamicDataSourceAnnotationAdvisor] is not eligible for getting processed by all BeanPostProcessors (for example: not eligible for auto-proxying)
2020-03-28 19:31:06.680 [main] INFO  o.s.c.s.PostProcessorRegistrationDelegate$BeanPostProcessorChecker:330 - Bean 'spring.redis-org.springframework.boot.autoconfigure.data.redis.RedisProperties' of type [org.springframework.boot.autoconfigure.data.redis.RedisProperties] is not eligible for getting processed by all BeanPostProcessors (for example: not eligible for auto-proxying)
2020-03-28 19:31:06.695 [main] INFO  o.s.c.s.PostProcessorRegistrationDelegate$BeanPostProcessorChecker:330 - Bean 'org.springframework.boot.autoconfigure.data.redis.LettuceConnectionConfiguration' of type [org.springframework.boot.autoconfigure.data.redis.LettuceConnectionConfiguration$$EnhancerBySpringCGLIB$$1e90ece5] is not eligible for getting processed by all BeanPostProcessors (for example: not eligible for auto-proxying)
2020-03-28 19:31:06.995 [main] INFO  o.s.c.s.PostProcessorRegistrationDelegate$BeanPostProcessorChecker:330 - Bean 'lettuceClientResources' of type [io.lettuce.core.resource.DefaultClientResources] is not eligible for getting processed by all BeanPostProcessors (for example: not eligible for auto-proxying)
2020-03-28 19:31:07.216 [main] INFO  o.s.c.s.PostProcessorRegistrationDelegate$BeanPostProcessorChecker:330 - Bean 'redisConnectionFactory' of type [org.springframework.data.redis.connection.lettuce.LettuceConnectionFactory] is not eligible for getting processed by all BeanPostProcessors (for example: not eligible for auto-proxying)
2020-03-28 19:31:07.251 [main] INFO  o.s.c.s.PostProcessorRegistrationDelegate$BeanPostProcessorChecker:330 - Bean 'redisConfig' of type [org.jeecg.config.RedisConfig$$EnhancerBySpringCGLIB$$744b1f7b] is not eligible for getting processed by all BeanPostProcessors (for example: not eligible for auto-proxying)
2020-03-28 19:31:07.327 [main] INFO  o.s.c.s.PostProcessorRegistrationDelegate$BeanPostProcessorChecker:330 - Bean 'org.apache.shiro.spring.boot.autoconfigure.ShiroBeanAutoConfiguration' of type [org.apache.shiro.spring.boot.autoconfigure.ShiroBeanAutoConfiguration$$EnhancerBySpringCGLIB$$1c900c4b] is not eligible for getting processed by all BeanPostProcessors (for example: not eligible for auto-proxying)
2020-03-28 19:31:07.341 [main] INFO  o.s.c.s.PostProcessorRegistrationDelegate$BeanPostProcessorChecker:330 - Bean 'eventBus' of type [org.apache.shiro.event.support.DefaultEventBus] is not eligible for getting processed by all BeanPostProcessors (for example: not eligible for auto-proxying)
2020-03-28 19:31:09.931 [main] INFO  o.s.boot.web.embedded.tomcat.TomcatWebServer:90 - Tomcat initialized with port(s): 8080 (http)
2020-03-28 19:31:09.963 [main] INFO  org.apache.coyote.http11.Http11NioProtocol:173 - Initializing ProtocolHandler ["http-nio-8080"]
2020-03-28 19:31:10.059 [main] INFO  org.apache.catalina.core.StandardService:173 - Starting service [Tomcat]
2020-03-28 19:31:10.060 [main] INFO  org.apache.catalina.core.StandardEngine:173 - Starting Servlet engine: [Apache Tomcat/9.0.16]
2020-03-28 19:31:10.092 [main] INFO  org.apache.catalina.core.AprLifecycleListener:173 - Loaded APR based Apache Tomcat Native library [1.2.21] using APR version [1.6.5].
2020-03-28 19:31:10.092 [main] INFO  org.apache.catalina.core.AprLifecycleListener:173 - APR capabilities: IPv6 [true], sendfile [true], accept filters [false], random [true].
2020-03-28 19:31:10.093 [main] INFO  org.apache.catalina.core.AprLifecycleListener:173 - APR/OpenSSL configuration: useAprConnector [false], useOpenSSL [true]
2020-03-28 19:31:10.100 [main] INFO  org.apache.catalina.core.AprLifecycleListener:173 - OpenSSL successfully initialized [OpenSSL 1.1.1a  20 Nov 2018]
2020-03-28 19:31:10.573 [main] INFO  o.a.c.c.C.[Tomcat].[localhost].[/web-api]:173 - Initializing Spring embedded WebApplicationContext
2020-03-28 19:31:10.573 [main] INFO  org.springframework.web.context.ContextLoader:296 - Root WebApplicationContext: initialization completed in 14852 ms
2020-03-28 19:31:11.715 [main] INFO  c.b.dynamic.datasource.DynamicDataSourceCreator:109 - 动态数据源-检测到druid存在,如配置中未指定type,druid会默认配置
2020-03-28 19:31:13.003 [main] INFO  com.alibaba.druid.pool.DruidDataSource:930 - {dataSource-1,master} inited
2020-03-28 19:31:13.004 [main] INFO  c.b.dynamic.datasource.DynamicRoutingDataSource:189 - 初始共加载 1 个数据源
2020-03-28 19:31:13.005 [main] INFO  c.b.dynamic.datasource.DynamicRoutingDataSource:135 - 动态数据源-加载 master 成功
2020-03-28 19:31:13.006 [main] INFO  c.b.dynamic.datasource.DynamicRoutingDataSource:198 - 当前的默认数据源是单数据源，数据源名为 master
2020-03-28 19:31:18.604 [main] WARN  c.b.mybatisplus.core.toolkit.TableInfoHelper:250 - Warn: Could not find @TableId in Class: org.jeecg.modules.exam.entity.Session.
2020-03-28 19:31:23.812 [main] INFO  org.quartz.impl.StdSchedulerFactory:1208 - Using default implementation for ThreadExecutor
2020-03-28 19:31:23.839 [main] INFO  org.quartz.core.SchedulerSignalerImpl:61 - Initialized Scheduler Signaller of type: class org.quartz.core.SchedulerSignalerImpl
2020-03-28 19:31:23.840 [main] INFO  org.quartz.core.QuartzScheduler:229 - Quartz Scheduler v.2.3.0 created.
2020-03-28 19:31:23.848 [main] INFO  o.s.scheduling.quartz.LocalDataSourceJobStore:672 - Using db table-based data access locking (synchronization).
2020-03-28 19:31:23.852 [main] INFO  o.s.scheduling.quartz.LocalDataSourceJobStore:145 - JobStoreCMT initialized.
2020-03-28 19:31:23.854 [main] INFO  org.quartz.core.QuartzScheduler:294 - Scheduler meta-data: Quartz Scheduler (v2.3.0) 'quartzScheduler' with instanceId 'NON_CLUSTERED'
  Scheduler class: 'org.quartz.core.QuartzScheduler' - running locally.
  NOT STARTED.
  Currently in standby mode.
  Number of jobs executed: 0
  Using thread pool 'org.quartz.simpl.SimpleThreadPool' - with 10 threads.
  Using job-store 'org.springframework.scheduling.quartz.LocalDataSourceJobStore' - which supports persistence. and is not clustered.

2020-03-28 19:31:23.854 [main] INFO  org.quartz.impl.StdSchedulerFactory:1362 - Quartz scheduler 'quartzScheduler' initialized from an externally provided properties instance.
2020-03-28 19:31:23.855 [main] INFO  org.quartz.impl.StdSchedulerFactory:1366 - Quartz scheduler version: 2.3.0
2020-03-28 19:31:23.856 [main] INFO  org.quartz.core.QuartzScheduler:2287 - JobFactory set to: org.springframework.scheduling.quartz.SpringBeanJobFactory@689fcf08
2020-03-28 19:31:27.405 [main] INFO  o.s.b.actuate.endpoint.web.EndpointLinksResolver:59 - Exposing 2 endpoint(s) beneath base path '/actuator'
2020-03-28 19:31:27.972 [main] INFO  s.d.s.w.PropertySourcedRequestMappingHandlerMapping:69 - Mapped URL path [/v2/api-docs] onto method [public org.springframework.http.ResponseEntity<springfox.documentation.spring.web.json.Json> springfox.documentation.swagger2.web.Swagger2Controller.getDocumentation(java.lang.String,javax.servlet.http.HttpServletRequest)]
2020-03-28 19:31:28.895 [main] INFO  o.s.scheduling.concurrent.ThreadPoolTaskExecutor:171 - Initializing ExecutorService 'applicationTaskExecutor'
2020-03-28 19:31:32.740 [main] INFO  s.d.s.web.plugins.DocumentationPluginsBootstrapper:160 - Context refreshed
2020-03-28 19:31:32.782 [main] INFO  s.d.s.web.plugins.DocumentationPluginsBootstrapper:163 - Found 1 custom documentation plugin(s)
2020-03-28 19:31:32.851 [main] INFO  s.d.spring.web.scanners.ApiListingReferenceScanner:41 - Scanning for api listing references
2020-03-28 19:31:33.611 [main] INFO  s.d.s.w.r.operation.CachingOperationNameGenerator:40 - Generating unique operation named: addUsingPOST_1
2020-03-28 19:31:33.615 [main] INFO  s.d.s.w.r.operation.CachingOperationNameGenerator:40 - Generating unique operation named: deleteUsingDELETE_1
2020-03-28 19:31:33.619 [main] INFO  s.d.s.w.r.operation.CachingOperationNameGenerator:40 - Generating unique operation named: deleteBatchUsingDELETE_1
2020-03-28 19:31:33.654 [main] INFO  s.d.s.w.r.operation.CachingOperationNameGenerator:40 - Generating unique operation named: queryByIdUsingGET_1
2020-03-28 19:31:33.679 [main] INFO  s.d.s.w.r.operation.CachingOperationNameGenerator:40 - Generating unique operation named: addUsingPOST_2
2020-03-28 19:31:33.683 [main] INFO  s.d.s.w.r.operation.CachingOperationNameGenerator:40 - Generating unique operation named: deleteUsingDELETE_2
2020-03-28 19:31:33.687 [main] INFO  s.d.s.w.r.operation.CachingOperationNameGenerator:40 - Generating unique operation named: deleteBatchUsingDELETE_2
2020-03-28 19:31:33.690 [main] INFO  s.d.s.w.r.operation.CachingOperationNameGenerator:40 - Generating unique operation named: editUsingPUT_1
2020-03-28 19:31:33.693 [main] INFO  s.d.s.w.r.operation.CachingOperationNameGenerator:40 - Generating unique operation named: queryByIdUsingGET_2
2020-03-28 19:31:33.710 [main] INFO  s.d.s.w.r.operation.CachingOperationNameGenerator:40 - Generating unique operation named: queryPageListUsingGET_1
2020-03-28 19:31:33.723 [main] INFO  s.d.s.w.r.operation.CachingOperationNameGenerator:40 - Generating unique operation named: addUsingPOST_3
2020-03-28 19:31:33.727 [main] INFO  s.d.s.w.r.operation.CachingOperationNameGenerator:40 - Generating unique operation named: deleteUsingDELETE_3
2020-03-28 19:31:33.730 [main] INFO  s.d.s.w.r.operation.CachingOperationNameGenerator:40 - Generating unique operation named: deleteBatchUsingDELETE_3
2020-03-28 19:31:33.732 [main] INFO  s.d.s.w.r.operation.CachingOperationNameGenerator:40 - Generating unique operation named: editUsingPUT_2
2020-03-28 19:31:33.736 [main] INFO  s.d.s.w.r.operation.CachingOperationNameGenerator:40 - Generating unique operation named: queryByIdUsingGET_3
2020-03-28 19:31:33.750 [main] INFO  s.d.s.w.r.operation.CachingOperationNameGenerator:40 - Generating unique operation named: queryPageListUsingGET_2
2020-03-28 19:31:33.788 [main] INFO  s.d.s.w.r.operation.CachingOperationNameGenerator:40 - Generating unique operation named: addUsingPOST_4
2020-03-28 19:31:33.796 [main] INFO  s.d.s.w.r.operation.CachingOperationNameGenerator:40 - Generating unique operation named: deleteUsingDELETE_4
2020-03-28 19:31:33.800 [main] INFO  s.d.s.w.r.operation.CachingOperationNameGenerator:40 - Generating unique operation named: deleteBatchUsingDELETE_4
2020-03-28 19:31:33.823 [main] INFO  s.d.s.w.r.operation.CachingOperationNameGenerator:40 - Generating unique operation named: editUsingPUT_3
2020-03-28 19:31:33.839 [main] INFO  s.d.s.w.r.operation.CachingOperationNameGenerator:40 - Generating unique operation named: queryPageListUsingGET_3
2020-03-28 19:31:33.870 [main] INFO  s.d.s.w.r.operation.CachingOperationNameGenerator:40 - Generating unique operation named: addUsingPOST_5
2020-03-28 19:31:33.875 [main] INFO  s.d.s.w.r.operation.CachingOperationNameGenerator:40 - Generating unique operation named: deleteUsingDELETE_5
2020-03-28 19:31:33.878 [main] INFO  s.d.s.w.r.operation.CachingOperationNameGenerator:40 - Generating unique operation named: deleteBatchUsingDELETE_5
2020-03-28 19:31:33.881 [main] INFO  s.d.s.w.r.operation.CachingOperationNameGenerator:40 - Generating unique operation named: editUsingPUT_4
2020-03-28 19:31:33.883 [main] INFO  s.d.s.w.r.operation.CachingOperationNameGenerator:40 - Generating unique operation named: queryByIdUsingGET_4
2020-03-28 19:31:33.899 [main] INFO  s.d.s.w.r.operation.CachingOperationNameGenerator:40 - Generating unique operation named: queryPageListUsingGET_4
2020-03-28 19:31:33.920 [main] INFO  s.d.s.w.r.operation.CachingOperationNameGenerator:40 - Generating unique operation named: addUsingPOST_6
2020-03-28 19:31:33.923 [main] INFO  s.d.s.w.r.operation.CachingOperationNameGenerator:40 - Generating unique operation named: deleteUsingDELETE_6
2020-03-28 19:31:33.924 [main] INFO  s.d.s.w.r.operation.CachingOperationNameGenerator:40 - Generating unique operation named: deleteBatchUsingDELETE_6
2020-03-28 19:31:33.926 [main] INFO  s.d.s.w.r.operation.CachingOperationNameGenerator:40 - Generating unique operation named: editUsingPUT_5
2020-03-28 19:31:33.936 [main] INFO  s.d.s.w.r.operation.CachingOperationNameGenerator:40 - Generating unique operation named: queryByIdUsingGET_5
2020-03-28 19:31:33.944 [main] INFO  s.d.s.w.r.operation.CachingOperationNameGenerator:40 - Generating unique operation named: queryPageListUsingGET_5
2020-03-28 19:31:33.950 [main] INFO  s.d.s.w.r.operation.CachingOperationNameGenerator:40 - Generating unique operation named: queryPageListUsingGET_6
2020-03-28 19:31:33.958 [main] INFO  s.d.s.w.r.operation.CachingOperationNameGenerator:40 - Generating unique operation named: addUsingPOST_7
2020-03-28 19:31:33.960 [main] INFO  s.d.s.w.r.operation.CachingOperationNameGenerator:40 - Generating unique operation named: deleteUsingDELETE_7
2020-03-28 19:31:33.961 [main] INFO  s.d.s.w.r.operation.CachingOperationNameGenerator:40 - Generating unique operation named: deleteBatchUsingDELETE_7
2020-03-28 19:31:33.968 [main] INFO  s.d.s.w.r.operation.CachingOperationNameGenerator:40 - Generating unique operation named: editUsingPUT_6
2020-03-28 19:31:33.980 [main] INFO  s.d.s.w.r.operation.CachingOperationNameGenerator:40 - Generating unique operation named: queryByExamIdUsingGET_1
2020-03-28 19:31:33.984 [main] INFO  s.d.s.w.r.operation.CachingOperationNameGenerator:40 - Generating unique operation named: queryByIdUsingGET_6
2020-03-28 19:31:33.993 [main] INFO  s.d.s.w.r.operation.CachingOperationNameGenerator:40 - Generating unique operation named: queryPageListUsingGET_7
2020-03-28 19:31:33.994 [main] INFO  s.d.s.w.r.operation.CachingOperationNameGenerator:40 - Generating unique operation named: submitUsingPOST_1
2020-03-28 19:31:34.032 [main] INFO  o.s.scheduling.quartz.SchedulerFactoryBean:726 - Starting Quartz Scheduler now
2020-03-28 19:31:36.877 [main] INFO  o.s.scheduling.quartz.LocalDataSourceJobStore:866 - Freed 0 triggers from 'acquired' / 'blocked' state.
2020-03-28 19:31:36.960 [main] INFO  o.s.scheduling.quartz.LocalDataSourceJobStore:876 - Recovering 0 jobs that were in-progress at the time of the last shut-down.
2020-03-28 19:31:36.961 [main] INFO  o.s.scheduling.quartz.LocalDataSourceJobStore:889 - Recovery complete.
2020-03-28 19:31:36.964 [main] INFO  o.s.scheduling.quartz.LocalDataSourceJobStore:896 - Removed 0 'complete' triggers.
2020-03-28 19:31:36.968 [main] INFO  o.s.scheduling.quartz.LocalDataSourceJobStore:901 - Removed 0 stale fired job entries.
2020-03-28 19:31:36.970 [main] INFO  org.quartz.core.QuartzScheduler:547 - Scheduler quartzScheduler_$_NON_CLUSTERED started.
2020-03-28 19:31:36.994 [main] INFO  org.apache.coyote.http11.Http11NioProtocol:173 - Starting ProtocolHandler ["http-nio-8080"]
2020-03-28 19:31:37.036 [main] INFO  o.s.boot.web.embedded.tomcat.TomcatWebServer:204 - Tomcat started on port(s): 8080 (http) with context path '/web-api'
2020-03-28 19:31:37.041 [main] INFO  org.jeecg.JeecgApplication:59 - Started JeecgApplication in 43.582 seconds (JVM running for 50.642)
2020-03-28 19:31:37.063 [main] INFO  org.jeecg.JeecgApplication:35 - 
----------------------------------------------------------
	Application Jeecg-Boot is running! Access URLs:
	Local: 		http://localhost:8080/web-api/
	External: 	http://192.168.66.1:8080/web-api/
	swagger-ui: 	http://192.168.66.1:8080/web-api/swagger-ui.html
	Doc: 		http://192.168.66.1:8080/web-api/doc.html
----------------------------------------------------------
2020-03-28 19:31:38.655 [RMI TCP Connection(3)-192.168.66.1] INFO  o.a.c.c.C.[Tomcat].[localhost].[/web-api]:173 - Initializing Spring DispatcherServlet 'dispatcherServlet'
2020-03-28 19:31:38.658 [RMI TCP Connection(3)-192.168.66.1] INFO  org.springframework.web.servlet.DispatcherServlet:524 - Initializing Servlet 'dispatcherServlet'
2020-03-28 19:31:38.691 [RMI TCP Connection(3)-192.168.66.1] INFO  org.springframework.web.servlet.DispatcherServlet:546 - Completed initialization in 33 ms
2020-03-28 19:31:41.568 [RMI TCP Connection(2)-192.168.66.1] WARN  o.s.boot.actuate.mail.MailHealthIndicator:89 - Mail health check failed
javax.mail.AuthenticationFailedException: 535 Error: authentication failed

	at com.sun.mail.smtp.SMTPTransport$Authenticator.authenticate(SMTPTransport.java:965)
	at com.sun.mail.smtp.SMTPTransport.authenticate(SMTPTransport.java:876)
	at com.sun.mail.smtp.SMTPTransport.protocolConnect(SMTPTransport.java:780)
	at javax.mail.Service.connect(Service.java:366)
	at org.springframework.mail.javamail.JavaMailSenderImpl.connectTransport(JavaMailSenderImpl.java:517)
	at org.springframework.mail.javamail.JavaMailSenderImpl.testConnection(JavaMailSenderImpl.java:397)
	at org.springframework.boot.actuate.mail.MailHealthIndicator.doHealthCheck(MailHealthIndicator.java:43)
	at org.springframework.boot.actuate.health.AbstractHealthIndicator.health(AbstractHealthIndicator.java:84)
	at org.springframework.boot.actuate.health.CompositeHealthIndicator.health(CompositeHealthIndicator.java:98)
	at org.springframework.boot.actuate.health.HealthEndpoint.health(HealthEndpoint.java:50)
	at sun.reflect.NativeMethodAccessorImpl.invoke0(Native Method)
	at sun.reflect.NativeMethodAccessorImpl.invoke(NativeMethodAccessorImpl.java:62)
	at sun.reflect.DelegatingMethodAccessorImpl.invoke(DelegatingMethodAccessorImpl.java:43)
	at java.lang.reflect.Method.invoke(Method.java:498)
	at org.springframework.util.ReflectionUtils.invokeMethod(ReflectionUtils.java:246)
	at org.springframework.boot.actuate.endpoint.invoke.reflect.ReflectiveOperationInvoker.invoke(ReflectiveOperationInvoker.java:76)
	at org.springframework.boot.actuate.endpoint.annotation.AbstractDiscoveredOperation.invoke(AbstractDiscoveredOperation.java:61)
	at org.springframework.boot.actuate.endpoint.jmx.EndpointMBean.invoke(EndpointMBean.java:126)
	at org.springframework.boot.actuate.endpoint.jmx.EndpointMBean.invoke(EndpointMBean.java:99)
	at com.sun.jmx.interceptor.DefaultMBeanServerInterceptor.invoke(DefaultMBeanServerInterceptor.java:819)
	at com.sun.jmx.mbeanserver.JmxMBeanServer.invoke(JmxMBeanServer.java:801)
	at javax.management.remote.rmi.RMIConnectionImpl.doOperation(RMIConnectionImpl.java:1468)
	at javax.management.remote.rmi.RMIConnectionImpl.access$300(RMIConnectionImpl.java:76)
	at javax.management.remote.rmi.RMIConnectionImpl$PrivilegedOperation.run(RMIConnectionImpl.java:1309)
	at javax.management.remote.rmi.RMIConnectionImpl.doPrivilegedOperation(RMIConnectionImpl.java:1401)
	at javax.management.remote.rmi.RMIConnectionImpl.invoke(RMIConnectionImpl.java:829)
	at sun.reflect.GeneratedMethodAccessor168.invoke(Unknown Source)
	at sun.reflect.DelegatingMethodAccessorImpl.invoke(DelegatingMethodAccessorImpl.java:43)
	at java.lang.reflect.Method.invoke(Method.java:498)
	at sun.rmi.server.UnicastServerRef.dispatch(UnicastServerRef.java:357)
	at sun.rmi.transport.Transport$1.run(Transport.java:200)
	at sun.rmi.transport.Transport$1.run(Transport.java:197)
	at java.security.AccessController.doPrivileged(Native Method)
	at sun.rmi.transport.Transport.serviceCall(Transport.java:196)
	at sun.rmi.transport.tcp.TCPTransport.handleMessages(TCPTransport.java:573)
	at sun.rmi.transport.tcp.TCPTransport$ConnectionHandler.run0(TCPTransport.java:834)
	at sun.rmi.transport.tcp.TCPTransport$ConnectionHandler.lambda$run$0(TCPTransport.java:688)
	at java.security.AccessController.doPrivileged(Native Method)
	at sun.rmi.transport.tcp.TCPTransport$ConnectionHandler.run(TCPTransport.java:687)
	at java.util.concurrent.ThreadPoolExecutor.runWorker(ThreadPoolExecutor.java:1149)
	at java.util.concurrent.ThreadPoolExecutor$Worker.run(ThreadPoolExecutor.java:624)
	at java.lang.Thread.run(Thread.java:748)
2020-03-28 19:31:42.166 [RMI TCP Connection(2)-192.168.66.1] INFO  io.lettuce.core.EpollProvider:68 - Starting without optional epoll library
2020-03-28 19:31:42.171 [RMI TCP Connection(2)-192.168.66.1] INFO  io.lettuce.core.KqueueProvider:70 - Starting without optional kqueue library
2020-03-28 19:31:58.097 [http-nio-8080-exec-1] INFO  o.j.m.system.controller.SysPermissionController:120 -  ------ 通过令牌获取用户拥有的访问菜单 ---- TOKEN ------ eyJ0eXAiOiJKV1QiLCJhbGciOiJIUzI1NiJ9.eyJleHAiOjE1ODUxMDgxMDUsInVzZXJuYW1lIjoic3VwZXJhZG1pbiJ9.a-qGyn1vJ6czCFH7Abw5yqfT5AmUZpM3H4xDzMNRqSw
2020-03-28 19:33:16.884 [http-nio-8080-exec-7] INFO  org.jeecg.modules.shiro.authc.ShiroRealm:60 - ————权限认证 [ roles、permissions]————
2020-03-28 19:33:17.024 [http-nio-8080-exec-7] INFO  o.j.modules.system.service.impl.SysUserServiceImpl:121 - -------通过数据库读取用户拥有的角色Rules------username： superadmin,Roles size: 1
2020-03-28 19:33:17.059 [http-nio-8080-exec-7] INFO  o.j.modules.system.service.impl.SysUserServiceImpl:145 - -------通过数据库读取用户拥有的权限Perms------username： superadmin,Perms size: 3
2020-03-28 19:33:17.065 [http-nio-8080-exec-7] INFO  org.jeecg.modules.shiro.authc.ShiroRealm:60 - ————权限认证 [ roles、permissions]————
2020-03-28 19:33:17.075 [http-nio-8080-exec-7] INFO  org.jeecg.modules.shiro.authc.ShiroRealm:60 - ————权限认证 [ roles、permissions]————
2020-03-28 19:33:17.080 [http-nio-8080-exec-7] INFO  org.jeecg.modules.shiro.authc.ShiroRealm:60 - ————权限认证 [ roles、permissions]————
2020-03-28 19:33:17.089 [http-nio-8080-exec-7] INFO  org.jeecg.modules.shiro.authc.ShiroRealm:60 - ————权限认证 [ roles、permissions]————
2020-03-28 19:33:17.096 [http-nio-8080-exec-7] INFO  org.jeecg.modules.shiro.authc.ShiroRealm:60 - ————权限认证 [ roles、permissions]————
2020-03-28 19:33:17.104 [http-nio-8080-exec-7] INFO  org.jeecg.modules.shiro.authc.ShiroRealm:60 - ————权限认证 [ roles、permissions]————
2020-03-28 19:33:17.110 [http-nio-8080-exec-7] INFO  org.jeecg.modules.shiro.authc.ShiroRealm:60 - ————权限认证 [ roles、permissions]————
2020-03-28 19:34:19.797 [http-nio-8080-exec-3] INFO  org.jeecg.modules.shiro.authc.ShiroRealm:60 - ————权限认证 [ roles、permissions]————
2020-03-28 19:34:19.803 [http-nio-8080-exec-3] INFO  org.jeecg.modules.shiro.authc.ShiroRealm:60 - ————权限认证 [ roles、permissions]————
2020-03-28 19:34:19.807 [http-nio-8080-exec-3] INFO  org.jeecg.modules.shiro.authc.ShiroRealm:60 - ————权限认证 [ roles、permissions]————
2020-03-28 19:34:19.812 [http-nio-8080-exec-3] INFO  org.jeecg.modules.shiro.authc.ShiroRealm:60 - ————权限认证 [ roles、permissions]————
2020-03-28 19:34:19.817 [http-nio-8080-exec-3] INFO  org.jeecg.modules.shiro.authc.ShiroRealm:60 - ————权限认证 [ roles、permissions]————
2020-03-28 19:34:19.822 [http-nio-8080-exec-3] INFO  org.jeecg.modules.shiro.authc.ShiroRealm:60 - ————权限认证 [ roles、permissions]————
2020-03-28 19:34:19.827 [http-nio-8080-exec-3] INFO  org.jeecg.modules.shiro.authc.ShiroRealm:60 - ————权限认证 [ roles、permissions]————
2020-03-28 19:34:19.831 [http-nio-8080-exec-3] INFO  org.jeecg.modules.shiro.authc.ShiroRealm:60 - ————权限认证 [ roles、permissions]————
2020-03-28 19:34:31.918 [http-nio-8080-exec-5] INFO  org.jeecg.modules.shiro.authc.ShiroRealm:60 - ————权限认证 [ roles、permissions]————
2020-03-28 19:34:31.921 [http-nio-8080-exec-5] INFO  org.jeecg.modules.shiro.authc.ShiroRealm:60 - ————权限认证 [ roles、permissions]————
2020-03-28 19:34:31.926 [http-nio-8080-exec-5] INFO  org.jeecg.modules.shiro.authc.ShiroRealm:60 - ————权限认证 [ roles、permissions]————
2020-03-28 19:34:31.929 [http-nio-8080-exec-5] INFO  org.jeecg.modules.shiro.authc.ShiroRealm:60 - ————权限认证 [ roles、permissions]————
2020-03-28 19:34:31.935 [http-nio-8080-exec-5] INFO  org.jeecg.modules.shiro.authc.ShiroRealm:60 - ————权限认证 [ roles、permissions]————
2020-03-28 19:34:31.938 [http-nio-8080-exec-5] INFO  org.jeecg.modules.shiro.authc.ShiroRealm:60 - ————权限认证 [ roles、permissions]————
2020-03-28 19:34:31.943 [http-nio-8080-exec-5] INFO  org.jeecg.modules.shiro.authc.ShiroRealm:60 - ————权限认证 [ roles、permissions]————
2020-03-28 19:34:31.946 [http-nio-8080-exec-5] INFO  org.jeecg.modules.shiro.authc.ShiroRealm:60 - ————权限认证 [ roles、permissions]————
2020-03-28 19:34:41.098 [http-nio-8080-exec-9] INFO  org.jeecg.modules.shiro.authc.ShiroRealm:60 - ————权限认证 [ roles、permissions]————
2020-03-28 19:34:41.102 [http-nio-8080-exec-9] INFO  org.jeecg.modules.shiro.authc.ShiroRealm:60 - ————权限认证 [ roles、permissions]————
2020-03-28 19:34:41.107 [http-nio-8080-exec-9] INFO  org.jeecg.modules.shiro.authc.ShiroRealm:60 - ————权限认证 [ roles、permissions]————
2020-03-28 19:34:41.110 [http-nio-8080-exec-9] INFO  org.jeecg.modules.shiro.authc.ShiroRealm:60 - ————权限认证 [ roles、permissions]————
2020-03-28 19:34:41.114 [http-nio-8080-exec-9] INFO  org.jeecg.modules.shiro.authc.ShiroRealm:60 - ————权限认证 [ roles、permissions]————
2020-03-28 19:34:41.118 [http-nio-8080-exec-9] INFO  org.jeecg.modules.shiro.authc.ShiroRealm:60 - ————权限认证 [ roles、permissions]————
2020-03-28 19:34:41.122 [http-nio-8080-exec-9] INFO  org.jeecg.modules.shiro.authc.ShiroRealm:60 - ————权限认证 [ roles、permissions]————
2020-03-28 19:34:41.127 [http-nio-8080-exec-9] INFO  org.jeecg.modules.shiro.authc.ShiroRealm:60 - ————权限认证 [ roles、permissions]————
2020-03-28 19:34:49.182 [http-nio-8080-exec-10] INFO  org.jeecg.modules.shiro.authc.ShiroRealm:60 - ————权限认证 [ roles、permissions]————
2020-03-28 19:34:49.192 [http-nio-8080-exec-10] INFO  org.jeecg.modules.shiro.authc.ShiroRealm:60 - ————权限认证 [ roles、permissions]————
2020-03-28 19:34:49.198 [http-nio-8080-exec-10] INFO  org.jeecg.modules.shiro.authc.ShiroRealm:60 - ————权限认证 [ roles、permissions]————
2020-03-28 19:34:49.206 [http-nio-8080-exec-10] INFO  org.jeecg.modules.shiro.authc.ShiroRealm:60 - ————权限认证 [ roles、permissions]————
2020-03-28 19:34:49.209 [http-nio-8080-exec-10] INFO  org.jeecg.modules.shiro.authc.ShiroRealm:60 - ————权限认证 [ roles、permissions]————
2020-03-28 19:34:49.214 [http-nio-8080-exec-10] INFO  org.jeecg.modules.shiro.authc.ShiroRealm:60 - ————权限认证 [ roles、permissions]————
2020-03-28 19:34:49.348 [http-nio-8080-exec-10] INFO  org.jeecg.common.system.query.QueryGenerator:354 - --查询规则-->exam_id = 10b9a2e555072621ea8fbeb13a25c2f9
2020-03-28 19:35:01.118 [http-nio-8080-exec-1] INFO  org.jeecg.modules.shiro.authc.ShiroRealm:60 - ————权限认证 [ roles、permissions]————
2020-03-28 19:35:01.123 [http-nio-8080-exec-1] INFO  org.jeecg.modules.shiro.authc.ShiroRealm:60 - ————权限认证 [ roles、permissions]————
2020-03-28 19:35:01.126 [http-nio-8080-exec-1] INFO  org.jeecg.modules.shiro.authc.ShiroRealm:60 - ————权限认证 [ roles、permissions]————
2020-03-28 19:35:01.134 [http-nio-8080-exec-1] INFO  org.jeecg.modules.shiro.authc.ShiroRealm:60 - ————权限认证 [ roles、permissions]————
2020-03-28 19:35:01.139 [http-nio-8080-exec-1] INFO  org.jeecg.modules.shiro.authc.ShiroRealm:60 - ————权限认证 [ roles、permissions]————
2020-03-28 19:35:01.142 [http-nio-8080-exec-1] INFO  org.jeecg.modules.shiro.authc.ShiroRealm:60 - ————权限认证 [ roles、permissions]————
2020-03-28 19:35:01.147 [http-nio-8080-exec-1] INFO  o.j.modules.exam.controller.Question1Controller:253 - 10b9a2e555072621ea8fbeb13a25c2f9,药理知识,single,2,2
2020-03-28 19:35:01.296 [http-nio-8080-exec-1] INFO  o.j.modules.exam.controller.Question1Controller:253 - 10b9a2e555072621ea8fbeb13a25c2f9,药理知识,multi,3,2
2020-03-28 19:35:01.586 [http-nio-8080-exec-2] INFO  org.jeecg.modules.shiro.authc.ShiroRealm:60 - ————权限认证 [ roles、permissions]————
2020-03-28 19:35:01.589 [http-nio-8080-exec-2] INFO  org.jeecg.modules.shiro.authc.ShiroRealm:60 - ————权限认证 [ roles、permissions]————
2020-03-28 19:35:01.593 [http-nio-8080-exec-2] INFO  org.jeecg.modules.shiro.authc.ShiroRealm:60 - ————权限认证 [ roles、permissions]————
2020-03-28 19:35:01.596 [http-nio-8080-exec-2] INFO  org.jeecg.modules.shiro.authc.ShiroRealm:60 - ————权限认证 [ roles、permissions]————
2020-03-28 19:35:01.600 [http-nio-8080-exec-2] INFO  org.jeecg.modules.shiro.authc.ShiroRealm:60 - ————权限认证 [ roles、permissions]————
2020-03-28 19:35:01.604 [http-nio-8080-exec-2] INFO  org.jeecg.modules.shiro.authc.ShiroRealm:60 - ————权限认证 [ roles、permissions]————
2020-03-28 19:35:01.610 [http-nio-8080-exec-2] INFO  org.jeecg.common.system.query.QueryGenerator:354 - --查询规则-->exam_id = 10b9a2e555072621ea8fbeb13a25c2f9
2020-03-28 19:35:18.537 [http-nio-8080-exec-4] INFO  org.jeecg.modules.shiro.authc.ShiroRealm:60 - ————权限认证 [ roles、permissions]————
2020-03-28 19:35:18.541 [http-nio-8080-exec-4] INFO  org.jeecg.modules.shiro.authc.ShiroRealm:60 - ————权限认证 [ roles、permissions]————
2020-03-28 19:35:18.545 [http-nio-8080-exec-4] INFO  org.jeecg.modules.shiro.authc.ShiroRealm:60 - ————权限认证 [ roles、permissions]————
2020-03-28 19:35:18.549 [http-nio-8080-exec-4] INFO  org.jeecg.modules.shiro.authc.ShiroRealm:60 - ————权限认证 [ roles、permissions]————
2020-03-28 19:35:18.553 [http-nio-8080-exec-4] INFO  org.jeecg.modules.shiro.authc.ShiroRealm:60 - ————权限认证 [ roles、permissions]————
2020-03-28 19:35:18.556 [http-nio-8080-exec-4] INFO  org.jeecg.modules.shiro.authc.ShiroRealm:60 - ————权限认证 [ roles、permissions]————
2020-03-28 19:35:18.566 [http-nio-8080-exec-4] INFO  org.jeecg.common.system.query.QueryGenerator:354 - --查询规则-->exam_id = 10b9a2e555072621ea8fbeb13a25c2f9
2020-03-28 19:35:33.892 [http-nio-8080-exec-5] INFO  org.jeecg.modules.shiro.authc.ShiroRealm:60 - ————权限认证 [ roles、permissions]————
2020-03-28 19:35:33.896 [http-nio-8080-exec-5] INFO  org.jeecg.modules.shiro.authc.ShiroRealm:60 - ————权限认证 [ roles、permissions]————
2020-03-28 19:35:33.899 [http-nio-8080-exec-5] INFO  org.jeecg.modules.shiro.authc.ShiroRealm:60 - ————权限认证 [ roles、permissions]————
2020-03-28 19:35:33.903 [http-nio-8080-exec-5] INFO  org.jeecg.modules.shiro.authc.ShiroRealm:60 - ————权限认证 [ roles、permissions]————
2020-03-28 19:35:33.906 [http-nio-8080-exec-5] INFO  org.jeecg.modules.shiro.authc.ShiroRealm:60 - ————权限认证 [ roles、permissions]————
2020-03-28 19:35:33.910 [http-nio-8080-exec-5] INFO  org.jeecg.modules.shiro.authc.ShiroRealm:60 - ————权限认证 [ roles、permissions]————
2020-03-28 19:35:34.216 [http-nio-8080-exec-6] INFO  org.jeecg.modules.shiro.authc.ShiroRealm:60 - ————权限认证 [ roles、permissions]————
2020-03-28 19:35:34.220 [http-nio-8080-exec-6] INFO  org.jeecg.modules.shiro.authc.ShiroRealm:60 - ————权限认证 [ roles、permissions]————
2020-03-28 19:35:34.223 [http-nio-8080-exec-6] INFO  org.jeecg.modules.shiro.authc.ShiroRealm:60 - ————权限认证 [ roles、permissions]————
2020-03-28 19:35:34.227 [http-nio-8080-exec-6] INFO  org.jeecg.modules.shiro.authc.ShiroRealm:60 - ————权限认证 [ roles、permissions]————
2020-03-28 19:35:34.232 [http-nio-8080-exec-6] INFO  org.jeecg.modules.shiro.authc.ShiroRealm:60 - ————权限认证 [ roles、permissions]————
2020-03-28 19:35:34.236 [http-nio-8080-exec-6] INFO  org.jeecg.modules.shiro.authc.ShiroRealm:60 - ————权限认证 [ roles、permissions]————
2020-03-28 19:35:34.240 [http-nio-8080-exec-6] INFO  org.jeecg.common.system.query.QueryGenerator:354 - --查询规则-->exam_id = 10b9a2e555072621ea8fbeb13a25c2f9
2020-03-28 19:35:42.887 [http-nio-8080-exec-9] INFO  org.jeecg.modules.shiro.authc.ShiroRealm:60 - ————权限认证 [ roles、permissions]————
2020-03-28 19:35:42.891 [http-nio-8080-exec-9] INFO  org.jeecg.modules.shiro.authc.ShiroRealm:60 - ————权限认证 [ roles、permissions]————
2020-03-28 19:35:42.894 [http-nio-8080-exec-9] INFO  org.jeecg.modules.shiro.authc.ShiroRealm:60 - ————权限认证 [ roles、permissions]————
2020-03-28 19:35:42.899 [http-nio-8080-exec-9] INFO  org.jeecg.modules.shiro.authc.ShiroRealm:60 - ————权限认证 [ roles、permissions]————
2020-03-28 19:35:42.903 [http-nio-8080-exec-9] INFO  org.jeecg.modules.shiro.authc.ShiroRealm:60 - ————权限认证 [ roles、permissions]————
2020-03-28 19:35:42.906 [http-nio-8080-exec-9] INFO  org.jeecg.modules.shiro.authc.ShiroRealm:60 - ————权限认证 [ roles、permissions]————
2020-03-28 19:35:43.151 [http-nio-8080-exec-8] INFO  org.jeecg.modules.shiro.authc.ShiroRealm:60 - ————权限认证 [ roles、permissions]————
2020-03-28 19:35:43.154 [http-nio-8080-exec-8] INFO  org.jeecg.modules.shiro.authc.ShiroRealm:60 - ————权限认证 [ roles、permissions]————
2020-03-28 19:35:43.157 [http-nio-8080-exec-8] INFO  org.jeecg.modules.shiro.authc.ShiroRealm:60 - ————权限认证 [ roles、permissions]————
2020-03-28 19:35:43.160 [http-nio-8080-exec-8] INFO  org.jeecg.modules.shiro.authc.ShiroRealm:60 - ————权限认证 [ roles、permissions]————
2020-03-28 19:35:43.162 [http-nio-8080-exec-8] INFO  org.jeecg.modules.shiro.authc.ShiroRealm:60 - ————权限认证 [ roles、permissions]————
2020-03-28 19:35:43.166 [http-nio-8080-exec-8] INFO  org.jeecg.modules.shiro.authc.ShiroRealm:60 - ————权限认证 [ roles、permissions]————
2020-03-28 19:35:43.170 [http-nio-8080-exec-8] INFO  org.jeecg.common.system.query.QueryGenerator:354 - --查询规则-->exam_id = 10b9a2e555072621ea8fbeb13a25c2f9
2020-03-28 19:35:49.878 [http-nio-8080-exec-7] INFO  org.jeecg.modules.shiro.authc.ShiroRealm:60 - ————权限认证 [ roles、permissions]————
2020-03-28 19:35:49.882 [http-nio-8080-exec-7] INFO  org.jeecg.modules.shiro.authc.ShiroRealm:60 - ————权限认证 [ roles、permissions]————
2020-03-28 19:35:49.885 [http-nio-8080-exec-7] INFO  org.jeecg.modules.shiro.authc.ShiroRealm:60 - ————权限认证 [ roles、permissions]————
2020-03-28 19:35:49.890 [http-nio-8080-exec-7] INFO  org.jeecg.modules.shiro.authc.ShiroRealm:60 - ————权限认证 [ roles、permissions]————
2020-03-28 19:35:49.893 [http-nio-8080-exec-7] INFO  org.jeecg.modules.shiro.authc.ShiroRealm:60 - ————权限认证 [ roles、permissions]————
2020-03-28 19:35:49.896 [http-nio-8080-exec-7] INFO  org.jeecg.modules.shiro.authc.ShiroRealm:60 - ————权限认证 [ roles、permissions]————
2020-03-28 19:35:50.145 [http-nio-8080-exec-10] INFO  org.jeecg.modules.shiro.authc.ShiroRealm:60 - ————权限认证 [ roles、permissions]————
2020-03-28 19:35:50.150 [http-nio-8080-exec-10] INFO  org.jeecg.modules.shiro.authc.ShiroRealm:60 - ————权限认证 [ roles、permissions]————
2020-03-28 19:35:50.153 [http-nio-8080-exec-10] INFO  org.jeecg.modules.shiro.authc.ShiroRealm:60 - ————权限认证 [ roles、permissions]————
2020-03-28 19:35:50.157 [http-nio-8080-exec-10] INFO  org.jeecg.modules.shiro.authc.ShiroRealm:60 - ————权限认证 [ roles、permissions]————
2020-03-28 19:35:50.160 [http-nio-8080-exec-10] INFO  org.jeecg.modules.shiro.authc.ShiroRealm:60 - ————权限认证 [ roles、permissions]————
2020-03-28 19:35:50.165 [http-nio-8080-exec-10] INFO  org.jeecg.modules.shiro.authc.ShiroRealm:60 - ————权限认证 [ roles、permissions]————
2020-03-28 19:35:50.169 [http-nio-8080-exec-10] INFO  org.jeecg.common.system.query.QueryGenerator:354 - --查询规则-->exam_id = 10b9a2e555072621ea8fbeb13a25c2f9
2020-03-28 19:35:55.473 [http-nio-8080-exec-1] INFO  org.jeecg.modules.shiro.authc.ShiroRealm:60 - ————权限认证 [ roles、permissions]————
2020-03-28 19:35:55.476 [http-nio-8080-exec-1] INFO  org.jeecg.modules.shiro.authc.ShiroRealm:60 - ————权限认证 [ roles、permissions]————
2020-03-28 19:35:55.482 [http-nio-8080-exec-1] INFO  org.jeecg.modules.shiro.authc.ShiroRealm:60 - ————权限认证 [ roles、permissions]————
2020-03-28 19:35:55.485 [http-nio-8080-exec-1] INFO  org.jeecg.modules.shiro.authc.ShiroRealm:60 - ————权限认证 [ roles、permissions]————
2020-03-28 19:35:55.488 [http-nio-8080-exec-1] INFO  org.jeecg.modules.shiro.authc.ShiroRealm:60 - ————权限认证 [ roles、permissions]————
2020-03-28 19:35:55.492 [http-nio-8080-exec-1] INFO  org.jeecg.modules.shiro.authc.ShiroRealm:60 - ————权限认证 [ roles、permissions]————
2020-03-28 19:35:55.729 [http-nio-8080-exec-2] INFO  org.jeecg.modules.shiro.authc.ShiroRealm:60 - ————权限认证 [ roles、permissions]————
2020-03-28 19:35:55.734 [http-nio-8080-exec-2] INFO  org.jeecg.modules.shiro.authc.ShiroRealm:60 - ————权限认证 [ roles、permissions]————
2020-03-28 19:35:55.738 [http-nio-8080-exec-2] INFO  org.jeecg.modules.shiro.authc.ShiroRealm:60 - ————权限认证 [ roles、permissions]————
2020-03-28 19:35:55.744 [http-nio-8080-exec-2] INFO  org.jeecg.modules.shiro.authc.ShiroRealm:60 - ————权限认证 [ roles、permissions]————
2020-03-28 19:35:55.748 [http-nio-8080-exec-2] INFO  org.jeecg.modules.shiro.authc.ShiroRealm:60 - ————权限认证 [ roles、permissions]————
2020-03-28 19:35:55.751 [http-nio-8080-exec-2] INFO  org.jeecg.modules.shiro.authc.ShiroRealm:60 - ————权限认证 [ roles、permissions]————
2020-03-28 19:35:55.756 [http-nio-8080-exec-2] INFO  org.jeecg.common.system.query.QueryGenerator:354 - --查询规则-->exam_id = 10b9a2e555072621ea8fbeb13a25c2f9
2020-03-28 19:36:00.208 [http-nio-8080-exec-3] INFO  org.jeecg.modules.shiro.authc.ShiroRealm:60 - ————权限认证 [ roles、permissions]————
2020-03-28 19:36:00.212 [http-nio-8080-exec-3] INFO  org.jeecg.modules.shiro.authc.ShiroRealm:60 - ————权限认证 [ roles、permissions]————
2020-03-28 19:36:00.215 [http-nio-8080-exec-3] INFO  org.jeecg.modules.shiro.authc.ShiroRealm:60 - ————权限认证 [ roles、permissions]————
2020-03-28 19:36:00.220 [http-nio-8080-exec-3] INFO  org.jeecg.modules.shiro.authc.ShiroRealm:60 - ————权限认证 [ roles、permissions]————
2020-03-28 19:36:00.223 [http-nio-8080-exec-3] INFO  org.jeecg.modules.shiro.authc.ShiroRealm:60 - ————权限认证 [ roles、permissions]————
2020-03-28 19:36:00.226 [http-nio-8080-exec-3] INFO  org.jeecg.modules.shiro.authc.ShiroRealm:60 - ————权限认证 [ roles、permissions]————
2020-03-28 19:36:00.716 [http-nio-8080-exec-4] INFO  org.jeecg.modules.shiro.authc.ShiroRealm:60 - ————权限认证 [ roles、permissions]————
2020-03-28 19:36:00.719 [http-nio-8080-exec-4] INFO  org.jeecg.modules.shiro.authc.ShiroRealm:60 - ————权限认证 [ roles、permissions]————
2020-03-28 19:36:00.722 [http-nio-8080-exec-4] INFO  org.jeecg.modules.shiro.authc.ShiroRealm:60 - ————权限认证 [ roles、permissions]————
2020-03-28 19:36:00.726 [http-nio-8080-exec-4] INFO  org.jeecg.modules.shiro.authc.ShiroRealm:60 - ————权限认证 [ roles、permissions]————
2020-03-28 19:36:00.733 [http-nio-8080-exec-4] INFO  org.jeecg.modules.shiro.authc.ShiroRealm:60 - ————权限认证 [ roles、permissions]————
2020-03-28 19:36:00.736 [http-nio-8080-exec-4] INFO  org.jeecg.modules.shiro.authc.ShiroRealm:60 - ————权限认证 [ roles、permissions]————
2020-03-28 19:36:00.740 [http-nio-8080-exec-4] INFO  org.jeecg.common.system.query.QueryGenerator:354 - --查询规则-->exam_id = 10b9a2e555072621ea8fbeb13a25c2f9
2020-03-28 19:36:07.164 [http-nio-8080-exec-6] INFO  org.jeecg.modules.shiro.authc.ShiroRealm:60 - ————权限认证 [ roles、permissions]————
2020-03-28 19:36:07.167 [http-nio-8080-exec-6] INFO  org.jeecg.modules.shiro.authc.ShiroRealm:60 - ————权限认证 [ roles、permissions]————
2020-03-28 19:36:07.174 [http-nio-8080-exec-6] INFO  org.jeecg.modules.shiro.authc.ShiroRealm:60 - ————权限认证 [ roles、permissions]————
2020-03-28 19:36:07.176 [http-nio-8080-exec-6] INFO  org.jeecg.modules.shiro.authc.ShiroRealm:60 - ————权限认证 [ roles、permissions]————
2020-03-28 19:36:33.860 [http-nio-8080-exec-3] INFO  org.jeecg.modules.shiro.authc.ShiroRealm:60 - ————权限认证 [ roles、permissions]————
2020-03-28 19:36:33.864 [http-nio-8080-exec-3] INFO  org.jeecg.modules.shiro.authc.ShiroRealm:60 - ————权限认证 [ roles、permissions]————
2020-03-28 19:36:33.867 [http-nio-8080-exec-3] INFO  org.jeecg.modules.shiro.authc.ShiroRealm:60 - ————权限认证 [ roles、permissions]————
2020-03-28 19:36:33.870 [http-nio-8080-exec-3] INFO  org.jeecg.modules.shiro.authc.ShiroRealm:60 - ————权限认证 [ roles、permissions]————
2020-03-28 19:36:33.873 [http-nio-8080-exec-3] INFO  org.jeecg.modules.shiro.authc.ShiroRealm:60 - ————权限认证 [ roles、permissions]————
2020-03-28 19:36:33.877 [http-nio-8080-exec-3] INFO  org.jeecg.modules.shiro.authc.ShiroRealm:60 - ————权限认证 [ roles、permissions]————
2020-03-28 19:36:33.881 [http-nio-8080-exec-3] INFO  org.jeecg.common.system.query.QueryGenerator:354 - --查询规则-->exam_id = 10b9a2e555072621ea8fbeb13a25c2f9
2020-03-28 19:38:11.557 [http-nio-8080-exec-5] INFO  org.jeecg.modules.shiro.authc.ShiroRealm:60 - ————权限认证 [ roles、permissions]————
2020-03-28 19:38:11.560 [http-nio-8080-exec-5] INFO  org.jeecg.modules.shiro.authc.ShiroRealm:60 - ————权限认证 [ roles、permissions]————
2020-03-28 19:38:11.570 [http-nio-8080-exec-5] INFO  org.jeecg.modules.shiro.authc.ShiroRealm:60 - ————权限认证 [ roles、permissions]————
2020-03-28 19:38:11.573 [http-nio-8080-exec-5] INFO  org.jeecg.modules.shiro.authc.ShiroRealm:60 - ————权限认证 [ roles、permissions]————
2020-03-28 19:38:11.576 [http-nio-8080-exec-5] INFO  org.jeecg.modules.shiro.authc.ShiroRealm:60 - ————权限认证 [ roles、permissions]————
2020-03-28 19:38:11.581 [http-nio-8080-exec-5] INFO  org.jeecg.modules.shiro.authc.ShiroRealm:60 - ————权限认证 [ roles、permissions]————
2020-03-28 19:38:11.584 [http-nio-8080-exec-5] INFO  org.jeecg.common.system.query.QueryGenerator:354 - --查询规则-->exam_id = 10b9a2e555072621ea8fbeb13a25c2f9
2020-03-28 19:41:33.746 [http-nio-8080-exec-6] INFO  org.jeecg.modules.shiro.authc.ShiroRealm:60 - ————权限认证 [ roles、permissions]————
2020-03-28 19:41:33.751 [http-nio-8080-exec-6] INFO  org.jeecg.modules.shiro.authc.ShiroRealm:60 - ————权限认证 [ roles、permissions]————
2020-03-28 19:41:33.754 [http-nio-8080-exec-6] INFO  org.jeecg.modules.shiro.authc.ShiroRealm:60 - ————权限认证 [ roles、permissions]————
2020-03-28 19:41:33.759 [http-nio-8080-exec-6] INFO  org.jeecg.modules.shiro.authc.ShiroRealm:60 - ————权限认证 [ roles、permissions]————
2020-03-28 19:41:33.762 [http-nio-8080-exec-6] INFO  org.jeecg.modules.shiro.authc.ShiroRealm:60 - ————权限认证 [ roles、permissions]————
2020-03-28 19:41:33.765 [http-nio-8080-exec-6] INFO  org.jeecg.modules.shiro.authc.ShiroRealm:60 - ————权限认证 [ roles、permissions]————
2020-03-28 19:45:51.676 [http-nio-8080-exec-9] INFO  org.jeecg.modules.shiro.authc.ShiroRealm:60 - ————权限认证 [ roles、permissions]————
2020-03-28 19:45:51.684 [http-nio-8080-exec-9] INFO  org.jeecg.modules.shiro.authc.ShiroRealm:60 - ————权限认证 [ roles、permissions]————
2020-03-28 19:45:51.688 [http-nio-8080-exec-9] INFO  org.jeecg.modules.shiro.authc.ShiroRealm:60 - ————权限认证 [ roles、permissions]————
2020-03-28 19:45:51.691 [http-nio-8080-exec-9] INFO  org.jeecg.modules.shiro.authc.ShiroRealm:60 - ————权限认证 [ roles、permissions]————
2020-03-28 19:45:51.694 [http-nio-8080-exec-9] INFO  org.jeecg.modules.shiro.authc.ShiroRealm:60 - ————权限认证 [ roles、permissions]————
2020-03-28 19:45:51.697 [http-nio-8080-exec-9] INFO  org.jeecg.modules.shiro.authc.ShiroRealm:60 - ————权限认证 [ roles、permissions]————
2020-03-28 19:45:51.700 [http-nio-8080-exec-9] INFO  org.jeecg.common.system.query.QueryGenerator:354 - --查询规则-->exam_id = 10b9a2e555072621ea8fbeb13a25c2f9
2020-03-28 19:48:40.377 [http-nio-8080-exec-8] INFO  org.jeecg.modules.shiro.authc.ShiroRealm:60 - ————权限认证 [ roles、permissions]————
2020-03-28 19:48:40.380 [http-nio-8080-exec-8] INFO  org.jeecg.modules.shiro.authc.ShiroRealm:60 - ————权限认证 [ roles、permissions]————
2020-03-28 19:48:40.383 [http-nio-8080-exec-8] INFO  org.jeecg.modules.shiro.authc.ShiroRealm:60 - ————权限认证 [ roles、permissions]————
2020-03-28 19:48:40.386 [http-nio-8080-exec-8] INFO  org.jeecg.modules.shiro.authc.ShiroRealm:60 - ————权限认证 [ roles、permissions]————
2020-03-28 19:48:40.389 [http-nio-8080-exec-8] INFO  org.jeecg.modules.shiro.authc.ShiroRealm:60 - ————权限认证 [ roles、permissions]————
2020-03-28 19:48:40.392 [http-nio-8080-exec-8] INFO  org.jeecg.modules.shiro.authc.ShiroRealm:60 - ————权限认证 [ roles、permissions]————
2020-03-28 19:48:40.396 [http-nio-8080-exec-8] INFO  org.jeecg.common.system.query.QueryGenerator:354 - --查询规则-->exam_id = 10b9a2e555072621ea8fbeb13a25c2f9
2020-03-28 19:48:43.500 [http-nio-8080-exec-7] INFO  org.jeecg.modules.shiro.authc.ShiroRealm:60 - ————权限认证 [ roles、permissions]————
2020-03-28 19:48:43.503 [http-nio-8080-exec-7] INFO  org.jeecg.modules.shiro.authc.ShiroRealm:60 - ————权限认证 [ roles、permissions]————
2020-03-28 19:48:43.506 [http-nio-8080-exec-7] INFO  org.jeecg.modules.shiro.authc.ShiroRealm:60 - ————权限认证 [ roles、permissions]————
2020-03-28 19:48:43.509 [http-nio-8080-exec-7] INFO  org.jeecg.modules.shiro.authc.ShiroRealm:60 - ————权限认证 [ roles、permissions]————
2020-03-28 19:49:30.816 [http-nio-8080-exec-10] INFO  org.jeecg.modules.shiro.authc.ShiroRealm:60 - ————权限认证 [ roles、permissions]————
2020-03-28 19:49:30.820 [http-nio-8080-exec-10] INFO  org.jeecg.modules.shiro.authc.ShiroRealm:60 - ————权限认证 [ roles、permissions]————
2020-03-28 19:49:30.823 [http-nio-8080-exec-10] INFO  org.jeecg.modules.shiro.authc.ShiroRealm:60 - ————权限认证 [ roles、permissions]————
2020-03-28 19:49:30.828 [http-nio-8080-exec-10] INFO  org.jeecg.modules.shiro.authc.ShiroRealm:60 - ————权限认证 [ roles、permissions]————
2020-03-28 19:49:30.831 [http-nio-8080-exec-10] INFO  org.jeecg.modules.shiro.authc.ShiroRealm:60 - ————权限认证 [ roles、permissions]————
2020-03-28 19:49:30.834 [http-nio-8080-exec-10] INFO  org.jeecg.modules.shiro.authc.ShiroRealm:60 - ————权限认证 [ roles、permissions]————
2020-03-28 19:49:31.138 [http-nio-8080-exec-1] INFO  org.jeecg.modules.shiro.authc.ShiroRealm:60 - ————权限认证 [ roles、permissions]————
2020-03-28 19:49:31.142 [http-nio-8080-exec-1] INFO  org.jeecg.modules.shiro.authc.ShiroRealm:60 - ————权限认证 [ roles、permissions]————
2020-03-28 19:49:31.145 [http-nio-8080-exec-1] INFO  org.jeecg.modules.shiro.authc.ShiroRealm:60 - ————权限认证 [ roles、permissions]————
2020-03-28 19:49:31.148 [http-nio-8080-exec-1] INFO  org.jeecg.modules.shiro.authc.ShiroRealm:60 - ————权限认证 [ roles、permissions]————
2020-03-28 19:49:31.151 [http-nio-8080-exec-1] INFO  org.jeecg.modules.shiro.authc.ShiroRealm:60 - ————权限认证 [ roles、permissions]————
2020-03-28 19:49:31.154 [http-nio-8080-exec-1] INFO  org.jeecg.modules.shiro.authc.ShiroRealm:60 - ————权限认证 [ roles、permissions]————
2020-03-28 19:49:31.159 [http-nio-8080-exec-1] INFO  org.jeecg.common.system.query.QueryGenerator:354 - --查询规则-->exam_id = 10b9a2e555072621ea8fbeb13a25c2f9
2020-03-28 19:49:36.537 [http-nio-8080-exec-2] INFO  org.jeecg.modules.shiro.authc.ShiroRealm:60 - ————权限认证 [ roles、permissions]————
2020-03-28 19:49:36.541 [http-nio-8080-exec-2] INFO  org.jeecg.modules.shiro.authc.ShiroRealm:60 - ————权限认证 [ roles、permissions]————
2020-03-28 19:49:36.544 [http-nio-8080-exec-2] INFO  org.jeecg.modules.shiro.authc.ShiroRealm:60 - ————权限认证 [ roles、permissions]————
2020-03-28 19:49:36.549 [http-nio-8080-exec-2] INFO  org.jeecg.modules.shiro.authc.ShiroRealm:60 - ————权限认证 [ roles、permissions]————
2020-03-28 19:50:33.705 [http-nio-8080-exec-10] INFO  org.jeecg.modules.shiro.authc.ShiroRealm:60 - ————权限认证 [ roles、permissions]————
2020-03-28 19:50:33.708 [http-nio-8080-exec-10] INFO  org.jeecg.modules.shiro.authc.ShiroRealm:60 - ————权限认证 [ roles、permissions]————
2020-03-28 19:50:33.713 [http-nio-8080-exec-10] INFO  org.jeecg.modules.shiro.authc.ShiroRealm:60 - ————权限认证 [ roles、permissions]————
2020-03-28 19:50:33.719 [http-nio-8080-exec-10] INFO  org.jeecg.modules.shiro.authc.ShiroRealm:60 - ————权限认证 [ roles、permissions]————
2020-03-28 19:50:33.723 [http-nio-8080-exec-10] INFO  org.jeecg.modules.shiro.authc.ShiroRealm:60 - ————权限认证 [ roles、permissions]————
2020-03-28 19:50:33.727 [http-nio-8080-exec-10] INFO  org.jeecg.modules.shiro.authc.ShiroRealm:60 - ————权限认证 [ roles、permissions]————
2020-03-28 19:50:33.731 [http-nio-8080-exec-10] INFO  org.jeecg.common.system.query.QueryGenerator:354 - --查询规则-->exam_id = 1673c7d6cd73df19efaf941f1186ec8e
2020-03-28 19:51:09.756 [http-nio-8080-exec-2] INFO  org.jeecg.modules.shiro.authc.ShiroRealm:60 - ————权限认证 [ roles、permissions]————
2020-03-28 19:51:09.760 [http-nio-8080-exec-2] INFO  org.jeecg.modules.shiro.authc.ShiroRealm:60 - ————权限认证 [ roles、permissions]————
2020-03-28 19:51:09.764 [http-nio-8080-exec-2] INFO  org.jeecg.modules.shiro.authc.ShiroRealm:60 - ————权限认证 [ roles、permissions]————
2020-03-28 19:51:09.768 [http-nio-8080-exec-2] INFO  org.jeecg.modules.shiro.authc.ShiroRealm:60 - ————权限认证 [ roles、permissions]————
2020-03-28 19:51:09.771 [http-nio-8080-exec-2] INFO  org.jeecg.modules.shiro.authc.ShiroRealm:60 - ————权限认证 [ roles、permissions]————
2020-03-28 19:51:09.774 [http-nio-8080-exec-2] INFO  org.jeecg.modules.shiro.authc.ShiroRealm:60 - ————权限认证 [ roles、permissions]————
2020-03-28 19:51:09.778 [http-nio-8080-exec-2] INFO  org.jeecg.common.system.query.QueryGenerator:354 - --查询规则-->exam_id = 1673c7d6cd73df19efaf941f1186ec8e
2020-03-28 19:52:50.280 [http-nio-8080-exec-3] INFO  org.jeecg.modules.shiro.authc.ShiroRealm:60 - ————权限认证 [ roles、permissions]————
2020-03-28 19:52:50.283 [http-nio-8080-exec-3] INFO  org.jeecg.modules.shiro.authc.ShiroRealm:60 - ————权限认证 [ roles、permissions]————
2020-03-28 19:52:50.286 [http-nio-8080-exec-3] INFO  org.jeecg.modules.shiro.authc.ShiroRealm:60 - ————权限认证 [ roles、permissions]————
2020-03-28 19:52:50.290 [http-nio-8080-exec-3] INFO  org.jeecg.modules.shiro.authc.ShiroRealm:60 - ————权限认证 [ roles、permissions]————
2020-03-28 19:52:50.293 [http-nio-8080-exec-3] INFO  org.jeecg.modules.shiro.authc.ShiroRealm:60 - ————权限认证 [ roles、permissions]————
2020-03-28 19:52:50.297 [http-nio-8080-exec-3] INFO  org.jeecg.modules.shiro.authc.ShiroRealm:60 - ————权限认证 [ roles、permissions]————
2020-03-28 19:52:50.302 [http-nio-8080-exec-3] INFO  org.jeecg.common.system.query.QueryGenerator:354 - --查询规则-->exam_id = 1673c7d6cd73df19efaf941f1186ec8e
2020-03-28 19:53:55.626 [http-nio-8080-exec-5] INFO  org.jeecg.modules.shiro.authc.ShiroRealm:60 - ————权限认证 [ roles、permissions]————
2020-03-28 19:53:55.629 [http-nio-8080-exec-5] INFO  org.jeecg.modules.shiro.authc.ShiroRealm:60 - ————权限认证 [ roles、permissions]————
2020-03-28 19:53:55.632 [http-nio-8080-exec-5] INFO  org.jeecg.modules.shiro.authc.ShiroRealm:60 - ————权限认证 [ roles、permissions]————
2020-03-28 19:53:55.637 [http-nio-8080-exec-5] INFO  org.jeecg.modules.shiro.authc.ShiroRealm:60 - ————权限认证 [ roles、permissions]————
2020-03-28 19:53:55.644 [http-nio-8080-exec-5] INFO  org.jeecg.modules.shiro.authc.ShiroRealm:60 - ————权限认证 [ roles、permissions]————
2020-03-28 19:53:55.648 [http-nio-8080-exec-5] INFO  org.jeecg.modules.shiro.authc.ShiroRealm:60 - ————权限认证 [ roles、permissions]————
2020-03-28 19:53:55.654 [http-nio-8080-exec-5] INFO  org.jeecg.common.system.query.QueryGenerator:354 - --查询规则-->exam_id = 1673c7d6cd73df19efaf941f1186ec8e
2020-03-28 20:06:29.770 [http-nio-8080-exec-6] INFO  org.jeecg.modules.shiro.authc.ShiroRealm:60 - ————权限认证 [ roles、permissions]————
2020-03-28 20:06:29.775 [http-nio-8080-exec-6] INFO  org.jeecg.modules.shiro.authc.ShiroRealm:60 - ————权限认证 [ roles、permissions]————
2020-03-28 20:06:29.779 [http-nio-8080-exec-6] INFO  org.jeecg.modules.shiro.authc.ShiroRealm:60 - ————权限认证 [ roles、permissions]————
2020-03-28 20:06:29.783 [http-nio-8080-exec-6] INFO  org.jeecg.modules.shiro.authc.ShiroRealm:60 - ————权限认证 [ roles、permissions]————
2020-03-28 20:06:29.787 [http-nio-8080-exec-6] INFO  org.jeecg.modules.shiro.authc.ShiroRealm:60 - ————权限认证 [ roles、permissions]————
2020-03-28 20:06:29.790 [http-nio-8080-exec-6] INFO  org.jeecg.modules.shiro.authc.ShiroRealm:60 - ————权限认证 [ roles、permissions]————
2020-03-28 20:06:29.794 [http-nio-8080-exec-6] INFO  org.jeecg.common.system.query.QueryGenerator:354 - --查询规则-->no = 1
2020-03-28 20:06:29.795 [http-nio-8080-exec-6] INFO  org.jeecg.common.system.query.QueryGenerator:354 - --查询规则-->exam_id = 1673c7d6cd73df19efaf941f1186ec8e
2020-03-28 20:06:36.380 [http-nio-8080-exec-9] INFO  org.jeecg.modules.shiro.authc.ShiroRealm:60 - ————权限认证 [ roles、permissions]————
2020-03-28 20:06:36.383 [http-nio-8080-exec-9] INFO  org.jeecg.modules.shiro.authc.ShiroRealm:60 - ————权限认证 [ roles、permissions]————
2020-03-28 20:06:36.386 [http-nio-8080-exec-9] INFO  org.jeecg.modules.shiro.authc.ShiroRealm:60 - ————权限认证 [ roles、permissions]————
2020-03-28 20:06:36.389 [http-nio-8080-exec-9] INFO  org.jeecg.modules.shiro.authc.ShiroRealm:60 - ————权限认证 [ roles、permissions]————
2020-03-28 20:06:36.392 [http-nio-8080-exec-9] INFO  org.jeecg.modules.shiro.authc.ShiroRealm:60 - ————权限认证 [ roles、permissions]————
2020-03-28 20:06:36.395 [http-nio-8080-exec-9] INFO  org.jeecg.modules.shiro.authc.ShiroRealm:60 - ————权限认证 [ roles、permissions]————
2020-03-28 20:06:36.398 [http-nio-8080-exec-9] INFO  org.jeecg.common.system.query.QueryGenerator:354 - --查询规则-->exam_id = 1673c7d6cd73df19efaf941f1186ec8e
2020-03-28 20:07:10.109 [http-nio-8080-exec-8] INFO  org.jeecg.modules.shiro.authc.ShiroRealm:60 - ————权限认证 [ roles、permissions]————
2020-03-28 20:07:10.113 [http-nio-8080-exec-8] INFO  org.jeecg.modules.shiro.authc.ShiroRealm:60 - ————权限认证 [ roles、permissions]————
2020-03-28 20:07:10.115 [http-nio-8080-exec-8] INFO  org.jeecg.modules.shiro.authc.ShiroRealm:60 - ————权限认证 [ roles、permissions]————
2020-03-28 20:07:10.118 [http-nio-8080-exec-8] INFO  org.jeecg.modules.shiro.authc.ShiroRealm:60 - ————权限认证 [ roles、permissions]————
2020-03-28 20:07:10.121 [http-nio-8080-exec-8] INFO  org.jeecg.modules.shiro.authc.ShiroRealm:60 - ————权限认证 [ roles、permissions]————
2020-03-28 20:07:10.126 [http-nio-8080-exec-8] INFO  org.jeecg.modules.shiro.authc.ShiroRealm:60 - ————权限认证 [ roles、permissions]————
2020-03-28 20:07:10.130 [http-nio-8080-exec-8] INFO  org.jeecg.common.system.query.QueryGenerator:354 - --查询规则-->no = 0
2020-03-28 20:07:10.131 [http-nio-8080-exec-8] INFO  org.jeecg.common.system.query.QueryGenerator:354 - --查询规则-->exam_id = 1673c7d6cd73df19efaf941f1186ec8e
2020-03-28 20:07:13.686 [http-nio-8080-exec-7] INFO  org.jeecg.modules.shiro.authc.ShiroRealm:60 - ————权限认证 [ roles、permissions]————
2020-03-28 20:07:13.690 [http-nio-8080-exec-7] INFO  org.jeecg.modules.shiro.authc.ShiroRealm:60 - ————权限认证 [ roles、permissions]————
2020-03-28 20:07:13.700 [http-nio-8080-exec-7] INFO  org.jeecg.modules.shiro.authc.ShiroRealm:60 - ————权限认证 [ roles、permissions]————
2020-03-28 20:07:13.704 [http-nio-8080-exec-7] INFO  org.jeecg.modules.shiro.authc.ShiroRealm:60 - ————权限认证 [ roles、permissions]————
2020-03-28 20:07:13.707 [http-nio-8080-exec-7] INFO  org.jeecg.modules.shiro.authc.ShiroRealm:60 - ————权限认证 [ roles、permissions]————
2020-03-28 20:07:13.711 [http-nio-8080-exec-7] INFO  org.jeecg.modules.shiro.authc.ShiroRealm:60 - ————权限认证 [ roles、permissions]————
2020-03-28 20:07:13.714 [http-nio-8080-exec-7] INFO  org.jeecg.common.system.query.QueryGenerator:354 - --查询规则-->exam_id = 1673c7d6cd73df19efaf941f1186ec8e
2020-03-28 20:10:13.382 [http-nio-8080-exec-10] INFO  org.jeecg.modules.shiro.authc.ShiroRealm:60 - ————权限认证 [ roles、permissions]————
2020-03-28 20:10:13.385 [http-nio-8080-exec-10] INFO  org.jeecg.modules.shiro.authc.ShiroRealm:60 - ————权限认证 [ roles、permissions]————
2020-03-28 20:10:13.388 [http-nio-8080-exec-10] INFO  org.jeecg.modules.shiro.authc.ShiroRealm:60 - ————权限认证 [ roles、permissions]————
2020-03-28 20:10:13.391 [http-nio-8080-exec-10] INFO  org.jeecg.modules.shiro.authc.ShiroRealm:60 - ————权限认证 [ roles、permissions]————
2020-03-28 20:10:13.394 [http-nio-8080-exec-10] INFO  org.jeecg.modules.shiro.authc.ShiroRealm:60 - ————权限认证 [ roles、permissions]————
2020-03-28 20:10:13.397 [http-nio-8080-exec-10] INFO  org.jeecg.modules.shiro.authc.ShiroRealm:60 - ————权限认证 [ roles、permissions]————
2020-03-28 20:10:13.402 [http-nio-8080-exec-10] INFO  org.jeecg.common.system.query.QueryGenerator:354 - --查询规则-->exam_id = 1673c7d6cd73df19efaf941f1186ec8e
2020-03-28 20:10:16.460 [http-nio-8080-exec-1] INFO  org.jeecg.modules.shiro.authc.ShiroRealm:60 - ————权限认证 [ roles、permissions]————
2020-03-28 20:10:16.463 [http-nio-8080-exec-1] INFO  org.jeecg.modules.shiro.authc.ShiroRealm:60 - ————权限认证 [ roles、permissions]————
2020-03-28 20:10:16.466 [http-nio-8080-exec-1] INFO  org.jeecg.modules.shiro.authc.ShiroRealm:60 - ————权限认证 [ roles、permissions]————
2020-03-28 20:10:16.470 [http-nio-8080-exec-1] INFO  org.jeecg.modules.shiro.authc.ShiroRealm:60 - ————权限认证 [ roles、permissions]————
2020-03-28 20:10:16.472 [http-nio-8080-exec-1] INFO  org.jeecg.modules.shiro.authc.ShiroRealm:60 - ————权限认证 [ roles、permissions]————
2020-03-28 20:10:16.475 [http-nio-8080-exec-1] INFO  org.jeecg.modules.shiro.authc.ShiroRealm:60 - ————权限认证 [ roles、permissions]————
2020-03-28 20:10:16.478 [http-nio-8080-exec-1] INFO  org.jeecg.common.system.query.QueryGenerator:354 - --查询规则-->type = img
2020-03-28 20:10:16.479 [http-nio-8080-exec-1] INFO  org.jeecg.common.system.query.QueryGenerator:354 - --查询规则-->exam_id = 1673c7d6cd73df19efaf941f1186ec8e
2020-03-28 20:10:18.628 [http-nio-8080-exec-2] INFO  org.jeecg.modules.shiro.authc.ShiroRealm:60 - ————权限认证 [ roles、permissions]————
2020-03-28 20:10:18.630 [http-nio-8080-exec-2] INFO  org.jeecg.modules.shiro.authc.ShiroRealm:60 - ————权限认证 [ roles、permissions]————
2020-03-28 20:10:18.633 [http-nio-8080-exec-2] INFO  org.jeecg.modules.shiro.authc.ShiroRealm:60 - ————权限认证 [ roles、permissions]————
2020-03-28 20:10:18.637 [http-nio-8080-exec-2] INFO  org.jeecg.modules.shiro.authc.ShiroRealm:60 - ————权限认证 [ roles、permissions]————
2020-03-28 20:10:18.640 [http-nio-8080-exec-2] INFO  org.jeecg.modules.shiro.authc.ShiroRealm:60 - ————权限认证 [ roles、permissions]————
2020-03-28 20:10:18.643 [http-nio-8080-exec-2] INFO  org.jeecg.modules.shiro.authc.ShiroRealm:60 - ————权限认证 [ roles、permissions]————
2020-03-28 20:10:18.646 [http-nio-8080-exec-2] INFO  org.jeecg.common.system.query.QueryGenerator:354 - --查询规则-->exam_id = 1673c7d6cd73df19efaf941f1186ec8e
2020-03-28 20:10:36.056 [http-nio-8080-exec-3] INFO  org.jeecg.modules.shiro.authc.ShiroRealm:60 - ————权限认证 [ roles、permissions]————
2020-03-28 20:10:36.059 [http-nio-8080-exec-3] INFO  org.jeecg.modules.shiro.authc.ShiroRealm:60 - ————权限认证 [ roles、permissions]————
2020-03-28 20:10:36.063 [http-nio-8080-exec-3] INFO  org.jeecg.modules.shiro.authc.ShiroRealm:60 - ————权限认证 [ roles、permissions]————
2020-03-28 20:10:36.067 [http-nio-8080-exec-3] INFO  org.jeecg.modules.shiro.authc.ShiroRealm:60 - ————权限认证 [ roles、permissions]————
2020-03-28 20:10:36.070 [http-nio-8080-exec-3] INFO  org.jeecg.modules.shiro.authc.ShiroRealm:60 - ————权限认证 [ roles、permissions]————
2020-03-28 20:10:36.073 [http-nio-8080-exec-3] INFO  org.jeecg.modules.shiro.authc.ShiroRealm:60 - ————权限认证 [ roles、permissions]————
2020-03-28 20:10:36.337 [http-nio-8080-exec-4] INFO  org.jeecg.modules.shiro.authc.ShiroRealm:60 - ————权限认证 [ roles、permissions]————
2020-03-28 20:10:36.340 [http-nio-8080-exec-4] INFO  org.jeecg.modules.shiro.authc.ShiroRealm:60 - ————权限认证 [ roles、permissions]————
2020-03-28 20:10:36.342 [http-nio-8080-exec-4] INFO  org.jeecg.modules.shiro.authc.ShiroRealm:60 - ————权限认证 [ roles、permissions]————
2020-03-28 20:10:36.347 [http-nio-8080-exec-4] INFO  org.jeecg.modules.shiro.authc.ShiroRealm:60 - ————权限认证 [ roles、permissions]————
2020-03-28 20:10:36.350 [http-nio-8080-exec-4] INFO  org.jeecg.modules.shiro.authc.ShiroRealm:60 - ————权限认证 [ roles、permissions]————
2020-03-28 20:10:36.353 [http-nio-8080-exec-4] INFO  org.jeecg.modules.shiro.authc.ShiroRealm:60 - ————权限认证 [ roles、permissions]————
2020-03-28 20:10:36.356 [http-nio-8080-exec-4] INFO  org.jeecg.common.system.query.QueryGenerator:354 - --查询规则-->exam_id = 1673c7d6cd73df19efaf941f1186ec8e
2020-03-28 20:10:42.769 [http-nio-8080-exec-5] INFO  org.jeecg.modules.shiro.authc.ShiroRealm:60 - ————权限认证 [ roles、permissions]————
2020-03-28 20:10:42.772 [http-nio-8080-exec-5] INFO  org.jeecg.modules.shiro.authc.ShiroRealm:60 - ————权限认证 [ roles、permissions]————
2020-03-28 20:10:42.775 [http-nio-8080-exec-5] INFO  org.jeecg.modules.shiro.authc.ShiroRealm:60 - ————权限认证 [ roles、permissions]————
2020-03-28 20:10:42.779 [http-nio-8080-exec-5] INFO  org.jeecg.modules.shiro.authc.ShiroRealm:60 - ————权限认证 [ roles、permissions]————
2020-03-28 20:10:42.782 [http-nio-8080-exec-5] INFO  org.jeecg.modules.shiro.authc.ShiroRealm:60 - ————权限认证 [ roles、permissions]————
2020-03-28 20:10:42.785 [http-nio-8080-exec-5] INFO  org.jeecg.modules.shiro.authc.ShiroRealm:60 - ————权限认证 [ roles、permissions]————
2020-03-28 20:10:43.026 [http-nio-8080-exec-6] INFO  org.jeecg.modules.shiro.authc.ShiroRealm:60 - ————权限认证 [ roles、permissions]————
2020-03-28 20:10:43.033 [http-nio-8080-exec-6] INFO  org.jeecg.modules.shiro.authc.ShiroRealm:60 - ————权限认证 [ roles、permissions]————
2020-03-28 20:10:43.036 [http-nio-8080-exec-6] INFO  org.jeecg.modules.shiro.authc.ShiroRealm:60 - ————权限认证 [ roles、permissions]————
2020-03-28 20:10:43.040 [http-nio-8080-exec-6] INFO  org.jeecg.modules.shiro.authc.ShiroRealm:60 - ————权限认证 [ roles、permissions]————
2020-03-28 20:10:43.043 [http-nio-8080-exec-6] INFO  org.jeecg.modules.shiro.authc.ShiroRealm:60 - ————权限认证 [ roles、permissions]————
2020-03-28 20:10:43.049 [http-nio-8080-exec-6] INFO  org.jeecg.modules.shiro.authc.ShiroRealm:60 - ————权限认证 [ roles、permissions]————
2020-03-28 20:10:43.054 [http-nio-8080-exec-6] INFO  org.jeecg.common.system.query.QueryGenerator:354 - --查询规则-->exam_id = 1673c7d6cd73df19efaf941f1186ec8e
2020-03-28 20:11:02.540 [http-nio-8080-exec-9] INFO  org.jeecg.modules.shiro.authc.ShiroRealm:60 - ————权限认证 [ roles、permissions]————
2020-03-28 20:11:02.546 [http-nio-8080-exec-9] INFO  org.jeecg.modules.shiro.authc.ShiroRealm:60 - ————权限认证 [ roles、permissions]————
2020-03-28 20:11:02.551 [http-nio-8080-exec-9] INFO  org.jeecg.modules.shiro.authc.ShiroRealm:60 - ————权限认证 [ roles、permissions]————
2020-03-28 20:11:02.556 [http-nio-8080-exec-9] INFO  org.jeecg.modules.shiro.authc.ShiroRealm:60 - ————权限认证 [ roles、permissions]————
2020-03-28 20:11:05.612 [http-nio-8080-exec-7] INFO  org.jeecg.modules.shiro.authc.ShiroRealm:60 - ————权限认证 [ roles、permissions]————
2020-03-28 20:11:05.614 [http-nio-8080-exec-7] INFO  org.jeecg.modules.shiro.authc.ShiroRealm:60 - ————权限认证 [ roles、permissions]————
2020-03-28 20:11:05.618 [http-nio-8080-exec-7] INFO  org.jeecg.modules.shiro.authc.ShiroRealm:60 - ————权限认证 [ roles、permissions]————
2020-03-28 20:11:05.621 [http-nio-8080-exec-7] INFO  org.jeecg.modules.shiro.authc.ShiroRealm:60 - ————权限认证 [ roles、permissions]————
2020-03-28 20:11:06.118 [http-nio-8080-exec-1] INFO  o.j.modules.system.controller.SysDictController:129 -  dictCode : valid_status
2020-03-28 20:11:06.118 [http-nio-8080-exec-10] INFO  o.j.modules.system.controller.SysDictController:129 -  dictCode : global_perms_type
2020-03-28 20:11:06.140 [http-nio-8080-exec-10] INFO  o.j.modules.system.service.impl.SysDictServiceImpl:45 - 无缓存dictCache的时候调用这里！
2020-03-28 20:11:06.140 [http-nio-8080-exec-1] INFO  o.j.modules.system.service.impl.SysDictServiceImpl:45 - 无缓存dictCache的时候调用这里！
2020-03-28 20:11:06.163 [http-nio-8080-exec-10] INFO  o.j.modules.system.controller.SysDictController:148 - Result(success=true, message=操作成功！, code=0, result=[DictModel(value=1, text=显示/访问(授权后显示/可访问)), DictModel(value=2, text=可编辑(未授权时禁用))], timestamp=1585397466118)
2020-03-28 20:11:06.169 [http-nio-8080-exec-1] INFO  o.j.modules.system.controller.SysDictController:148 - Result(success=true, message=操作成功！, code=0, result=[DictModel(value=0, text=无效), DictModel(value=1, text=有效)], timestamp=1585397466118)
2020-03-28 20:13:47.770 [http-nio-8080-exec-4] INFO  org.jeecg.modules.shiro.authc.ShiroRealm:60 - ————权限认证 [ roles、permissions]————
2020-03-28 20:13:47.775 [http-nio-8080-exec-4] INFO  org.jeecg.modules.shiro.authc.ShiroRealm:60 - ————权限认证 [ roles、permissions]————
2020-03-28 20:13:47.778 [http-nio-8080-exec-4] INFO  org.jeecg.modules.shiro.authc.ShiroRealm:60 - ————权限认证 [ roles、permissions]————
2020-03-28 20:13:47.781 [http-nio-8080-exec-4] INFO  org.jeecg.modules.shiro.authc.ShiroRealm:60 - ————权限认证 [ roles、permissions]————
2020-03-28 20:13:47.783 [http-nio-8080-exec-4] INFO  org.jeecg.modules.shiro.authc.ShiroRealm:60 - ————权限认证 [ roles、permissions]————
2020-03-28 20:13:47.786 [http-nio-8080-exec-4] INFO  org.jeecg.modules.shiro.authc.ShiroRealm:60 - ————权限认证 [ roles、permissions]————
2020-03-28 20:13:47.791 [http-nio-8080-exec-4] INFO  org.jeecg.common.system.query.QueryGenerator:354 - --查询规则-->exam_id = 1673c7d6cd73df19efaf941f1186ec8e
2020-03-28 20:15:08.551 [http-nio-8080-exec-6] INFO  org.jeecg.common.system.query.QueryGenerator:354 - --查询规则-->session_code = 结核病技能
2020-03-28 20:15:12.840 [http-nio-8080-exec-9] INFO  org.jeecg.common.system.query.QueryGenerator:354 - --查询规则-->session_code = 第一场
2020-03-28 20:16:19.091 [http-nio-8080-exec-10] INFO  org.jeecg.common.system.query.QueryGenerator:354 - --查询规则-->session_name = 药理
2020-03-28 20:17:51.315 [http-nio-8080-exec-4] INFO  org.jeecg.common.system.query.QueryGenerator:354 - --查询规则-->session_code = 第一场
2020-03-28 20:18:49.511 [http-nio-8080-exec-9] INFO  org.jeecg.common.system.query.QueryGenerator:354 - --查询规则-->session_name = 为
2020-03-28 20:20:02.491 [http-nio-8080-exec-7] INFO  org.jeecg.common.system.query.QueryGenerator:354 - --查询规则-->session_name = 药理知识
2020-03-28 20:20:49.218 [http-nio-8080-exec-3] INFO  org.jeecg.common.system.query.QueryGenerator:354 - --查询规则-->session_name = 知识
2020-03-28 20:21:47.395 [http-nio-8080-exec-9] INFO  org.jeecg.common.system.query.QueryGenerator:354 - --查询规则-->session_name = 的大多数
2020-03-28 20:22:02.019 [http-nio-8080-exec-7] INFO  org.jeecg.common.system.query.QueryGenerator:354 - --查询规则-->session_name = 踩踩踩踩踩踩踩踩
2020-03-28 20:27:02.981 [http-nio-8080-exec-7] INFO  org.jeecg.common.system.query.QueryGenerator:354 - --查询规则-->session_name = 顶顶顶顶
2020-03-28 20:36:47.550 [http-nio-8080-exec-5] INFO  org.jeecg.common.system.query.QueryGenerator:354 - --查询规则-->exam_name = 药理知识
2020-03-28 20:37:15.768 [http-nio-8080-exec-9] INFO  org.jeecg.common.system.query.QueryGenerator:354 - --查询规则-->session_name = 药理知识
2020-03-28 20:39:42.192 [http-nio-8080-exec-3] INFO  org.jeecg.common.system.query.QueryGenerator:354 - --查询规则-->session_name = 药理知识
2020-03-28 20:40:19.034 [http-nio-8080-exec-8] INFO  org.jeecg.common.system.query.QueryGenerator:354 - --查询规则-->session_name = 药理知识
2020-03-28 20:41:45.153 [lettuce-nioEventLoop-4-2] INFO  io.lettuce.core.protocol.CommandHandler:219 - [null, java.io.IOException: 远程主机强迫关闭了一个现有的连接。, java.io.IOException: 远程主机强迫关闭了一个现有的连接。] Unexpected exception during request: [null, java.io.IOException: 远程主机强迫关闭了一个现有的连接。, java.io.IOException: 远程主机强迫关闭了一个现有的连接。]
2020-03-28 20:41:45.171 [lettuce-nioEventLoop-4-1] INFO  io.lettuce.core.protocol.CommandHandler:219 - [null, java.io.IOException: 远程主机强迫关闭了一个现有的连接。, java.io.IOException: 远程主机强迫关闭了一个现有的连接。] Unexpected exception during request: [null, java.io.IOException: 远程主机强迫关闭了一个现有的连接。, java.io.IOException: 远程主机强迫关闭了一个现有的连接。]
2020-03-28 20:41:45.371 [lettuce-eventExecutorLoop-1-3] INFO  io.lettuce.core.protocol.ConnectionWatchdog:173 - Reconnecting, last destination was /127.0.0.1:6379
2020-03-28 20:41:45.371 [lettuce-eventExecutorLoop-1-1] INFO  io.lettuce.core.protocol.ConnectionWatchdog:173 - Reconnecting, last destination was /127.0.0.1:6379
2020-03-28 20:41:47.492 [lettuce-nioEventLoop-4-3] WARN  io.lettuce.core.protocol.ConnectionWatchdog:176 - Cannot reconnect: io.netty.channel.AbstractChannel$AnnotatedConnectException: Connection refused: no further information: /127.0.0.1:6379
2020-03-28 20:41:47.492 [lettuce-nioEventLoop-4-4] WARN  io.lettuce.core.protocol.ConnectionWatchdog:176 - Cannot reconnect: io.netty.channel.AbstractChannel$AnnotatedConnectException: Connection refused: no further information: /127.0.0.1:6379
2020-03-28 20:41:51.768 [lettuce-eventExecutorLoop-1-4] INFO  io.lettuce.core.protocol.ConnectionWatchdog:173 - Reconnecting, last destination was 127.0.0.1:6379
2020-03-28 20:41:51.768 [lettuce-eventExecutorLoop-1-2] INFO  io.lettuce.core.protocol.ConnectionWatchdog:173 - Reconnecting, last destination was 127.0.0.1:6379
2020-03-28 20:41:53.771 [lettuce-nioEventLoop-4-1] WARN  io.lettuce.core.protocol.ConnectionWatchdog:176 - Cannot reconnect: io.netty.channel.AbstractChannel$AnnotatedConnectException: Connection refused: no further information: /127.0.0.1:6379
2020-03-28 20:41:53.773 [lettuce-nioEventLoop-4-2] WARN  io.lettuce.core.protocol.ConnectionWatchdog:176 - Cannot reconnect: io.netty.channel.AbstractChannel$AnnotatedConnectException: Connection refused: no further information: /127.0.0.1:6379
2020-03-28 20:41:54.351 [Thread-94] INFO  org.quartz.core.QuartzScheduler:585 - Scheduler quartzScheduler_$_NON_CLUSTERED paused.
2020-03-28 20:41:54.358 [Thread-94] INFO  o.s.scheduling.concurrent.ThreadPoolTaskExecutor:208 - Shutting down ExecutorService 'applicationTaskExecutor'
2020-03-28 20:41:54.363 [Thread-94] INFO  o.s.scheduling.quartz.SchedulerFactoryBean:844 - Shutting down Quartz Scheduler
2020-03-28 20:41:54.363 [Thread-94] INFO  org.quartz.core.QuartzScheduler:666 - Scheduler quartzScheduler_$_NON_CLUSTERED shutting down.
2020-03-28 20:41:54.364 [Thread-94] INFO  org.quartz.core.QuartzScheduler:585 - Scheduler quartzScheduler_$_NON_CLUSTERED paused.
2020-03-28 20:41:54.365 [Thread-94] INFO  org.quartz.core.QuartzScheduler:740 - Scheduler quartzScheduler_$_NON_CLUSTERED shutdown complete.
2020-03-28 20:41:54.369 [Thread-94] INFO  c.b.dynamic.datasource.DynamicRoutingDataSource:175 - closing dynamicDatasource  ing....
2020-03-28 20:41:54.439 [Thread-94] INFO  com.alibaba.druid.pool.DruidDataSource:1825 - {dataSource-1} closed
